 ******* Program HYDRUS
 ******* 
 Welcome to HYDRUS-1D                                                    
 Date:  11.12.2021    Time:  14: 2:47
 Units: L = cm   , T = days , M = ng   

----------------------------------------------------------
 Time       [T]        0.0000
----------------------------------------------------------
 Sub-region num.                     1
----------------------------------------------------------
 Length   [L]        0.10000E+03  0.10000E+03
 W-volume [L]        0.12219E+02  0.12219E+02
 In-flow  [L/T]      0.00000E+00  0.00000E+00
 h Mean   [L]       -0.10000E+03 -0.10000E+03
 ConcVol  [M/L2] 1   0.00000E+00  0.00000E+00
 cMean    [M/L3] 1   0.00000E+00  0.00000E+00
 Top Flux [L/T]     -0.48985E-02
 Bot Flux [L/T]     -0.48985E-02
----------------------------------------------------------

----------------------------------------------------------
 Time       [T]       10.0000
----------------------------------------------------------
 Sub-region num.                     1
----------------------------------------------------------
 Length   [L]        0.10000E+03  0.10000E+03
 W-volume [L]        0.13640E+02  0.13640E+02
 In-flow  [L/T]      0.14210E+00  0.14210E+00
 h Mean   [L]       -0.83048E+02 -0.83048E+02
 ConcVol  [M/L2] 1   0.14699E+03  0.14699E+03
 cMean    [M/L3] 1   0.37579E+00  0.37579E+00
 Top Flux [L/T]     -0.14661E+00
 Bot Flux [L/T]     -0.48985E-02
 WatBalT  [L]        0.73910E-05
 WatBalR  [%]              0.000
 CncBalT  [M]    1  -0.70038E-02
 CncBalR  [%]    1         0.005
----------------------------------------------------------

----------------------------------------------------------
 Time       [T]       20.0000
----------------------------------------------------------
 Sub-region num.                     1
----------------------------------------------------------
 Length   [L]        0.10000E+03  0.10000E+03
 W-volume [L]        0.15061E+02  0.15061E+02
 In-flow  [L/T]      0.14206E+00  0.14206E+00
 h Mean   [L]       -0.68307E+02 -0.68307E+02
 ConcVol  [M/L2] 1   0.29399E+03  0.29399E+03
 cMean    [M/L3] 1   0.75004E+00  0.75004E+00
 Top Flux [L/T]     -0.14693E+00
 Bot Flux [L/T]     -0.49569E-02
 WatBalT  [L]        0.42915E-05
 WatBalR  [%]              0.000
 CncBalT  [M]    1  -0.71716E-02
 CncBalR  [%]    1         0.002
----------------------------------------------------------

----------------------------------------------------------
 Time       [T]       30.0000
----------------------------------------------------------
 Sub-region num.                     1
----------------------------------------------------------
 Length   [L]        0.10000E+03  0.10000E+03
 W-volume [L]        0.16468E+02  0.16468E+02
 In-flow  [L/T]      0.13769E+00  0.13769E+00
 h Mean   [L]       -0.54490E+02 -0.54490E+02
 ConcVol  [M/L2] 1   0.44116E+03  0.44116E+03
 cMean    [M/L3] 1   0.11244E+01  0.11244E+01
 Top Flux [L/T]     -0.14698E+00
 Bot Flux [L/T]     -0.10216E-01
 WatBalT  [L]        0.95367E-05
 WatBalR  [%]              0.000
 CncBalT  [M]    1   0.16251E+00
 CncBalR  [%]    1         0.037
----------------------------------------------------------

----------------------------------------------------------
 Time       [T]       40.0000
----------------------------------------------------------
 Sub-region num.                     1
----------------------------------------------------------
 Length   [L]        0.10000E+03  0.10000E+03
 W-volume [L]        0.17571E+02  0.17571E+02
 In-flow  [L/T]      0.79101E-01  0.79101E-01
 h Mean   [L]       -0.46035E+02 -0.46035E+02
 ConcVol  [M/L2] 1   0.58932E+03  0.58932E+03
 cMean    [M/L3] 1   0.15006E+01  0.15006E+01
 Top Flux [L/T]     -0.14699E+00
 Bot Flux [L/T]     -0.69436E-01
 WatBalT  [L]        0.85831E-05
 WatBalR  [%]              0.000
 CncBalT  [M]    1   0.14944E+01
 CncBalR  [%]    1         0.254
----------------------------------------------------------

----------------------------------------------------------
 Time       [T]       50.0000
----------------------------------------------------------
 Sub-region num.                     1
----------------------------------------------------------
 Length   [L]        0.10000E+03  0.10000E+03
 W-volume [L]        0.17945E+02  0.17945E+02
 In-flow  [L/T]      0.15149E-01  0.15149E-01
 h Mean   [L]       -0.44111E+02 -0.44111E+02
 ConcVol  [M/L2] 1   0.73621E+03  0.73621E+03
 cMean    [M/L3] 1   0.18735E+01  0.18735E+01
 Top Flux [L/T]     -0.14700E+00
 Bot Flux [L/T]     -0.13212E+00
 WatBalT  [L]        0.81062E-05
 WatBalR  [%]              0.000
 CncBalT  [M]    1   0.24755E+01
 CncBalR  [%]    1         0.336
----------------------------------------------------------

----------------------------------------------------------
 Time       [T]       60.0000
----------------------------------------------------------
 Sub-region num.                     1
----------------------------------------------------------
 Length   [L]        0.10000E+03  0.10000E+03
 W-volume [L]        0.18004E+02  0.18004E+02
 In-flow  [L/T]      0.31052E-02  0.31052E-02
 h Mean   [L]       -0.43833E+02 -0.43833E+02
 ConcVol  [M/L2] 1   0.88194E+03  0.88194E+03
 cMean    [M/L3] 1   0.22441E+01  0.22441E+01
 Top Flux [L/T]     -0.14699E+00
 Bot Flux [L/T]     -0.14396E+00
 WatBalT  [L]        0.90599E-05
 WatBalR  [%]              0.000
 CncBalT  [M]    1   0.32798E+01
 CncBalR  [%]    1         0.370
----------------------------------------------------------

----------------------------------------------------------
 Time       [T]       70.0000
----------------------------------------------------------
 Sub-region num.                     1
----------------------------------------------------------
 Length   [L]        0.10000E+03  0.10000E+03
 W-volume [L]        0.18012E+02  0.18012E+02
 In-flow  [L/T]     -0.51227E-03 -0.51227E-03
 h Mean   [L]       -0.43804E+02 -0.43804E+02
 ConcVol  [M/L2] 1   0.10270E+04  0.10270E+04
 cMean    [M/L3] 1   0.26131E+01  0.26131E+01
 Top Flux [L/T]     -0.14698E+00
 Bot Flux [L/T]     -0.14752E+00
 WatBalT  [L]        0.76294E-05
 WatBalR  [%]              0.000
 CncBalT  [M]    1   0.40385E+01
 CncBalR  [%]    1         0.390
----------------------------------------------------------

----------------------------------------------------------
 Time       [T]       80.0000
----------------------------------------------------------
 Sub-region num.                     1
----------------------------------------------------------
 Length   [L]        0.10000E+03  0.10000E+03
 W-volume [L]        0.18013E+02  0.18013E+02
 In-flow  [L/T]      0.94724E-03  0.94724E-03
 h Mean   [L]       -0.43788E+02 -0.43788E+02
 ConcVol  [M/L2] 1   0.11714E+04  0.11714E+04
 cMean    [M/L3] 1   0.29805E+01  0.29805E+01
 Top Flux [L/T]     -0.14701E+00
 Bot Flux [L/T]     -0.14605E+00
 WatBalT  [L]        0.38147E-05
 WatBalR  [%]              0.000
 CncBalT  [M]    1   0.47754E+01
 CncBalR  [%]    1         0.403
----------------------------------------------------------

----------------------------------------------------------
 Time       [T]       90.0000
----------------------------------------------------------
 Sub-region num.                     1
----------------------------------------------------------
 Length   [L]        0.10000E+03  0.10000E+03
 W-volume [L]        0.18016E+02  0.18016E+02
 In-flow  [L/T]      0.91841E-03  0.91841E-03
 h Mean   [L]       -0.43774E+02 -0.43774E+02
 ConcVol  [M/L2] 1   0.13152E+04  0.13152E+04
 cMean    [M/L3] 1   0.33466E+01  0.33466E+01
 Top Flux [L/T]     -0.14699E+00
 Bot Flux [L/T]     -0.14609E+00
 WatBalT  [L]        0.14305E-05
 WatBalR  [%]              0.000
 CncBalT  [M]    1   0.54993E+01
 CncBalR  [%]    1         0.412
----------------------------------------------------------

----------------------------------------------------------
 Time       [T]      200.0000
----------------------------------------------------------
 Sub-region num.                     1
----------------------------------------------------------
 Length   [L]        0.10000E+03  0.10000E+03
 W-volume [L]        0.18012E+02  0.18012E+02
 In-flow  [L/T]     -0.12687E-04 -0.12687E-04
 h Mean   [L]       -0.43795E+02 -0.43795E+02
 ConcVol  [M/L2] 1   0.14063E+04  0.14063E+04
 cMean    [M/L3] 1   0.35783E+01  0.35783E+01
 Top Flux [L/T]     -0.14700E+00
 Bot Flux [L/T]     -0.14701E+00
 WatBalT  [L]       -0.14305E-05
 WatBalR  [%]              0.000
 CncBalT  [M]    1   0.70510E+01
 CncBalR  [%]    1         0.458
----------------------------------------------------------
 
 Calculation time [sec]  6.000000238418579E-002
