 ******* Program HYDRUS
 ******* 
 Welcome to HYDRUS-1D                                                    
 Date:  11.12.2021    Time:  16:14:31
 Units: L = m    , T = days , M = ng   
 
 CosAlf,MaxIt,TolTh,  TolH
 1.000   10   0.001 0.01000
 
 TopInF,BotInF,AtmBC,SinkF,WLayer,qGWLF,FreeD,SeepF,lWat,lChem,lTemp,lRoot,lWDep
     F     F     F     F     F     F     T     F     T     T     F     F     F

Nodal point information

node      x         hOld    MatN LayN  Beta      Ah       AK      ATh     Temp    Conc(1...NS)         Sorb(1...NS)

   1      0.000   -100.000    1    1   0.000    1.000    1.000    1.000   20.00  0.0000E+00
   2     -1.000   -100.000    1    1   0.000    1.000    1.000    1.000   20.00  0.0000E+00
   3     -2.000   -100.000    1    1   0.000    1.000    1.000    1.000   20.00  0.0000E+00
   4     -3.000   -100.000    1    1   0.000    1.000    1.000    1.000   20.00  0.0000E+00
   5     -4.000   -100.000    1    1   0.000    1.000    1.000    1.000   20.00  0.0000E+00
   6     -5.000   -100.000    1    1   0.000    1.000    1.000    1.000   20.00  0.0000E+00
   7     -6.000   -100.000    1    1   0.000    1.000    1.000    1.000   20.00  0.0000E+00
   8     -7.000   -100.000    1    1   0.000    1.000    1.000    1.000   20.00  0.0000E+00
   9     -8.000   -100.000    1    1   0.000    1.000    1.000    1.000   20.00  0.0000E+00
  10     -9.000   -100.000    1    1   0.000    1.000    1.000    1.000   20.00  0.0000E+00
  11    -10.000   -100.000    1    1   0.000    1.000    1.000    1.000   20.00  0.0000E+00
  12    -11.000   -100.000    1    1   0.000    1.000    1.000    1.000   20.00  0.0000E+00
  13    -12.000   -100.000    1    1   0.000    1.000    1.000    1.000   20.00  0.0000E+00
  14    -13.000   -100.000    1    1   0.000    1.000    1.000    1.000   20.00  0.0000E+00
  15    -14.000   -100.000    1    1   0.000    1.000    1.000    1.000   20.00  0.0000E+00
  16    -15.000   -100.000    1    1   0.000    1.000    1.000    1.000   20.00  0.0000E+00
  17    -16.000   -100.000    1    1   0.000    1.000    1.000    1.000   20.00  0.0000E+00
  18    -17.000   -100.000    1    1   0.000    1.000    1.000    1.000   20.00  0.0000E+00
  19    -18.000   -100.000    1    1   0.000    1.000    1.000    1.000   20.00  0.0000E+00
  20    -19.000   -100.000    1    1   0.000    1.000    1.000    1.000   20.00  0.0000E+00
  21    -20.000   -100.000    1    1   0.000    1.000    1.000    1.000   20.00  0.0000E+00
  22    -21.000   -100.000    1    1   0.000    1.000    1.000    1.000   20.00  0.0000E+00
  23    -22.000   -100.000    1    1   0.000    1.000    1.000    1.000   20.00  0.0000E+00
  24    -23.000   -100.000    1    1   0.000    1.000    1.000    1.000   20.00  0.0000E+00
  25    -24.000   -100.000    1    1   0.000    1.000    1.000    1.000   20.00  0.0000E+00
  26    -25.000   -100.000    1    1   0.000    1.000    1.000    1.000   20.00  0.0000E+00
  27    -26.000   -100.000    1    1   0.000    1.000    1.000    1.000   20.00  0.0000E+00
  28    -27.000   -100.000    1    1   0.000    1.000    1.000    1.000   20.00  0.0000E+00
  29    -28.000   -100.000    1    1   0.000    1.000    1.000    1.000   20.00  0.0000E+00
  30    -29.000   -100.000    1    1   0.000    1.000    1.000    1.000   20.00  0.0000E+00
  31    -30.000   -100.000    1    1   0.000    1.000    1.000    1.000   20.00  0.0000E+00
  32    -31.000   -100.000    1    1   0.000    1.000    1.000    1.000   20.00  0.0000E+00
  33    -32.000   -100.000    1    1   0.000    1.000    1.000    1.000   20.00  0.0000E+00
  34    -33.000   -100.000    1    1   0.000    1.000    1.000    1.000   20.00  0.0000E+00
  35    -34.000   -100.000    1    1   0.000    1.000    1.000    1.000   20.00  0.0000E+00
  36    -35.000   -100.000    1    1   0.000    1.000    1.000    1.000   20.00  0.0000E+00
  37    -36.000   -100.000    1    1   0.000    1.000    1.000    1.000   20.00  0.0000E+00
  38    -37.000   -100.000    1    1   0.000    1.000    1.000    1.000   20.00  0.0000E+00
  39    -38.000   -100.000    1    1   0.000    1.000    1.000    1.000   20.00  0.0000E+00
  40    -39.000   -100.000    1    1   0.000    1.000    1.000    1.000   20.00  0.0000E+00
  41    -40.000   -100.000    1    1   0.000    1.000    1.000    1.000   20.00  0.0000E+00
  42    -41.000   -100.000    1    1   0.000    1.000    1.000    1.000   20.00  0.0000E+00
  43    -42.000   -100.000    1    1   0.000    1.000    1.000    1.000   20.00  0.0000E+00
  44    -43.000   -100.000    1    1   0.000    1.000    1.000    1.000   20.00  0.0000E+00
  45    -44.000   -100.000    1    1   0.000    1.000    1.000    1.000   20.00  0.0000E+00
  46    -45.000   -100.000    1    1   0.000    1.000    1.000    1.000   20.00  0.0000E+00
  47    -46.000   -100.000    1    1   0.000    1.000    1.000    1.000   20.00  0.0000E+00
  48    -47.000   -100.000    1    1   0.000    1.000    1.000    1.000   20.00  0.0000E+00
  49    -48.000   -100.000    1    1   0.000    1.000    1.000    1.000   20.00  0.0000E+00
  50    -49.000   -100.000    1    1   0.000    1.000    1.000    1.000   20.00  0.0000E+00
  51    -50.000   -100.000    1    1   0.000    1.000    1.000    1.000   20.00  0.0000E+00
  52    -51.000   -100.000    1    1   0.000    1.000    1.000    1.000   20.00  0.0000E+00
  53    -52.000   -100.000    1    1   0.000    1.000    1.000    1.000   20.00  0.0000E+00
  54    -53.000   -100.000    1    1   0.000    1.000    1.000    1.000   20.00  0.0000E+00
  55    -54.000   -100.000    1    1   0.000    1.000    1.000    1.000   20.00  0.0000E+00
  56    -55.000   -100.000    1    1   0.000    1.000    1.000    1.000   20.00  0.0000E+00
  57    -56.000   -100.000    1    1   0.000    1.000    1.000    1.000   20.00  0.0000E+00
  58    -57.000   -100.000    1    1   0.000    1.000    1.000    1.000   20.00  0.0000E+00
  59    -58.000   -100.000    1    1   0.000    1.000    1.000    1.000   20.00  0.0000E+00
  60    -59.000   -100.000    1    1   0.000    1.000    1.000    1.000   20.00  0.0000E+00
  61    -60.000   -100.000    1    1   0.000    1.000    1.000    1.000   20.00  0.0000E+00
  62    -61.000   -100.000    1    1   0.000    1.000    1.000    1.000   20.00  0.0000E+00
  63    -62.000   -100.000    1    1   0.000    1.000    1.000    1.000   20.00  0.0000E+00
  64    -63.000   -100.000    1    1   0.000    1.000    1.000    1.000   20.00  0.0000E+00
  65    -64.000   -100.000    1    1   0.000    1.000    1.000    1.000   20.00  0.0000E+00
  66    -65.000   -100.000    1    1   0.000    1.000    1.000    1.000   20.00  0.0000E+00
  67    -66.000   -100.000    1    1   0.000    1.000    1.000    1.000   20.00  0.0000E+00
  68    -67.000   -100.000    1    1   0.000    1.000    1.000    1.000   20.00  0.0000E+00
  69    -68.000   -100.000    1    1   0.000    1.000    1.000    1.000   20.00  0.0000E+00
  70    -69.000   -100.000    1    1   0.000    1.000    1.000    1.000   20.00  0.0000E+00
  71    -70.000   -100.000    1    1   0.000    1.000    1.000    1.000   20.00  0.0000E+00
  72    -71.000   -100.000    1    1   0.000    1.000    1.000    1.000   20.00  0.0000E+00
  73    -72.000   -100.000    1    1   0.000    1.000    1.000    1.000   20.00  0.0000E+00
  74    -73.000   -100.000    1    1   0.000    1.000    1.000    1.000   20.00  0.0000E+00
  75    -74.000   -100.000    1    1   0.000    1.000    1.000    1.000   20.00  0.0000E+00
  76    -75.000   -100.000    1    1   0.000    1.000    1.000    1.000   20.00  0.0000E+00
  77    -76.000   -100.000    1    1   0.000    1.000    1.000    1.000   20.00  0.0000E+00
  78    -77.000   -100.000    1    1   0.000    1.000    1.000    1.000   20.00  0.0000E+00
  79    -78.000   -100.000    1    1   0.000    1.000    1.000    1.000   20.00  0.0000E+00
  80    -79.000   -100.000    1    1   0.000    1.000    1.000    1.000   20.00  0.0000E+00
  81    -80.000   -100.000    1    1   0.000    1.000    1.000    1.000   20.00  0.0000E+00
  82    -81.000   -100.000    1    1   0.000    1.000    1.000    1.000   20.00  0.0000E+00
  83    -82.000   -100.000    1    1   0.000    1.000    1.000    1.000   20.00  0.0000E+00
  84    -83.000   -100.000    1    1   0.000    1.000    1.000    1.000   20.00  0.0000E+00
  85    -84.000   -100.000    1    1   0.000    1.000    1.000    1.000   20.00  0.0000E+00
  86    -85.000   -100.000    1    1   0.000    1.000    1.000    1.000   20.00  0.0000E+00
  87    -86.000   -100.000    1    1   0.000    1.000    1.000    1.000   20.00  0.0000E+00
  88    -87.000   -100.000    1    1   0.000    1.000    1.000    1.000   20.00  0.0000E+00
  89    -88.000   -100.000    1    1   0.000    1.000    1.000    1.000   20.00  0.0000E+00
  90    -89.000   -100.000    1    1   0.000    1.000    1.000    1.000   20.00  0.0000E+00
  91    -90.000   -100.000    1    1   0.000    1.000    1.000    1.000   20.00  0.0000E+00
  92    -91.000   -100.000    1    1   0.000    1.000    1.000    1.000   20.00  0.0000E+00
  93    -92.000   -100.000    1    1   0.000    1.000    1.000    1.000   20.00  0.0000E+00
  94    -93.000   -100.000    1    1   0.000    1.000    1.000    1.000   20.00  0.0000E+00
  95    -94.000   -100.000    1    1   0.000    1.000    1.000    1.000   20.00  0.0000E+00
  96    -95.000   -100.000    1    1   0.000    1.000    1.000    1.000   20.00  0.0000E+00
  97    -96.000   -100.000    1    1   0.000    1.000    1.000    1.000   20.00  0.0000E+00
  98    -97.000   -100.000    1    1   0.000    1.000    1.000    1.000   20.00  0.0000E+00
  99    -98.000   -100.000    1    1   0.000    1.000    1.000    1.000   20.00  0.0000E+00
 100    -99.000   -100.000    1    1   0.000    1.000    1.000    1.000   20.00  0.0000E+00
 101   -100.000   -100.000    1    1   0.000    1.000    1.000    1.000   20.00  0.0000E+00
end

 Number of species in the chain :   1


MatNum, Param. array:

   Mat     Qr     Qs        Alfa         n          Ks      l

    1    0.065  0.410   0.750E+01   0.189E+01   0.106E+01  0.500

       Table of Hydraulic Properties which are interpolated in simulation
       =================================================================

  theta         h        log h        C             K        log K          S          Kv
 
  0.4100  -0.100E-07 -0.8000E+01  0.1050E-05  0.1061E+01  0.2571E-01    1.0000  0.0000E+00
  0.4100  -0.126E-07 -0.7899E+01  0.1291E-05  0.1061E+01  0.2571E-01    1.0000  0.0000E+00
  0.4100  -0.159E-07 -0.7798E+01  0.1588E-05  0.1061E+01  0.2571E-01    1.0000  0.0000E+00
  0.4100  -0.201E-07 -0.7697E+01  0.1953E-05  0.1061E+01  0.2571E-01    1.0000  0.0000E+00
  0.4100  -0.254E-07 -0.7596E+01  0.2403E-05  0.1061E+01  0.2571E-01    1.0000  0.0000E+00
  0.4100  -0.320E-07 -0.7495E+01  0.2955E-05  0.1061E+01  0.2571E-01    1.0000  0.0000E+00
  0.4100  -0.404E-07 -0.7394E+01  0.3635E-05  0.1061E+01  0.2571E-01    1.0000  0.0000E+00
  0.4100  -0.509E-07 -0.7293E+01  0.4471E-05  0.1061E+01  0.2571E-01    1.0000  0.0000E+00
  0.4100  -0.643E-07 -0.7192E+01  0.5499E-05  0.1061E+01  0.2571E-01    1.0000  0.0000E+00
  0.4100  -0.811E-07 -0.7091E+01  0.6763E-05  0.1061E+01  0.2571E-01    1.0000  0.0000E+00
  0.4100  -0.102E-06 -0.6990E+01  0.8319E-05  0.1061E+01  0.2571E-01    1.0000  0.0000E+00
  0.4100  -0.129E-06 -0.6889E+01  0.1023E-04  0.1061E+01  0.2571E-01    1.0000  0.0000E+00
  0.4100  -0.163E-06 -0.6788E+01  0.1259E-04  0.1061E+01  0.2571E-01    1.0000  0.0000E+00
  0.4100  -0.206E-06 -0.6687E+01  0.1548E-04  0.1061E+01  0.2571E-01    1.0000  0.0000E+00
  0.4100  -0.260E-06 -0.6586E+01  0.1904E-04  0.1061E+01  0.2571E-01    1.0000  0.0000E+00
  0.4100  -0.327E-06 -0.6485E+01  0.2342E-04  0.1061E+01  0.2571E-01    1.0000  0.0000E+00
  0.4100  -0.413E-06 -0.6384E+01  0.2880E-04  0.1061E+01  0.2570E-01    1.0000  0.0000E+00
  0.4100  -0.521E-06 -0.6283E+01  0.3543E-04  0.1061E+01  0.2570E-01    1.0000  0.0000E+00
  0.4100  -0.658E-06 -0.6182E+01  0.4358E-04  0.1061E+01  0.2570E-01    1.0000  0.0000E+00
  0.4100  -0.830E-06 -0.6081E+01  0.5360E-04  0.1061E+01  0.2570E-01    1.0000  0.0000E+00
  0.4100  -0.105E-05 -0.5980E+01  0.6593E-04  0.1061E+01  0.2569E-01    1.0000  0.0000E+00
  0.4100  -0.132E-05 -0.5879E+01  0.8109E-04  0.1061E+01  0.2568E-01    1.0000  0.0000E+00
  0.4100  -0.167E-05 -0.5778E+01  0.9974E-04  0.1061E+01  0.2568E-01    1.0000  0.0000E+00
  0.4100  -0.210E-05 -0.5677E+01  0.1227E-03  0.1061E+01  0.2567E-01    1.0000  0.0000E+00
  0.4100  -0.266E-05 -0.5576E+01  0.1509E-03  0.1061E+01  0.2566E-01    1.0000  0.0000E+00
  0.4100  -0.335E-05 -0.5475E+01  0.1856E-03  0.1061E+01  0.2565E-01    1.0000  0.0000E+00
  0.4100  -0.423E-05 -0.5374E+01  0.2283E-03  0.1061E+01  0.2563E-01    1.0000  0.0000E+00
  0.4100  -0.534E-05 -0.5273E+01  0.2808E-03  0.1061E+01  0.2561E-01    1.0000  0.0000E+00
  0.4100  -0.673E-05 -0.5172E+01  0.3453E-03  0.1061E+01  0.2559E-01    1.0000  0.0000E+00
  0.4100  -0.850E-05 -0.5071E+01  0.4248E-03  0.1061E+01  0.2556E-01    1.0000  0.0000E+00
  0.4100  -0.107E-04 -0.4970E+01  0.5224E-03  0.1061E+01  0.2552E-01    1.0000  0.0000E+00
  0.4100  -0.135E-04 -0.4869E+01  0.6426E-03  0.1060E+01  0.2547E-01    1.0000  0.0000E+00
  0.4100  -0.171E-04 -0.4768E+01  0.7904E-03  0.1060E+01  0.2542E-01    1.0000  0.0000E+00
  0.4100  -0.215E-04 -0.4667E+01  0.9722E-03  0.1060E+01  0.2535E-01    1.0000  0.0000E+00
  0.4100  -0.272E-04 -0.4566E+01  0.1196E-02  0.1060E+01  0.2526E-01    1.0000  0.1293E-32
  0.4100  -0.343E-04 -0.4465E+01  0.1471E-02  0.1060E+01  0.2516E-01    1.0000  0.1293E-32
  0.4100  -0.433E-04 -0.4364E+01  0.1809E-02  0.1059E+01  0.2503E-01    1.0000  0.1293E-32
  0.4100  -0.546E-04 -0.4263E+01  0.2225E-02  0.1059E+01  0.2488E-01    1.0000  0.1304E-31
  0.4100  -0.689E-04 -0.4162E+01  0.2737E-02  0.1058E+01  0.2468E-01    1.0000  0.5036E-31
  0.4100  -0.870E-04 -0.4061E+01  0.3366E-02  0.1058E+01  0.2444E-01    1.0000  0.2764E-30
  0.4100  -0.110E-03 -0.3960E+01  0.4140E-02  0.1057E+01  0.2415E-01    1.0000  0.1324E-29
  0.4100  -0.138E-03 -0.3859E+01  0.5093E-02  0.1056E+01  0.2379E-01    1.0000  0.6681E-29
  0.4100  -0.175E-03 -0.3758E+01  0.6264E-02  0.1055E+01  0.2335E-01    1.0000  0.2367E-28
  0.4100  -0.221E-03 -0.3657E+01  0.7704E-02  0.1054E+01  0.2280E-01    1.0000  0.1085E-27
  0.4100  -0.278E-03 -0.3556E+01  0.9476E-02  0.1052E+01  0.2213E-01    1.0000  0.4846E-27
  0.4100  -0.351E-03 -0.3455E+01  0.1166E-01  0.1050E+01  0.2131E-01    1.0000  0.2103E-26
  0.4100  -0.443E-03 -0.3354E+01  0.1434E-01  0.1048E+01  0.2029E-01    1.0000  0.9022E-26
  0.4100  -0.559E-03 -0.3253E+01  0.1763E-01  0.1045E+01  0.1904E-01    1.0000  0.3877E-25
  0.4100  -0.705E-03 -0.3152E+01  0.2169E-01  0.1041E+01  0.1749E-01    1.0000  0.1686E-24
  0.4100  -0.890E-03 -0.3051E+01  0.2667E-01  0.1037E+01  0.1559E-01    1.0000  0.7290E-24
  0.4100  -0.112E-02 -0.2949E+01  0.3281E-01  0.1031E+01  0.1324E-01    0.9999  0.3140E-23
  0.4100  -0.142E-02 -0.2848E+01  0.4035E-01  0.1024E+01  0.1034E-01    0.9999  0.1359E-22
  0.4100  -0.179E-02 -0.2747E+01  0.4962E-01  0.1016E+01  0.6761E-02    0.9999  0.5891E-22
  0.4099  -0.226E-02 -0.2646E+01  0.6101E-01  0.1005E+01  0.2335E-02    0.9998  0.2550E-21
  0.4099  -0.285E-02 -0.2545E+01  0.7502E-01  0.9928E+00 -0.3143E-02    0.9997  0.1103E-20
  0.4098  -0.359E-02 -0.2444E+01  0.9222E-01  0.9774E+00 -0.9933E-02    0.9995  0.4770E-20
  0.4097  -0.453E-02 -0.2343E+01  0.1133E+00  0.9586E+00 -0.1836E-01    0.9992  0.2062E-19
  0.4096  -0.572E-02 -0.2242E+01  0.1392E+00  0.9357E+00 -0.2885E-01    0.9988  0.8902E-19
  0.4093  -0.722E-02 -0.2141E+01  0.1709E+00  0.9079E+00 -0.4194E-01    0.9981  0.3841E-18
  0.4090  -0.911E-02 -0.2040E+01  0.2095E+00  0.8744E+00 -0.5830E-01    0.9971  0.1653E-17
  0.4084  -0.115E-01 -0.1939E+01  0.2563E+00  0.8340E+00 -0.7884E-01    0.9954  0.7097E-17
  0.4076  -0.145E-01 -0.1838E+01  0.3128E+00  0.7858E+00 -0.1047E+00    0.9930  0.3032E-16
  0.4063  -0.183E-01 -0.1737E+01  0.3802E+00  0.7288E+00 -0.1374E+00    0.9891  0.1286E-15
  0.4042  -0.231E-01 -0.1636E+01  0.4591E+00  0.6623E+00 -0.1790E+00    0.9833  0.5399E-15
  0.4012  -0.292E-01 -0.1535E+01  0.5489E+00  0.5863E+00 -0.2319E+00    0.9745  0.2229E-14
  0.3966  -0.368E-01 -0.1434E+01  0.6469E+00  0.5017E+00 -0.2996E+00    0.9612  0.8982E-14
  0.3899  -0.464E-01 -0.1333E+01  0.7463E+00  0.4110E+00 -0.3861E+00    0.9417  0.3491E-13
  0.3802  -0.586E-01 -0.1232E+01  0.8354E+00  0.3188E+00 -0.4965E+00    0.9137  0.1289E-12
  0.3669  -0.739E-01 -0.1131E+01  0.8976E+00  0.2310E+00 -0.6364E+00    0.8750  0.4432E-12
  0.3492  -0.933E-01 -0.1030E+01  0.9148E+00  0.1546E+00 -0.8109E+00    0.8239  0.1389E-11
  0.3273  -0.118E+00 -0.9293E+00  0.8753E+00  0.9456E-01 -0.1024E+01    0.7603  0.3885E-11
  0.3017  -0.148E+00 -0.8283E+00  0.7813E+00  0.5271E-01 -0.1278E+01    0.6861  0.9543E-11
  0.2739  -0.187E+00 -0.7273E+00  0.6503E+00  0.2686E-01 -0.1571E+01    0.6055  0.2044E-10
  0.2456  -0.236E+00 -0.6263E+00  0.5078E+00  0.1264E-01 -0.1898E+01    0.5235  0.3835E-10
  0.2185  -0.298E+00 -0.5253E+00  0.3759E+00  0.5575E-02 -0.2254E+01    0.4449  0.6378E-10
  0.1937  -0.376E+00 -0.4242E+00  0.2668E+00  0.2338E-02 -0.2631E+01    0.3731  0.9568E-10
  0.1719  -0.475E+00 -0.3232E+00  0.1836E+00  0.9454E-03 -0.3024E+01    0.3098  0.1318E-09
  0.1531  -0.599E+00 -0.2222E+00  0.1236E+00  0.3726E-03 -0.3429E+01    0.2555  0.1697E-09
  0.1373  -0.756E+00 -0.1212E+00  0.8202E-01  0.1443E-03 -0.3841E+01    0.2097  0.2071E-09
  0.1242  -0.955E+00 -0.2020E-01  0.5386E-01  0.5521E-04 -0.4258E+01    0.1715  0.2424E-09
  0.1133  -0.120E+01  0.8081E-01  0.3514E-01  0.2097E-04 -0.4678E+01    0.1400  0.2745E-09
  0.1044  -0.152E+01  0.1818E+00  0.2282E-01  0.7922E-05 -0.5101E+01    0.1141  0.3030E-09
  0.0971  -0.192E+01  0.2828E+00  0.1478E-01  0.2983E-05 -0.5525E+01    0.0929  0.3278E-09
  0.0911  -0.242E+01  0.3838E+00  0.9556E-02  0.1121E-05 -0.5950E+01    0.0756  0.3491E-09
  0.0862  -0.305E+01  0.4848E+00  0.6171E-02  0.4207E-06 -0.6376E+01    0.0615  0.3672E-09
  0.0823  -0.385E+01  0.5859E+00  0.3981E-02  0.1577E-06 -0.6802E+01    0.0501  0.3824E-09
  0.0790  -0.486E+01  0.6869E+00  0.2567E-02  0.5910E-07 -0.7228E+01    0.0407  0.3950E-09
  0.0764  -0.614E+01  0.7879E+00  0.1655E-02  0.2214E-07 -0.7655E+01    0.0331  0.4055E-09
  0.0743  -0.774E+01  0.8889E+00  0.1067E-02  0.8290E-08 -0.8081E+01    0.0269  0.4142E-09
  0.0725  -0.977E+01  0.9899E+00  0.6876E-03  0.3104E-08 -0.8508E+01    0.0219  0.4213E-09
  0.0711  -0.123E+02  0.1091E+01  0.4431E-03  0.1162E-08 -0.8935E+01    0.0178  0.4271E-09
  0.0700  -0.156E+02  0.1192E+01  0.2855E-03  0.4350E-09 -0.9362E+01    0.0145  0.4319E-09
  0.0691  -0.196E+02  0.1293E+01  0.1840E-03  0.1628E-09 -0.9788E+01    0.0118  0.4357E-09
  0.0683  -0.248E+02  0.1394E+01  0.1185E-03  0.6095E-10 -0.1021E+02    0.0096  0.4388E-09
  0.0677  -0.313E+02  0.1495E+01  0.7637E-04  0.2282E-10 -0.1064E+02    0.0078  0.4412E-09
  0.0672  -0.394E+02  0.1596E+01  0.4921E-04  0.8541E-11 -0.1107E+02    0.0063  0.4431E-09
  0.0668  -0.498E+02  0.1697E+01  0.3170E-04  0.3197E-11 -0.1150E+02    0.0051  0.4445E-09
  0.0664  -0.628E+02  0.1798E+01  0.2043E-04  0.1197E-11 -0.1192E+02    0.0042  0.4455E-09
  0.0662  -0.792E+02  0.1899E+01  0.1316E-04  0.4479E-12 -0.1235E+02    0.0034  0.4462E-09
  0.0660  -0.100E+03  0.2000E+01  0.8480E-05  0.1677E-12 -0.1278E+02    0.0028  0.4464E-09
end


 Solute transport information
 ============================

 Galerkin finite-element method


 lTDep     lWDep     cTolA     cTolR   MaxItC
  F        0    0.000E+00    0.0000      1


 Mat.     Bulk.D.    DispL    Fraction  Immobile WC
  1       1.5000   30.0000    1.0000    0.0000

    Dif.w.      Dif.g.   -------------------------------------------------- ( 1.solute)
  0.0000E+00  0.0000E+00
 Mat.     KS         Nu         Beta      Henry  SinkL1     SinkS1     SinkG1     SinkL1`    SinkS1`    SinkG1`  SinkL0     SinkS0     SinkG0      Alfa
   1 0.2500E+01 0.0000E+00 0.1000E+01 0.0000E+00 0.0000E+00 0.0000E+00 0.0000E+00 0.0000E+00 0.0000E+00 0.0000E+00 0.0000E+00 0.0000E+00 0.0000E+00 0.0000E+00

 No adsorption or linear adsorp. isotherm for material  1

 kTopCh      cTop(1...NS)
  -1        0.100E+03

 kBotCh      cBot(1...NS)
   0        0.000E+00

 tPulse =           200.000
