 ******* Program HYDRUS
 ******* 
 Welcome to HYDRUS-1D                                                    
 Date:  11.12.2021    Time:  16:14:31
 Units: L = m    , T = days , M = ng   


    TLevel      Time           dt     ItrW ItrC    ItCum  KodT  KodB Converg  Peclet   Courant

        1  0.1000000E-02  0.10000E-02    2    1        2    -1    -5     T     0.033     0.000
        2  0.2300000E-02  0.13000E-02    2    1        4    -1    -5     T     0.033     0.000
        3  0.3990000E-02  0.16900E-02    2    1        6    -1    -5     T     0.033     0.000
        4  0.6187000E-02  0.21970E-02    2    1        8    -1    -5     T     0.033     0.000
        5  0.9043100E-02  0.28561E-02    2    1       10    -1    -5     T     0.033     0.000
        6  0.1275603E-01  0.37129E-02    3    1       13    -1    -5     T     0.033     0.000
        7  0.1758284E-01  0.48268E-02    3    1       16    -1    -5     T     0.033     0.000
        8  0.2385769E-01  0.62749E-02    3    1       19    -1    -5     T     0.033     0.000
        9  0.3201499E-01  0.81573E-02    3    1       22    -1    -5     T     0.033     0.000
       10  0.4261949E-01  0.10604E-01    3    1       25    -1    -5     T     0.033     0.000
       11  0.5640534E-01  0.13786E-01    3    1       28    -1    -5     T     0.033     0.000
       12  0.7432693E-01  0.17922E-01    3    1       31    -1    -5     T     0.033     0.000
       13  0.9762501E-01  0.23298E-01    3    1       34    -1    -5     T     0.033     0.001
       14  0.1279125E+00  0.30287E-01    3    1       37    -1    -5     T     0.033     0.001
       15  0.1672863E+00  0.39374E-01    5    1       42    -1    -5     T     0.033     0.001
       16  0.2066600E+00  0.39374E-01    4    1       46    -1    -5     T     0.033     0.001
       17  0.2460338E+00  0.39374E-01    4    1       50    -1    -5     T     0.033     0.001
       18  0.2854075E+00  0.39374E-01    3    1       53    -1    -5     T     0.033     0.001
       19  0.3365934E+00  0.51186E-01    4    1       57    -1    -5     T     0.033     0.001
       20  0.3877792E+00  0.51186E-01    2    1       59    -1    -5     T     0.033     0.001
       21  0.4543209E+00  0.66542E-01    4    1       63    -1    -5     T     0.033     0.002
       22  0.5208625E+00  0.66542E-01    4    1       67    -1    -5     T     0.033     0.002
       23  0.5874041E+00  0.66542E-01    4    1       71    -1    -5     T     0.033     0.002
       24  0.6539457E+00  0.66542E-01    4    1       75    -1    -5     T     0.033     0.002
       25  0.7204874E+00  0.66542E-01    4    1       79    -1    -5     T     0.033     0.002
       26  0.7870290E+00  0.66542E-01    4    1       83    -1    -5     T     0.033     0.002
       27  0.8535706E+00  0.66542E-01    3    1       86    -1    -5     T     0.033     0.002
       28  0.9400747E+00  0.86504E-01    4    1       90    -1    -5     T     0.033     0.003
       29  0.1026579E+01  0.86504E-01    3    1       93    -1    -5     T     0.033     0.003
       30  0.1139034E+01  0.11246E+00    4    1       97    -1    -5     T     0.033     0.004
       31  0.1251490E+01  0.11246E+00    3    1      100    -1    -5     T     0.033     0.004
       32  0.1397681E+01  0.14619E+00    5    1      105    -1    -5     T     0.033     0.005
       33  0.1543873E+01  0.14619E+00    4    1      109    -1    -5     T     0.033     0.005
       34  0.1690065E+01  0.14619E+00    4    1      113    -1    -5     T     0.033     0.005
       35  0.1836257E+01  0.14619E+00    4    1      117    -1    -5     T     0.033     0.005
       36  0.1982449E+01  0.14619E+00    4    1      121    -1    -5     T     0.033     0.005
       37  0.2128641E+01  0.14619E+00    4    1      125    -1    -5     T     0.033     0.005
       38  0.2274833E+01  0.14619E+00    4    1      129    -1    -5     T     0.033     0.005
       39  0.2421025E+01  0.14619E+00    4    1      133    -1    -5     T     0.033     0.005
       40  0.2567217E+01  0.14619E+00    4    1      137    -1    -5     T     0.033     0.005
       41  0.2713409E+01  0.14619E+00    4    1      141    -1    -5     T     0.033     0.005
       42  0.2859601E+01  0.14619E+00    4    1      145    -1    -5     T     0.033     0.005
       43  0.3005793E+01  0.14619E+00    4    1      149    -1    -5     T     0.033     0.005
       44  0.3151985E+01  0.14619E+00    4    1      153    -1    -5     T     0.033     0.005
       45  0.3298177E+01  0.14619E+00    4    1      157    -1    -5     T     0.033     0.005
       46  0.3444369E+01  0.14619E+00    5    1      162    -1    -5     T     0.033     0.005
       47  0.3590561E+01  0.14619E+00    3    1      165    -1    -5     T     0.033     0.005
       48  0.3780610E+01  0.19005E+00    5    1      170    -1    -5     T     0.033     0.007
       49  0.3970660E+01  0.19005E+00    5    1      175    -1    -5     T     0.033     0.007
       50  0.4160709E+01  0.19005E+00    5    1      180    -1    -5     T     0.033     0.007
       51  0.4350759E+01  0.19005E+00    7    1      187    -1    -5     T     0.033     0.007
       52  0.4483793E+01  0.13303E+00    3    1      190    -1    -5     T     0.033     0.005
       53  0.4656738E+01  0.17295E+00    5    1      195    -1    -5     T     0.033     0.007
       54  0.4829683E+01  0.17295E+00    5    1      200    -1    -5     T     0.033     0.007
       55  0.5002628E+01  0.17295E+00    5    1      205    -1    -5     T     0.033     0.007
       56  0.5175573E+01  0.17295E+00    5    1      210    -1    -5     T     0.033     0.007
       57  0.5348519E+01  0.17295E+00    5    1      215    -1    -5     T     0.033     0.007
       58  0.5521464E+01  0.17295E+00    6    1      221    -1    -5     T     0.033     0.006
       59  0.5694409E+01  0.17295E+00    4    1      225    -1    -5     T     0.033     0.006
       60  0.5867354E+01  0.17295E+00    3    1      228    -1    -5     T     0.033     0.006
       61  0.6092182E+01  0.22483E+00    6    1      234    -1    -5     T     0.033     0.009
       62  0.6317011E+01  0.22483E+00    5    1      239    -1    -5     T     0.033     0.009
       63  0.6541839E+01  0.22483E+00    7    1      246    -1    -5     T     0.033     0.009
       64  0.6699219E+01  0.15738E+00    4    1      250    -1    -5     T     0.033     0.006
       65  0.6856599E+01  0.15738E+00    4    1      254    -1    -5     T     0.033     0.006
       66  0.7013979E+01  0.15738E+00    4    1      258    -1    -5     T     0.033     0.006
       67  0.7171359E+01  0.15738E+00    4    1      262    -1    -5     T     0.033     0.006
       68  0.7328739E+01  0.15738E+00    4    1      266    -1    -5     T     0.033     0.006
       69  0.7486119E+01  0.15738E+00    4    1      270    -1    -5     T     0.033     0.006
       70  0.7643499E+01  0.15738E+00    4    1      274    -1    -5     T     0.033     0.006
       71  0.7800879E+01  0.15738E+00    4    1      278    -1    -5     T     0.033     0.006
       72  0.7958259E+01  0.15738E+00    5    1      283    -1    -5     T     0.033     0.006
       73  0.8115639E+01  0.15738E+00    3    1      286    -1    -5     T     0.033     0.006
       74  0.8325013E+01  0.20937E+00    5    1      291    -1    -5     T     0.033     0.008
       75  0.8534386E+01  0.20937E+00    5    1      296    -1    -5     T     0.033     0.008
       76  0.8743759E+01  0.20937E+00    5    1      301    -1    -5     T     0.033     0.008
       77  0.8953133E+01  0.20937E+00    6    1      307    -1    -5     T     0.033     0.008
       78  0.9162506E+01  0.20937E+00    5    1      312    -1    -5     T     0.033     0.008
       79  0.9371880E+01  0.20937E+00    6    1      318    -1    -5     T     0.033     0.008
       80  0.9581253E+01  0.20937E+00    5    1      323    -1    -5     T     0.033     0.008
       81  0.9790627E+01  0.20937E+00    5    1      328    -1    -5     T     0.033     0.008
       82  0.1000000E+02  0.20937E+00    5    1      333    -1    -5     T     0.033     0.008
       83  0.1020459E+02  0.20459E+00    5    1      338    -1    -5     T     0.033     0.008
       84  0.1040919E+02  0.20459E+00    5    1      343    -1    -5     T     0.033     0.008
       85  0.1061378E+02  0.20459E+00    5    1      348    -1    -5     T     0.033     0.008
       86  0.1081838E+02  0.20459E+00    5    1      353    -1    -5     T     0.033     0.008
       87  0.1102297E+02  0.20459E+00    6    1      359    -1    -5     T     0.033     0.008
       88  0.1122756E+02  0.20459E+00    6    1      365    -1    -5     T     0.033     0.008
       89  0.1143216E+02  0.20459E+00    5    1      370    -1    -5     T     0.033     0.008
       90  0.1163675E+02  0.20459E+00    5    1      375    -1    -5     T     0.033     0.008
       91  0.1184135E+02  0.20459E+00    5    1      380    -1    -5     T     0.033     0.008
       92  0.1204594E+02  0.20459E+00    5    1      385    -1    -5     T     0.033     0.008
       93  0.1225053E+02  0.20459E+00    5    1      390    -1    -5     T     0.033     0.008
       94  0.1245513E+02  0.20459E+00    5    1      395    -1    -5     T     0.033     0.008
       95  0.1265972E+02  0.20459E+00    5    1      400    -1    -5     T     0.033     0.008
       96  0.1286432E+02  0.20459E+00    6    1      406    -1    -5     T     0.033     0.008
       97  0.1306891E+02  0.20459E+00    6    1      412    -1    -5     T     0.033     0.008
       98  0.1327350E+02  0.20459E+00    5    1      417    -1    -5     T     0.033     0.008
       99  0.1347810E+02  0.20459E+00    5    1      422    -1    -5     T     0.033     0.008
      100  0.1368269E+02  0.20459E+00    5    1      427    -1    -5     T     0.033     0.008
      101  0.1388729E+02  0.20459E+00    5    1      432    -1    -5     T     0.033     0.008
      102  0.1409188E+02  0.20459E+00    5    1      437    -1    -5     T     0.033     0.008
      103  0.1429647E+02  0.20459E+00    5    1      442    -1    -5     T     0.033     0.008
      104  0.1450107E+02  0.20459E+00    5    1      447    -1    -5     T     0.033     0.008
      105  0.1470566E+02  0.20459E+00    5    1      452    -1    -5     T     0.033     0.008
      106  0.1491026E+02  0.20459E+00    6    1      458    -1    -5     T     0.033     0.008
      107  0.1511485E+02  0.20459E+00    5    1      463    -1    -5     T     0.033     0.008
      108  0.1531944E+02  0.20459E+00    5    1      468    -1    -5     T     0.033     0.008
      109  0.1552404E+02  0.20459E+00    5    1      473    -1    -5     T     0.033     0.008
      110  0.1572863E+02  0.20459E+00    5    1      478    -1    -5     T     0.033     0.008
      111  0.1593323E+02  0.20459E+00    5    1      483    -1    -5     T     0.033     0.008
      112  0.1613782E+02  0.20459E+00    5    1      488    -1    -5     T     0.033     0.008
      113  0.1634241E+02  0.20459E+00    5    1      493    -1    -5     T     0.033     0.008
      114  0.1654701E+02  0.20459E+00    5    1      498    -1    -5     T     0.033     0.008
      115  0.1675160E+02  0.20459E+00    6    1      504    -1    -5     T     0.033     0.008
      116  0.1695620E+02  0.20459E+00    6    1      510    -1    -5     T     0.033     0.008
      117  0.1716079E+02  0.20459E+00    5    1      515    -1    -5     T     0.033     0.008
      118  0.1736538E+02  0.20459E+00    5    1      520    -1    -5     T     0.033     0.008
      119  0.1756998E+02  0.20459E+00    5    1      525    -1    -5     T     0.033     0.008
      120  0.1777457E+02  0.20459E+00    5    1      530    -1    -5     T     0.033     0.008
      121  0.1797916E+02  0.20459E+00    5    1      535    -1    -5     T     0.033     0.008
      122  0.1818125E+02  0.20208E+00    5    1      540    -1    -5     T     0.033     0.008
      123  0.1838333E+02  0.20208E+00    5    1      545    -1    -5     T     0.033     0.008
      124  0.1858542E+02  0.20208E+00    5    1      550    -1    -5     T     0.033     0.008
      125  0.1878750E+02  0.20208E+00    6    1      556    -1    -5     T     0.033     0.008
      126  0.1898958E+02  0.20208E+00    5    1      561    -1    -5     T     0.033     0.007
      127  0.1919167E+02  0.20208E+00    5    1      566    -1    -5     T     0.033     0.007
      128  0.1939375E+02  0.20208E+00    5    1      571    -1    -5     T     0.033     0.008
      129  0.1959583E+02  0.20208E+00    5    1      576    -1    -5     T     0.033     0.008
      130  0.1979792E+02  0.20208E+00    5    1      581    -1    -5     T     0.033     0.008
      131  0.2000000E+02  0.20208E+00    5    1      586    -1    -5     T     0.033     0.008
      132  0.2020459E+02  0.20459E+00    5    1      591    -1    -5     T     0.033     0.008
      133  0.2040919E+02  0.20459E+00    5    1      596    -1    -5     T     0.033     0.008
      134  0.2061378E+02  0.20459E+00    5    1      601    -1    -5     T     0.033     0.008
      135  0.2081838E+02  0.20459E+00    5    1      606    -1    -5     T     0.033     0.008
      136  0.2102297E+02  0.20459E+00    5    1      611    -1    -5     T     0.033     0.008
      137  0.2122756E+02  0.20459E+00    5    1      616    -1    -5     T     0.033     0.008
      138  0.2143216E+02  0.20459E+00    5    1      621    -1    -5     T     0.033     0.008
      139  0.2163675E+02  0.20459E+00    5    1      626    -1    -5     T     0.033     0.008
      140  0.2184135E+02  0.20459E+00    5    1      631    -1    -5     T     0.033     0.008
      141  0.2204594E+02  0.20459E+00    5    1      636    -1    -5     T     0.033     0.008
      142  0.2225053E+02  0.20459E+00    5    1      641    -1    -5     T     0.033     0.008
      143  0.2245513E+02  0.20459E+00    6    1      647    -1    -5     T     0.033     0.008
      144  0.2265972E+02  0.20459E+00    6    1      653    -1    -5     T     0.033     0.008
      145  0.2286432E+02  0.20459E+00    5    1      658    -1    -5     T     0.033     0.008
      146  0.2306891E+02  0.20459E+00    5    1      663    -1    -5     T     0.033     0.008
      147  0.2327350E+02  0.20459E+00    5    1      668    -1    -5     T     0.033     0.008
      148  0.2347810E+02  0.20459E+00    5    1      673    -1    -5     T     0.033     0.008
      149  0.2368269E+02  0.20459E+00    5    1      678    -1    -5     T     0.033     0.008
      150  0.2388729E+02  0.20459E+00    5    1      683    -1    -5     T     0.033     0.008
      151  0.2409188E+02  0.20459E+00    5    1      688    -1    -5     T     0.033     0.008
      152  0.2429647E+02  0.20459E+00    5    1      693    -1    -5     T     0.033     0.008
      153  0.2450107E+02  0.20459E+00    6    1      699    -1    -5     T     0.033     0.008
      154  0.2470566E+02  0.20459E+00    5    1      704    -1    -5     T     0.033     0.008
      155  0.2491026E+02  0.20459E+00    5    1      709    -1    -5     T     0.033     0.008
      156  0.2511485E+02  0.20459E+00    5    1      714    -1    -5     T     0.033     0.008
      157  0.2531944E+02  0.20459E+00    5    1      719    -1    -5     T     0.033     0.008
      158  0.2552404E+02  0.20459E+00    5    1      724    -1    -5     T     0.033     0.008
      159  0.2572863E+02  0.20459E+00    5    1      729    -1    -5     T     0.033     0.008
      160  0.2593323E+02  0.20459E+00    5    1      734    -1    -5     T     0.033     0.008
      161  0.2613782E+02  0.20459E+00    5    1      739    -1    -5     T     0.033     0.008
      162  0.2634241E+02  0.20459E+00    5    1      744    -1    -5     T     0.033     0.008
      163  0.2654701E+02  0.20459E+00    5    1      749    -1    -5     T     0.033     0.008
      164  0.2675160E+02  0.20459E+00    5    1      754    -1    -5     T     0.033     0.008
      165  0.2695620E+02  0.20459E+00    5    1      759    -1    -5     T     0.033     0.008
      166  0.2716079E+02  0.20459E+00    5    1      764    -1    -5     T     0.033     0.008
      167  0.2736538E+02  0.20459E+00    5    1      769    -1    -5     T     0.033     0.008
      168  0.2756998E+02  0.20459E+00    5    1      774    -1    -5     T     0.033     0.008
      169  0.2777457E+02  0.20459E+00    5    1      779    -1    -5     T     0.033     0.008
      170  0.2797916E+02  0.20459E+00    5    1      784    -1    -5     T     0.033     0.008
      171  0.2818125E+02  0.20208E+00    5    1      789    -1    -5     T     0.033     0.008
      172  0.2838333E+02  0.20208E+00    6    1      795    -1    -5     T     0.033     0.008
      173  0.2858542E+02  0.20208E+00    5    1      800    -1    -5     T     0.033     0.007
      174  0.2878750E+02  0.20208E+00    5    1      805    -1    -5     T     0.033     0.007
      175  0.2898958E+02  0.20208E+00    5    1      810    -1    -5     T     0.033     0.008
      176  0.2919167E+02  0.20208E+00    5    1      815    -1    -5     T     0.033     0.008
      177  0.2939375E+02  0.20208E+00    5    1      820    -1    -5     T     0.033     0.008
      178  0.2959583E+02  0.20208E+00    5    1      825    -1    -5     T     0.033     0.008
      179  0.2979792E+02  0.20208E+00    5    1      830    -1    -5     T     0.033     0.008
      180  0.3000000E+02  0.20208E+00    5    1      835    -1    -5     T     0.033     0.008
      181  0.3020459E+02  0.20459E+00    6    1      841    -1    -5     T     0.033     0.008
      182  0.3040919E+02  0.20459E+00    5    1      846    -1    -5     T     0.033     0.008
      183  0.3061378E+02  0.20459E+00    5    1      851    -1    -5     T     0.033     0.008
      184  0.3081838E+02  0.20459E+00    5    1      856    -1    -5     T     0.033     0.008
      185  0.3102297E+02  0.20459E+00    5    1      861    -1    -5     T     0.033     0.008
      186  0.3122756E+02  0.20459E+00    5    1      866    -1    -5     T     0.033     0.008
      187  0.3143216E+02  0.20459E+00    5    1      871    -1    -5     T     0.033     0.008
      188  0.3163675E+02  0.20459E+00    5    1      876    -1    -5     T     0.033     0.008
      189  0.3184135E+02  0.20459E+00    5    1      881    -1    -5     T     0.033     0.008
      190  0.3204594E+02  0.20459E+00    5    1      886    -1    -5     T     0.033     0.008
      191  0.3225053E+02  0.20459E+00    5    1      891    -1    -5     T     0.033     0.008
      192  0.3245513E+02  0.20459E+00    5    1      896    -1    -5     T     0.033     0.008
      193  0.3265972E+02  0.20459E+00    5    1      901    -1    -5     T     0.033     0.008
      194  0.3286432E+02  0.20459E+00    5    1      906    -1    -5     T     0.033     0.008
      195  0.3306891E+02  0.20459E+00    5    1      911    -1    -5     T     0.033     0.008
      196  0.3327350E+02  0.20459E+00    5    1      916    -1    -5     T     0.033     0.008
      197  0.3347810E+02  0.20459E+00    5    1      921    -1    -5     T     0.033     0.008
      198  0.3368269E+02  0.20459E+00    5    1      926    -1    -5     T     0.033     0.008
      199  0.3388729E+02  0.20459E+00    6    1      932    -1    -5     T     0.033     0.008
      200  0.3409188E+02  0.20459E+00    6    1      938    -1    -5     T     0.033     0.008
      201  0.3429647E+02  0.20459E+00    5    1      943    -1    -5     T     0.033     0.008
      202  0.3450107E+02  0.20459E+00    5    1      948    -1    -5     T     0.033     0.008
      203  0.3470566E+02  0.20459E+00    5    1      953    -1    -5     T     0.033     0.008
      204  0.3491026E+02  0.20459E+00    5    1      958    -1    -5     T     0.033     0.008
      205  0.3511485E+02  0.20459E+00    5    1      963    -1    -5     T     0.033     0.008
      206  0.3531944E+02  0.20459E+00    5    1      968    -1    -5     T     0.033     0.008
      207  0.3552404E+02  0.20459E+00    5    1      973    -1    -5     T     0.033     0.008
      208  0.3572863E+02  0.20459E+00    5    1      978    -1    -5     T     0.033     0.008
      209  0.3593323E+02  0.20459E+00    6    1      984    -1    -5     T     0.033     0.008
      210  0.3613782E+02  0.20459E+00    5    1      989    -1    -5     T     0.033     0.008
      211  0.3634241E+02  0.20459E+00    5    1      994    -1    -5     T     0.033     0.008
      212  0.3654701E+02  0.20459E+00    5    1      999    -1    -5     T     0.033     0.008
      213  0.3675160E+02  0.20459E+00    5    1     1004    -1    -5     T     0.033     0.008
      214  0.3695620E+02  0.20459E+00    5    1     1009    -1    -5     T     0.033     0.008
      215  0.3716079E+02  0.20459E+00    5    1     1014    -1    -5     T     0.033     0.008
      216  0.3736538E+02  0.20459E+00    5    1     1019    -1    -5     T     0.033     0.008
      217  0.3756998E+02  0.20459E+00    5    1     1024    -1    -5     T     0.033     0.008
      218  0.3777457E+02  0.20459E+00    5    1     1029    -1    -5     T     0.033     0.008
      219  0.3797916E+02  0.20459E+00    5    1     1034    -1    -5     T     0.033     0.008
      220  0.3818125E+02  0.20208E+00    5    1     1039    -1    -5     T     0.033     0.007
      221  0.3838333E+02  0.20208E+00    5    1     1044    -1    -5     T     0.033     0.007
      222  0.3858542E+02  0.20208E+00    5    1     1049    -1    -5     T     0.033     0.008
      223  0.3878750E+02  0.20208E+00    5    1     1054    -1    -5     T     0.033     0.008
      224  0.3898958E+02  0.20208E+00    5    1     1059    -1    -5     T     0.033     0.008
      225  0.3919167E+02  0.20208E+00    5    1     1064    -1    -5     T     0.033     0.008
      226  0.3939375E+02  0.20208E+00    5    1     1069    -1    -5     T     0.033     0.008
      227  0.3959583E+02  0.20208E+00    5    1     1074    -1    -5     T     0.033     0.008
      228  0.3979792E+02  0.20208E+00    6    1     1080    -1    -5     T     0.033     0.008
      229  0.4000000E+02  0.20208E+00    5    1     1085    -1    -5     T     0.033     0.007
      230  0.4020459E+02  0.20459E+00    5    1     1090    -1    -5     T     0.033     0.008
      231  0.4040919E+02  0.20459E+00    5    1     1095    -1    -5     T     0.033     0.008
      232  0.4061378E+02  0.20459E+00    5    1     1100    -1    -5     T     0.033     0.008
      233  0.4081838E+02  0.20459E+00    5    1     1105    -1    -5     T     0.033     0.008
      234  0.4102297E+02  0.20459E+00    5    1     1110    -1    -5     T     0.033     0.008
      235  0.4122756E+02  0.20459E+00    5    1     1115    -1    -5     T     0.033     0.008
      236  0.4143216E+02  0.20459E+00    5    1     1120    -1    -5     T     0.033     0.008
      237  0.4163675E+02  0.20459E+00    6    1     1126    -1    -5     T     0.033     0.008
      238  0.4184135E+02  0.20459E+00    5    1     1131    -1    -5     T     0.033     0.008
      239  0.4204594E+02  0.20459E+00    5    1     1136    -1    -5     T     0.033     0.008
      240  0.4225053E+02  0.20459E+00    5    1     1141    -1    -5     T     0.033     0.008
      241  0.4245513E+02  0.20459E+00    5    1     1146    -1    -5     T     0.033     0.008
      242  0.4265972E+02  0.20459E+00    5    1     1151    -1    -5     T     0.033     0.008
      243  0.4286432E+02  0.20459E+00    5    1     1156    -1    -5     T     0.033     0.008
      244  0.4306891E+02  0.20459E+00    5    1     1161    -1    -5     T     0.033     0.008
      245  0.4327350E+02  0.20459E+00    5    1     1166    -1    -5     T     0.033     0.008
      246  0.4347810E+02  0.20459E+00    6    1     1172    -1    -5     T     0.033     0.008
      247  0.4368269E+02  0.20459E+00    5    1     1177    -1    -5     T     0.033     0.008
      248  0.4388729E+02  0.20459E+00    5    1     1182    -1    -5     T     0.033     0.008
      249  0.4409188E+02  0.20459E+00    5    1     1187    -1    -5     T     0.033     0.008
      250  0.4429647E+02  0.20459E+00    5    1     1192    -1    -5     T     0.033     0.008
      251  0.4450107E+02  0.20459E+00    5    1     1197    -1    -5     T     0.033     0.008
      252  0.4470566E+02  0.20459E+00    5    1     1202    -1    -5     T     0.033     0.008
      253  0.4491026E+02  0.20459E+00    5    1     1207    -1    -5     T     0.033     0.008
      254  0.4511485E+02  0.20459E+00    5    1     1212    -1    -5     T     0.033     0.008
      255  0.4531944E+02  0.20459E+00    6    1     1218    -1    -5     T     0.033     0.008
      256  0.4552404E+02  0.20459E+00    6    1     1224    -1    -5     T     0.033     0.008
      257  0.4572863E+02  0.20459E+00    5    1     1229    -1    -5     T     0.033     0.008
      258  0.4593323E+02  0.20459E+00    5    1     1234    -1    -5     T     0.033     0.008
      259  0.4613782E+02  0.20459E+00    5    1     1239    -1    -5     T     0.033     0.008
      260  0.4634241E+02  0.20459E+00    5    1     1244    -1    -5     T     0.033     0.008
      261  0.4654701E+02  0.20459E+00    5    1     1249    -1    -5     T     0.033     0.008
      262  0.4675160E+02  0.20459E+00    5    1     1254    -1    -5     T     0.033     0.008
      263  0.4695620E+02  0.20459E+00    5    1     1259    -1    -5     T     0.033     0.008
      264  0.4716079E+02  0.20459E+00    5    1     1264    -1    -5     T     0.033     0.008
      265  0.4736538E+02  0.20459E+00    6    1     1270    -1    -5     T     0.033     0.008
      266  0.4756998E+02  0.20459E+00    5    1     1275    -1    -5     T     0.033     0.008
      267  0.4777457E+02  0.20459E+00    5    1     1280    -1    -5     T     0.033     0.008
      268  0.4797916E+02  0.20459E+00    5    1     1285    -1    -5     T     0.033     0.008
      269  0.4818125E+02  0.20208E+00    5    1     1290    -1    -5     T     0.033     0.008
      270  0.4838333E+02  0.20208E+00    5    1     1295    -1    -5     T     0.033     0.008
      271  0.4858542E+02  0.20208E+00    5    1     1300    -1    -5     T     0.033     0.008
      272  0.4878750E+02  0.20208E+00    5    1     1305    -1    -5     T     0.033     0.008
      273  0.4898958E+02  0.20208E+00    5    1     1310    -1    -5     T     0.033     0.008
      274  0.4919167E+02  0.20208E+00    5    1     1315    -1    -5     T     0.033     0.008
      275  0.4939375E+02  0.20208E+00    6    1     1321    -1    -5     T     0.033     0.008
      276  0.4959583E+02  0.20208E+00    5    1     1326    -1    -5     T     0.033     0.007
      277  0.4979792E+02  0.20208E+00    5    1     1331    -1    -5     T     0.033     0.007
      278  0.5000000E+02  0.20208E+00    5    1     1336    -1    -5     T     0.033     0.008
      279  0.5020459E+02  0.20459E+00    5    1     1341    -1    -5     T     0.033     0.008
      280  0.5040919E+02  0.20459E+00    5    1     1346    -1    -5     T     0.033     0.008
      281  0.5061378E+02  0.20459E+00    5    1     1351    -1    -5     T     0.033     0.008
      282  0.5081838E+02  0.20459E+00    5    1     1356    -1    -5     T     0.033     0.008
      283  0.5102297E+02  0.20459E+00    5    1     1361    -1    -5     T     0.033     0.008
      284  0.5122756E+02  0.20459E+00    6    1     1367    -1    -5     T     0.033     0.008
      285  0.5143216E+02  0.20459E+00    5    1     1372    -1    -5     T     0.033     0.008
      286  0.5163675E+02  0.20459E+00    5    1     1377    -1    -5     T     0.033     0.008
      287  0.5184135E+02  0.20459E+00    5    1     1382    -1    -5     T     0.033     0.008
      288  0.5204594E+02  0.20459E+00    5    1     1387    -1    -5     T     0.033     0.008
      289  0.5225053E+02  0.20459E+00    5    1     1392    -1    -5     T     0.033     0.008
      290  0.5245513E+02  0.20459E+00    6    1     1398    -1    -5     T     0.033     0.008
      291  0.5265972E+02  0.20459E+00    5    1     1403    -1    -5     T     0.033     0.008
      292  0.5286432E+02  0.20459E+00    5    1     1408    -1    -5     T     0.033     0.008
      293  0.5306891E+02  0.20459E+00    5    1     1413    -1    -5     T     0.033     0.008
      294  0.5327350E+02  0.20459E+00    5    1     1418    -1    -5     T     0.033     0.008
      295  0.5347810E+02  0.20459E+00    5    1     1423    -1    -5     T     0.033     0.008
      296  0.5368269E+02  0.20459E+00    5    1     1428    -1    -5     T     0.033     0.008
      297  0.5388729E+02  0.20459E+00    5    1     1433    -1    -5     T     0.033     0.008
      298  0.5409188E+02  0.20459E+00    5    1     1438    -1    -5     T     0.033     0.008
      299  0.5429647E+02  0.20459E+00    5    1     1443    -1    -5     T     0.033     0.008
      300  0.5450107E+02  0.20459E+00    5    1     1448    -1    -5     T     0.033     0.008
      301  0.5470566E+02  0.20459E+00    5    1     1453    -1    -5     T     0.033     0.008
      302  0.5491026E+02  0.20459E+00    6    1     1459    -1    -5     T     0.033     0.008
      303  0.5511485E+02  0.20459E+00    5    1     1464    -1    -5     T     0.033     0.008
      304  0.5531944E+02  0.20459E+00    5    1     1469    -1    -5     T     0.033     0.008
      305  0.5552404E+02  0.20459E+00    5    1     1474    -1    -5     T     0.033     0.008
      306  0.5572863E+02  0.20459E+00    5    1     1479    -1    -5     T     0.033     0.008
      307  0.5593323E+02  0.20459E+00    5    1     1484    -1    -5     T     0.033     0.008
      308  0.5613782E+02  0.20459E+00    5    1     1489    -1    -5     T     0.033     0.008
      309  0.5634241E+02  0.20459E+00    5    1     1494    -1    -5     T     0.033     0.008
      310  0.5654701E+02  0.20459E+00    5    1     1499    -1    -5     T     0.033     0.008
      311  0.5675160E+02  0.20459E+00    5    1     1504    -1    -5     T     0.033     0.008
      312  0.5695620E+02  0.20459E+00    6    1     1510    -1    -5     T     0.033     0.008
      313  0.5716079E+02  0.20459E+00    5    1     1515    -1    -5     T     0.033     0.008
      314  0.5736538E+02  0.20459E+00    5    1     1520    -1    -5     T     0.033     0.008
      315  0.5756998E+02  0.20459E+00    5    1     1525    -1    -5     T     0.033     0.008
      316  0.5777457E+02  0.20459E+00    5    1     1530    -1    -5     T     0.033     0.008
      317  0.5797916E+02  0.20459E+00    5    1     1535    -1    -5     T     0.033     0.008
      318  0.5818125E+02  0.20208E+00    5    1     1540    -1    -5     T     0.033     0.008
      319  0.5838333E+02  0.20208E+00    5    1     1545    -1    -5     T     0.033     0.008
      320  0.5858542E+02  0.20208E+00    5    1     1550    -1    -5     T     0.033     0.008
      321  0.5878750E+02  0.20208E+00    5    1     1555    -1    -5     T     0.033     0.008
      322  0.5898958E+02  0.20208E+00    5    1     1560    -1    -5     T     0.033     0.008
      323  0.5919167E+02  0.20208E+00    5    1     1565    -1    -5     T     0.033     0.007
      324  0.5939375E+02  0.20208E+00    5    1     1570    -1    -5     T     0.033     0.007
      325  0.5959583E+02  0.20208E+00    5    1     1575    -1    -5     T     0.033     0.008
      326  0.5979792E+02  0.20208E+00    5    1     1580    -1    -5     T     0.033     0.008
      327  0.6000000E+02  0.20208E+00    5    1     1585    -1    -5     T     0.033     0.008
      328  0.6020459E+02  0.20459E+00    5    1     1590    -1    -5     T     0.033     0.008
      329  0.6040919E+02  0.20459E+00    5    1     1595    -1    -5     T     0.033     0.008
      330  0.6061378E+02  0.20459E+00    6    1     1601    -1    -5     T     0.033     0.008
      331  0.6081838E+02  0.20459E+00    6    1     1607    -1    -5     T     0.033     0.008
      332  0.6102297E+02  0.20459E+00    5    1     1612    -1    -5     T     0.033     0.008
      333  0.6122756E+02  0.20459E+00    5    1     1617    -1    -5     T     0.033     0.008
      334  0.6143216E+02  0.20459E+00    5    1     1622    -1    -5     T     0.033     0.008
      335  0.6163675E+02  0.20459E+00    5    1     1627    -1    -5     T     0.033     0.008
      336  0.6184135E+02  0.20459E+00    5    1     1632    -1    -5     T     0.033     0.008
      337  0.6204594E+02  0.20459E+00    5    1     1637    -1    -5     T     0.033     0.008
      338  0.6225053E+02  0.20459E+00    5    1     1642    -1    -5     T     0.033     0.008
      339  0.6245513E+02  0.20459E+00    5    1     1647    -1    -5     T     0.033     0.008
      340  0.6265972E+02  0.20459E+00    6    1     1653    -1    -5     T     0.033     0.008
      341  0.6286432E+02  0.20459E+00    5    1     1658    -1    -5     T     0.033     0.008
      342  0.6306891E+02  0.20459E+00    5    1     1663    -1    -5     T     0.033     0.008
      343  0.6327350E+02  0.20459E+00    5    1     1668    -1    -5     T     0.033     0.008
      344  0.6347810E+02  0.20459E+00    5    1     1673    -1    -5     T     0.033     0.008
      345  0.6368269E+02  0.20459E+00    5    1     1678    -1    -5     T     0.033     0.008
      346  0.6388729E+02  0.20459E+00    5    1     1683    -1    -5     T     0.033     0.008
      347  0.6409188E+02  0.20459E+00    5    1     1688    -1    -5     T     0.033     0.008
      348  0.6429647E+02  0.20459E+00    5    1     1693    -1    -5     T     0.033     0.008
      349  0.6450107E+02  0.20459E+00    5    1     1698    -1    -5     T     0.033     0.008
      350  0.6470566E+02  0.20459E+00    5    1     1703    -1    -5     T     0.033     0.008
      351  0.6491026E+02  0.20459E+00    5    1     1708    -1    -5     T     0.033     0.008
      352  0.6511485E+02  0.20459E+00    5    1     1713    -1    -5     T     0.033     0.008
      353  0.6531944E+02  0.20459E+00    5    1     1718    -1    -5     T     0.033     0.008
      354  0.6552404E+02  0.20459E+00    5    1     1723    -1    -5     T     0.033     0.008
      355  0.6572863E+02  0.20459E+00    5    1     1728    -1    -5     T     0.033     0.008
      356  0.6593323E+02  0.20459E+00    5    1     1733    -1    -5     T     0.033     0.008
      357  0.6613782E+02  0.20459E+00    5    1     1738    -1    -5     T     0.033     0.008
      358  0.6634241E+02  0.20459E+00    6    1     1744    -1    -5     T     0.033     0.008
      359  0.6654701E+02  0.20459E+00    6    1     1750    -1    -5     T     0.033     0.008
      360  0.6675160E+02  0.20459E+00    5    1     1755    -1    -5     T     0.033     0.008
      361  0.6695620E+02  0.20459E+00    5    1     1760    -1    -5     T     0.033     0.008
      362  0.6716079E+02  0.20459E+00    5    1     1765    -1    -5     T     0.033     0.008
      363  0.6736538E+02  0.20459E+00    5    1     1770    -1    -5     T     0.033     0.008
      364  0.6756998E+02  0.20459E+00    5    1     1775    -1    -5     T     0.033     0.008
      365  0.6777457E+02  0.20459E+00    5    1     1780    -1    -5     T     0.033     0.008
      366  0.6797916E+02  0.20459E+00    5    1     1785    -1    -5     T     0.033     0.008
      367  0.6818125E+02  0.20208E+00    5    1     1790    -1    -5     T     0.033     0.008
      368  0.6838333E+02  0.20208E+00    6    1     1796    -1    -5     T     0.033     0.008
      369  0.6858542E+02  0.20208E+00    5    1     1801    -1    -5     T     0.033     0.008
      370  0.6878750E+02  0.20208E+00    5    1     1806    -1    -5     T     0.033     0.007
      371  0.6898958E+02  0.20208E+00    5    1     1811    -1    -5     T     0.033     0.008
      372  0.6919167E+02  0.20208E+00    5    1     1816    -1    -5     T     0.033     0.008
      373  0.6939375E+02  0.20208E+00    5    1     1821    -1    -5     T     0.033     0.008
      374  0.6959583E+02  0.20208E+00    5    1     1826    -1    -5     T     0.033     0.008
      375  0.6979792E+02  0.20208E+00    5    1     1831    -1    -5     T     0.033     0.008
      376  0.7000000E+02  0.20208E+00    5    1     1836    -1    -5     T     0.033     0.008
      377  0.7020459E+02  0.20459E+00    5    1     1841    -1    -5     T     0.033     0.008
      378  0.7040919E+02  0.20459E+00    6    1     1847    -1    -5     T     0.033     0.008
      379  0.7061378E+02  0.20459E+00    5    1     1852    -1    -5     T     0.033     0.008
      380  0.7081838E+02  0.20459E+00    5    1     1857    -1    -5     T     0.033     0.008
      381  0.7102297E+02  0.20459E+00    5    1     1862    -1    -5     T     0.033     0.008
      382  0.7122756E+02  0.20459E+00    5    1     1867    -1    -5     T     0.033     0.008
      383  0.7143216E+02  0.20459E+00    5    1     1872    -1    -5     T     0.033     0.008
      384  0.7163675E+02  0.20459E+00    5    1     1877    -1    -5     T     0.033     0.008
      385  0.7184135E+02  0.20459E+00    5    1     1882    -1    -5     T     0.033     0.008
      386  0.7204594E+02  0.20459E+00    6    1     1888    -1    -5     T     0.033     0.008
      387  0.7225053E+02  0.20459E+00    6    1     1894    -1    -5     T     0.033     0.008
      388  0.7245513E+02  0.20459E+00    5    1     1899    -1    -5     T     0.033     0.008
      389  0.7265972E+02  0.20459E+00    5    1     1904    -1    -5     T     0.033     0.008
      390  0.7286432E+02  0.20459E+00    5    1     1909    -1    -5     T     0.033     0.008
      391  0.7306891E+02  0.20459E+00    5    1     1914    -1    -5     T     0.033     0.008
      392  0.7327350E+02  0.20459E+00    5    1     1919    -1    -5     T     0.033     0.008
      393  0.7347810E+02  0.20459E+00    5    1     1924    -1    -5     T     0.033     0.008
      394  0.7368269E+02  0.20459E+00    5    1     1929    -1    -5     T     0.033     0.008
      395  0.7388729E+02  0.20459E+00    5    1     1934    -1    -5     T     0.033     0.008
      396  0.7409188E+02  0.20459E+00    6    1     1940    -1    -5     T     0.033     0.008
      397  0.7429647E+02  0.20459E+00    5    1     1945    -1    -5     T     0.033     0.008
      398  0.7450107E+02  0.20459E+00    5    1     1950    -1    -5     T     0.033     0.008
      399  0.7470566E+02  0.20459E+00    5    1     1955    -1    -5     T     0.033     0.008
      400  0.7491026E+02  0.20459E+00    5    1     1960    -1    -5     T     0.033     0.008
      401  0.7511485E+02  0.20459E+00    5    1     1965    -1    -5     T     0.033     0.008
      402  0.7531944E+02  0.20459E+00    5    1     1970    -1    -5     T     0.033     0.008
      403  0.7552404E+02  0.20459E+00    5    1     1975    -1    -5     T     0.033     0.008
      404  0.7572863E+02  0.20459E+00    5    1     1980    -1    -5     T     0.033     0.008
      405  0.7593323E+02  0.20459E+00    5    1     1985    -1    -5     T     0.033     0.008
      406  0.7613782E+02  0.20459E+00    5    1     1990    -1    -5     T     0.033     0.008
      407  0.7634241E+02  0.20459E+00    5    1     1995    -1    -5     T     0.033     0.008
      408  0.7654701E+02  0.20459E+00    5    1     2000    -1    -5     T     0.033     0.008
      409  0.7675160E+02  0.20459E+00    5    1     2005    -1    -5     T     0.033     0.008
      410  0.7695620E+02  0.20459E+00    5    1     2010    -1    -5     T     0.033     0.008
      411  0.7716079E+02  0.20459E+00    5    1     2015    -1    -5     T     0.033     0.008
      412  0.7736538E+02  0.20459E+00    5    1     2020    -1    -5     T     0.033     0.008
      413  0.7756998E+02  0.20459E+00    5    1     2025    -1    -5     T     0.033     0.008
      414  0.7777457E+02  0.20459E+00    6    1     2031    -1    -5     T     0.033     0.008
      415  0.7797916E+02  0.20459E+00    6    1     2037    -1    -5     T     0.033     0.008
      416  0.7818125E+02  0.20208E+00    5    1     2042    -1    -5     T     0.033     0.007
      417  0.7838333E+02  0.20208E+00    5    1     2047    -1    -5     T     0.033     0.007
      418  0.7858542E+02  0.20208E+00    5    1     2052    -1    -5     T     0.033     0.008
      419  0.7878750E+02  0.20208E+00    5    1     2057    -1    -5     T     0.033     0.008
      420  0.7898958E+02  0.20208E+00    5    1     2062    -1    -5     T     0.033     0.008
      421  0.7919167E+02  0.20208E+00    5    1     2067    -1    -5     T     0.033     0.008
      422  0.7939375E+02  0.20208E+00    5    1     2072    -1    -5     T     0.033     0.008
      423  0.7959583E+02  0.20208E+00    5    1     2077    -1    -5     T     0.033     0.008
      424  0.7979792E+02  0.20208E+00    5    1     2082    -1    -5     T     0.033     0.008
      425  0.8000000E+02  0.20208E+00    5    1     2087    -1    -5     T     0.033     0.008
      426  0.8020459E+02  0.20459E+00    5    1     2092    -1    -5     T     0.033     0.008
      427  0.8040919E+02  0.20459E+00    5    1     2097    -1    -5     T     0.033     0.008
      428  0.8061378E+02  0.20459E+00    5    1     2102    -1    -5     T     0.033     0.008
      429  0.8081838E+02  0.20459E+00    5    1     2107    -1    -5     T     0.033     0.008
      430  0.8102297E+02  0.20459E+00    5    1     2112    -1    -5     T     0.033     0.008
      431  0.8122756E+02  0.20459E+00    5    1     2117    -1    -5     T     0.033     0.008
      432  0.8143216E+02  0.20459E+00    5    1     2122    -1    -5     T     0.033     0.008
      433  0.8163675E+02  0.20459E+00    6    1     2128    -1    -5     T     0.033     0.008
      434  0.8184135E+02  0.20459E+00    5    1     2133    -1    -5     T     0.033     0.008
      435  0.8204594E+02  0.20459E+00    5    1     2138    -1    -5     T     0.033     0.008
      436  0.8225053E+02  0.20459E+00    5    1     2143    -1    -5     T     0.033     0.008
      437  0.8245513E+02  0.20459E+00    5    1     2148    -1    -5     T     0.033     0.008
      438  0.8265972E+02  0.20459E+00    5    1     2153    -1    -5     T     0.033     0.008
      439  0.8286432E+02  0.20459E+00    5    1     2158    -1    -5     T     0.033     0.008
      440  0.8306891E+02  0.20459E+00    5    1     2163    -1    -5     T     0.033     0.008
      441  0.8327350E+02  0.20459E+00    5    1     2168    -1    -5     T     0.033     0.008
      442  0.8347810E+02  0.20459E+00    6    1     2174    -1    -5     T     0.033     0.008
      443  0.8368269E+02  0.20459E+00    6    1     2180    -1    -5     T     0.033     0.008
      444  0.8388729E+02  0.20459E+00    5    1     2185    -1    -5     T     0.033     0.008
      445  0.8409188E+02  0.20459E+00    5    1     2190    -1    -5     T     0.033     0.008
      446  0.8429647E+02  0.20459E+00    5    1     2195    -1    -5     T     0.033     0.008
      447  0.8450107E+02  0.20459E+00    5    1     2200    -1    -5     T     0.033     0.008
      448  0.8470566E+02  0.20459E+00    5    1     2205    -1    -5     T     0.033     0.008
      449  0.8491026E+02  0.20459E+00    5    1     2210    -1    -5     T     0.033     0.008
      450  0.8511485E+02  0.20459E+00    5    1     2215    -1    -5     T     0.033     0.008
      451  0.8531944E+02  0.20459E+00    5    1     2220    -1    -5     T     0.033     0.008
      452  0.8552404E+02  0.20459E+00    6    1     2226    -1    -5     T     0.033     0.008
      453  0.8572863E+02  0.20459E+00    5    1     2231    -1    -5     T     0.033     0.008
      454  0.8593323E+02  0.20459E+00    5    1     2236    -1    -5     T     0.033     0.008
      455  0.8613782E+02  0.20459E+00    5    1     2241    -1    -5     T     0.033     0.008
      456  0.8634241E+02  0.20459E+00    5    1     2246    -1    -5     T     0.033     0.008
      457  0.8654701E+02  0.20459E+00    5    1     2251    -1    -5     T     0.033     0.008
      458  0.8675160E+02  0.20459E+00    5    1     2256    -1    -5     T     0.033     0.008
      459  0.8695620E+02  0.20459E+00    5    1     2261    -1    -5     T     0.033     0.008
      460  0.8716079E+02  0.20459E+00    5    1     2266    -1    -5     T     0.033     0.008
      461  0.8736538E+02  0.20459E+00    6    1     2272    -1    -5     T     0.033     0.008
      462  0.8756998E+02  0.20459E+00    5    1     2277    -1    -5     T     0.033     0.008
      463  0.8777457E+02  0.20459E+00    5    1     2282    -1    -5     T     0.033     0.008
      464  0.8797916E+02  0.20459E+00    5    1     2287    -1    -5     T     0.033     0.008
      465  0.8818125E+02  0.20208E+00    5    1     2292    -1    -5     T     0.033     0.008
      466  0.8838333E+02  0.20208E+00    5    1     2297    -1    -5     T     0.033     0.008
      467  0.8858542E+02  0.20208E+00    5    1     2302    -1    -5     T     0.033     0.008
      468  0.8878750E+02  0.20208E+00    5    1     2307    -1    -5     T     0.033     0.008
      469  0.8898958E+02  0.20208E+00    5    1     2312    -1    -5     T     0.033     0.008
      470  0.8919167E+02  0.20208E+00    5    1     2317    -1    -5     T     0.033     0.008
      471  0.8939375E+02  0.20208E+00    6    1     2323    -1    -5     T     0.033     0.008
      472  0.8959583E+02  0.20208E+00    5    1     2328    -1    -5     T     0.033     0.008
      473  0.8979792E+02  0.20208E+00    5    1     2333    -1    -5     T     0.033     0.007
      474  0.9000000E+02  0.20208E+00    5    1     2338    -1    -5     T     0.033     0.008
      475  0.9020459E+02  0.20459E+00    5    1     2343    -1    -5     T     0.033     0.008
      476  0.9040919E+02  0.20459E+00    5    1     2348    -1    -5     T     0.033     0.008
      477  0.9061378E+02  0.20459E+00    5    1     2353    -1    -5     T     0.033     0.008
      478  0.9081838E+02  0.20459E+00    5    1     2358    -1    -5     T     0.033     0.008
      479  0.9102297E+02  0.20459E+00    5    1     2363    -1    -5     T     0.033     0.008
      480  0.9122756E+02  0.20459E+00    5    1     2368    -1    -5     T     0.033     0.008
      481  0.9143216E+02  0.20459E+00    5    1     2373    -1    -5     T     0.033     0.008
      482  0.9163675E+02  0.20459E+00    5    1     2378    -1    -5     T     0.033     0.008
      483  0.9184135E+02  0.20459E+00    5    1     2383    -1    -5     T     0.033     0.008
      484  0.9204594E+02  0.20459E+00    5    1     2388    -1    -5     T     0.033     0.008
      485  0.9225053E+02  0.20459E+00    5    1     2393    -1    -5     T     0.033     0.008
      486  0.9245513E+02  0.20459E+00    5    1     2398    -1    -5     T     0.033     0.008
      487  0.9265972E+02  0.20459E+00    5    1     2403    -1    -5     T     0.033     0.008
      488  0.9286432E+02  0.20459E+00    5    1     2408    -1    -5     T     0.033     0.008
      489  0.9306891E+02  0.20459E+00    6    1     2414    -1    -5     T     0.033     0.008
      490  0.9327350E+02  0.20459E+00    6    1     2420    -1    -5     T     0.033     0.008
      491  0.9347810E+02  0.20459E+00    5    1     2425    -1    -5     T     0.033     0.008
      492  0.9368269E+02  0.20459E+00    5    1     2430    -1    -5     T     0.033     0.008
      493  0.9388729E+02  0.20459E+00    5    1     2435    -1    -5     T     0.033     0.008
      494  0.9409188E+02  0.20459E+00    5    1     2440    -1    -5     T     0.033     0.008
      495  0.9429647E+02  0.20459E+00    5    1     2445    -1    -5     T     0.033     0.008
      496  0.9450107E+02  0.20459E+00    5    1     2450    -1    -5     T     0.033     0.008
      497  0.9470566E+02  0.20459E+00    5    1     2455    -1    -5     T     0.033     0.008
      498  0.9491026E+02  0.20459E+00    5    1     2460    -1    -5     T     0.033     0.008
      499  0.9511485E+02  0.20459E+00    6    1     2466    -1    -5     T     0.033     0.008
      500  0.9531944E+02  0.20459E+00    5    1     2471    -1    -5     T     0.033     0.008
      501  0.9552404E+02  0.20459E+00    5    1     2476    -1    -5     T     0.033     0.008
      502  0.9572863E+02  0.20459E+00    5    1     2481    -1    -5     T     0.033     0.008
      503  0.9593323E+02  0.20459E+00    5    1     2486    -1    -5     T     0.033     0.008
      504  0.9613782E+02  0.20459E+00    5    1     2491    -1    -5     T     0.033     0.008
      505  0.9634241E+02  0.20459E+00    5    1     2496    -1    -5     T     0.033     0.008
      506  0.9654701E+02  0.20459E+00    5    1     2501    -1    -5     T     0.033     0.008
      507  0.9675160E+02  0.20459E+00    5    1     2506    -1    -5     T     0.033     0.008
      508  0.9695620E+02  0.20459E+00    5    1     2511    -1    -5     T     0.033     0.008
      509  0.9716079E+02  0.20459E+00    5    1     2516    -1    -5     T     0.033     0.008
      510  0.9736538E+02  0.20459E+00    5    1     2521    -1    -5     T     0.033     0.008
      511  0.9756998E+02  0.20459E+00    5    1     2526    -1    -5     T     0.033     0.008
      512  0.9777457E+02  0.20459E+00    5    1     2531    -1    -5     T     0.033     0.008
      513  0.9797916E+02  0.20459E+00    5    1     2536    -1    -5     T     0.033     0.008
      514  0.9818376E+02  0.20459E+00    5    1     2541    -1    -5     T     0.033     0.008
      515  0.9838835E+02  0.20459E+00    5    1     2546    -1    -5     T     0.033     0.008
      516  0.9859295E+02  0.20459E+00    5    1     2551    -1    -5     T     0.033     0.008
      517  0.9879754E+02  0.20459E+00    6    1     2557    -1    -5     T     0.033     0.008
      518  0.9900213E+02  0.20459E+00    6    1     2563    -1    -5     T     0.033     0.008
      519  0.9920673E+02  0.20459E+00    5    1     2568    -1    -5     T     0.033     0.008
      520  0.9941132E+02  0.20459E+00    5    1     2573    -1    -5     T     0.033     0.008
      521  0.9961592E+02  0.20459E+00    5    1     2578    -1    -5     T     0.033     0.008
      522  0.9982051E+02  0.20459E+00    5    1     2583    -1    -5     T     0.033     0.008
      523  0.1000251E+03  0.20459E+00    5    1     2588    -1    -5     T     0.033     0.008
      524  0.1002297E+03  0.20459E+00    5    1     2593    -1    -5     T     0.033     0.008
      525  0.1004343E+03  0.20459E+00    5    1     2598    -1    -5     T     0.033     0.008
      526  0.1006389E+03  0.20459E+00    5    1     2603    -1    -5     T     0.033     0.008
      527  0.1008435E+03  0.20459E+00    6    1     2609    -1    -5     T     0.033     0.008
      528  0.1010481E+03  0.20459E+00    5    1     2614    -1    -5     T     0.033     0.008
      529  0.1012527E+03  0.20459E+00    5    1     2619    -1    -5     T     0.033     0.008
      530  0.1014573E+03  0.20459E+00    5    1     2624    -1    -5     T     0.033     0.008
      531  0.1016619E+03  0.20459E+00    5    1     2629    -1    -5     T     0.033     0.008
      532  0.1018665E+03  0.20459E+00    5    1     2634    -1    -5     T     0.033     0.008
      533  0.1020710E+03  0.20459E+00    5    1     2639    -1    -5     T     0.033     0.008
      534  0.1022756E+03  0.20459E+00    5    1     2644    -1    -5     T     0.033     0.008
      535  0.1024802E+03  0.20459E+00    5    1     2649    -1    -5     T     0.033     0.008
      536  0.1026848E+03  0.20459E+00    5    1     2654    -1    -5     T     0.033     0.008
      537  0.1028894E+03  0.20459E+00    5    1     2659    -1    -5     T     0.033     0.008
      538  0.1030940E+03  0.20459E+00    5    1     2664    -1    -5     T     0.033     0.008
      539  0.1032986E+03  0.20459E+00    5    1     2669    -1    -5     T     0.033     0.008
      540  0.1035032E+03  0.20459E+00    5    1     2674    -1    -5     T     0.033     0.008
      541  0.1037078E+03  0.20459E+00    5    1     2679    -1    -5     T     0.033     0.008
      542  0.1039124E+03  0.20459E+00    5    1     2684    -1    -5     T     0.033     0.008
      543  0.1041170E+03  0.20459E+00    5    1     2689    -1    -5     T     0.033     0.008
      544  0.1043216E+03  0.20459E+00    5    1     2694    -1    -5     T     0.033     0.008
      545  0.1045262E+03  0.20459E+00    6    1     2700    -1    -5     T     0.033     0.008
      546  0.1047308E+03  0.20459E+00    6    1     2706    -1    -5     T     0.033     0.008
      547  0.1049354E+03  0.20459E+00    5    1     2711    -1    -5     T     0.033     0.008
      548  0.1051400E+03  0.20459E+00    5    1     2716    -1    -5     T     0.033     0.008
      549  0.1053445E+03  0.20459E+00    5    1     2721    -1    -5     T     0.033     0.008
      550  0.1055491E+03  0.20459E+00    5    1     2726    -1    -5     T     0.033     0.008
      551  0.1057537E+03  0.20459E+00    5    1     2731    -1    -5     T     0.033     0.008
      552  0.1059583E+03  0.20459E+00    5    1     2736    -1    -5     T     0.033     0.008
      553  0.1061629E+03  0.20459E+00    5    1     2741    -1    -5     T     0.033     0.008
      554  0.1063675E+03  0.20459E+00    5    1     2746    -1    -5     T     0.033     0.008
      555  0.1065721E+03  0.20459E+00    6    1     2752    -1    -5     T     0.033     0.008
      556  0.1067767E+03  0.20459E+00    5    1     2757    -1    -5     T     0.033     0.008
      557  0.1069813E+03  0.20459E+00    5    1     2762    -1    -5     T     0.033     0.008
      558  0.1071859E+03  0.20459E+00    5    1     2767    -1    -5     T     0.033     0.008
      559  0.1073905E+03  0.20459E+00    5    1     2772    -1    -5     T     0.033     0.008
      560  0.1075951E+03  0.20459E+00    5    1     2777    -1    -5     T     0.033     0.008
      561  0.1077997E+03  0.20459E+00    6    1     2783    -1    -5     T     0.033     0.008
      562  0.1080043E+03  0.20459E+00    5    1     2788    -1    -5     T     0.033     0.008
      563  0.1082089E+03  0.20459E+00    5    1     2793    -1    -5     T     0.033     0.008
      564  0.1084135E+03  0.20459E+00    5    1     2798    -1    -5     T     0.033     0.008
      565  0.1086181E+03  0.20459E+00    5    1     2803    -1    -5     T     0.033     0.008
      566  0.1088226E+03  0.20459E+00    5    1     2808    -1    -5     T     0.033     0.008
      567  0.1090272E+03  0.20459E+00    5    1     2813    -1    -5     T     0.033     0.008
      568  0.1092318E+03  0.20459E+00    5    1     2818    -1    -5     T     0.033     0.008
      569  0.1094364E+03  0.20459E+00    5    1     2823    -1    -5     T     0.033     0.008
      570  0.1096410E+03  0.20459E+00    5    1     2828    -1    -5     T     0.033     0.008
      571  0.1098456E+03  0.20459E+00    5    1     2833    -1    -5     T     0.033     0.008
      572  0.1100502E+03  0.20459E+00    5    1     2838    -1    -5     T     0.033     0.008
      573  0.1102548E+03  0.20459E+00    6    1     2844    -1    -5     T     0.033     0.008
      574  0.1104594E+03  0.20459E+00    5    1     2849    -1    -5     T     0.033     0.008
      575  0.1106640E+03  0.20459E+00    5    1     2854    -1    -5     T     0.033     0.008
      576  0.1108686E+03  0.20459E+00    5    1     2859    -1    -5     T     0.033     0.008
      577  0.1110732E+03  0.20459E+00    5    1     2864    -1    -5     T     0.033     0.008
      578  0.1112778E+03  0.20459E+00    5    1     2869    -1    -5     T     0.033     0.008
      579  0.1114824E+03  0.20459E+00    5    1     2874    -1    -5     T     0.033     0.008
      580  0.1116870E+03  0.20459E+00    5    1     2879    -1    -5     T     0.033     0.008
      581  0.1118916E+03  0.20459E+00    5    1     2884    -1    -5     T     0.033     0.008
      582  0.1120961E+03  0.20459E+00    5    1     2889    -1    -5     T     0.033     0.008
      583  0.1123007E+03  0.20459E+00    6    1     2895    -1    -5     T     0.033     0.008
      584  0.1125053E+03  0.20459E+00    5    1     2900    -1    -5     T     0.033     0.008
      585  0.1127099E+03  0.20459E+00    5    1     2905    -1    -5     T     0.033     0.008
      586  0.1129145E+03  0.20459E+00    5    1     2910    -1    -5     T     0.033     0.008
      587  0.1131191E+03  0.20459E+00    5    1     2915    -1    -5     T     0.033     0.008
      588  0.1133237E+03  0.20459E+00    5    1     2920    -1    -5     T     0.033     0.008
      589  0.1135283E+03  0.20459E+00    6    1     2926    -1    -5     T     0.033     0.008
      590  0.1137329E+03  0.20459E+00    5    1     2931    -1    -5     T     0.033     0.008
      591  0.1139375E+03  0.20459E+00    5    1     2936    -1    -5     T     0.033     0.008
      592  0.1141421E+03  0.20459E+00    6    1     2942    -1    -5     T     0.033     0.008
      593  0.1143467E+03  0.20459E+00    5    1     2947    -1    -5     T     0.033     0.008
      594  0.1145513E+03  0.20459E+00    5    1     2952    -1    -5     T     0.033     0.008
      595  0.1147559E+03  0.20459E+00    5    1     2957    -1    -5     T     0.033     0.008
      596  0.1149605E+03  0.20459E+00    5    1     2962    -1    -5     T     0.033     0.008
      597  0.1151651E+03  0.20459E+00    5    1     2967    -1    -5     T     0.033     0.008
      598  0.1153697E+03  0.20459E+00    5    1     2972    -1    -5     T     0.033     0.008
      599  0.1155742E+03  0.20459E+00    5    1     2977    -1    -5     T     0.033     0.008
      600  0.1157788E+03  0.20459E+00    5    1     2982    -1    -5     T     0.033     0.008
      601  0.1159834E+03  0.20459E+00    6    1     2988    -1    -5     T     0.033     0.008
      602  0.1161880E+03  0.20459E+00    5    1     2993    -1    -5     T     0.033     0.008
      603  0.1163926E+03  0.20459E+00    5    1     2998    -1    -5     T     0.033     0.008
      604  0.1165972E+03  0.20459E+00    5    1     3003    -1    -5     T     0.033     0.008
      605  0.1168018E+03  0.20459E+00    5    1     3008    -1    -5     T     0.033     0.008
      606  0.1170064E+03  0.20459E+00    5    1     3013    -1    -5     T     0.033     0.008
      607  0.1172110E+03  0.20459E+00    5    1     3018    -1    -5     T     0.033     0.008
      608  0.1174156E+03  0.20459E+00    5    1     3023    -1    -5     T     0.033     0.008
      609  0.1176202E+03  0.20459E+00    5    1     3028    -1    -5     T     0.033     0.008
      610  0.1178248E+03  0.20459E+00    5    1     3033    -1    -5     T     0.033     0.008
      611  0.1180294E+03  0.20459E+00    6    1     3039    -1    -5     T     0.033     0.008
      612  0.1182340E+03  0.20459E+00    5    1     3044    -1    -5     T     0.033     0.008
      613  0.1184386E+03  0.20459E+00    5    1     3049    -1    -5     T     0.033     0.008
      614  0.1186432E+03  0.20459E+00    5    1     3054    -1    -5     T     0.033     0.008
      615  0.1188477E+03  0.20459E+00    5    1     3059    -1    -5     T     0.033     0.008
      616  0.1190523E+03  0.20459E+00    5    1     3064    -1    -5     T     0.033     0.008
      617  0.1192569E+03  0.20459E+00    5    1     3069    -1    -5     T     0.033     0.008
      618  0.1194615E+03  0.20459E+00    5    1     3074    -1    -5     T     0.033     0.008
      619  0.1196661E+03  0.20459E+00    5    1     3079    -1    -5     T     0.033     0.008
      620  0.1198707E+03  0.20459E+00    6    1     3085    -1    -5     T     0.033     0.008
      621  0.1200753E+03  0.20459E+00    5    1     3090    -1    -5     T     0.033     0.008
      622  0.1202799E+03  0.20459E+00    5    1     3095    -1    -5     T     0.033     0.008
      623  0.1204845E+03  0.20459E+00    5    1     3100    -1    -5     T     0.033     0.008
      624  0.1206891E+03  0.20459E+00    5    1     3105    -1    -5     T     0.033     0.008
      625  0.1208937E+03  0.20459E+00    5    1     3110    -1    -5     T     0.033     0.008
      626  0.1210983E+03  0.20459E+00    5    1     3115    -1    -5     T     0.033     0.008
      627  0.1213029E+03  0.20459E+00    5    1     3120    -1    -5     T     0.033     0.008
      628  0.1215075E+03  0.20459E+00    5    1     3125    -1    -5     T     0.033     0.008
      629  0.1217121E+03  0.20459E+00    6    1     3131    -1    -5     T     0.033     0.008
      630  0.1219167E+03  0.20459E+00    5    1     3136    -1    -5     T     0.033     0.008
      631  0.1221213E+03  0.20459E+00    5    1     3141    -1    -5     T     0.033     0.008
      632  0.1223258E+03  0.20459E+00    5    1     3146    -1    -5     T     0.033     0.008
      633  0.1225304E+03  0.20459E+00    5    1     3151    -1    -5     T     0.033     0.008
      634  0.1227350E+03  0.20459E+00    5    1     3156    -1    -5     T     0.033     0.008
      635  0.1229396E+03  0.20459E+00    5    1     3161    -1    -5     T     0.033     0.008
      636  0.1231442E+03  0.20459E+00    5    1     3166    -1    -5     T     0.033     0.008
      637  0.1233488E+03  0.20459E+00    5    1     3171    -1    -5     T     0.033     0.008
      638  0.1235534E+03  0.20459E+00    6    1     3177    -1    -5     T     0.033     0.008
      639  0.1237580E+03  0.20459E+00    6    1     3183    -1    -5     T     0.033     0.008
      640  0.1239626E+03  0.20459E+00    5    1     3188    -1    -5     T     0.033     0.008
      641  0.1241672E+03  0.20459E+00    5    1     3193    -1    -5     T     0.033     0.008
      642  0.1243718E+03  0.20459E+00    5    1     3198    -1    -5     T     0.033     0.008
      643  0.1245764E+03  0.20459E+00    5    1     3203    -1    -5     T     0.033     0.008
      644  0.1247810E+03  0.20459E+00    5    1     3208    -1    -5     T     0.033     0.008
      645  0.1249856E+03  0.20459E+00    5    1     3213    -1    -5     T     0.033     0.008
      646  0.1251902E+03  0.20459E+00    5    1     3218    -1    -5     T     0.033     0.008
      647  0.1253948E+03  0.20459E+00    5    1     3223    -1    -5     T     0.033     0.008
      648  0.1255994E+03  0.20459E+00    6    1     3229    -1    -5     T     0.033     0.008
      649  0.1258039E+03  0.20459E+00    5    1     3234    -1    -5     T     0.033     0.008
      650  0.1260085E+03  0.20459E+00    5    1     3239    -1    -5     T     0.033     0.008
      651  0.1262131E+03  0.20459E+00    5    1     3244    -1    -5     T     0.033     0.008
      652  0.1264177E+03  0.20459E+00    5    1     3249    -1    -5     T     0.033     0.008
      653  0.1266223E+03  0.20459E+00    5    1     3254    -1    -5     T     0.033     0.008
      654  0.1268269E+03  0.20459E+00    5    1     3259    -1    -5     T     0.033     0.008
      655  0.1270315E+03  0.20459E+00    5    1     3264    -1    -5     T     0.033     0.008
      656  0.1272361E+03  0.20459E+00    5    1     3269    -1    -5     T     0.033     0.008
      657  0.1274407E+03  0.20459E+00    6    1     3275    -1    -5     T     0.033     0.008
      658  0.1276453E+03  0.20459E+00    5    1     3280    -1    -5     T     0.033     0.008
      659  0.1278499E+03  0.20459E+00    5    1     3285    -1    -5     T     0.033     0.008
      660  0.1280545E+03  0.20459E+00    5    1     3290    -1    -5     T     0.033     0.008
      661  0.1282591E+03  0.20459E+00    5    1     3295    -1    -5     T     0.033     0.008
      662  0.1284637E+03  0.20459E+00    5    1     3300    -1    -5     T     0.033     0.008
      663  0.1286683E+03  0.20459E+00    5    1     3305    -1    -5     T     0.033     0.008
      664  0.1288729E+03  0.20459E+00    5    1     3310    -1    -5     T     0.033     0.008
      665  0.1290774E+03  0.20459E+00    5    1     3315    -1    -5     T     0.033     0.008
      666  0.1292820E+03  0.20459E+00    6    1     3321    -1    -5     T     0.033     0.008
      667  0.1294866E+03  0.20459E+00    6    1     3327    -1    -5     T     0.033     0.008
      668  0.1296912E+03  0.20459E+00    5    1     3332    -1    -5     T     0.033     0.008
      669  0.1298958E+03  0.20459E+00    5    1     3337    -1    -5     T     0.033     0.008
      670  0.1301004E+03  0.20459E+00    5    1     3342    -1    -5     T     0.033     0.008
      671  0.1303050E+03  0.20459E+00    5    1     3347    -1    -5     T     0.033     0.008
      672  0.1305096E+03  0.20459E+00    5    1     3352    -1    -5     T     0.033     0.008
      673  0.1307142E+03  0.20459E+00    5    1     3357    -1    -5     T     0.033     0.008
      674  0.1309188E+03  0.20459E+00    5    1     3362    -1    -5     T     0.033     0.008
      675  0.1311234E+03  0.20459E+00    5    1     3367    -1    -5     T     0.033     0.008
      676  0.1313280E+03  0.20459E+00    6    1     3373    -1    -5     T     0.033     0.008
      677  0.1315326E+03  0.20459E+00    5    1     3378    -1    -5     T     0.033     0.008
      678  0.1317372E+03  0.20459E+00    5    1     3383    -1    -5     T     0.033     0.008
      679  0.1319418E+03  0.20459E+00    5    1     3388    -1    -5     T     0.033     0.008
      680  0.1321464E+03  0.20459E+00    5    1     3393    -1    -5     T     0.033     0.008
      681  0.1323510E+03  0.20459E+00    5    1     3398    -1    -5     T     0.033     0.008
      682  0.1325555E+03  0.20459E+00    5    1     3403    -1    -5     T     0.033     0.008
      683  0.1327601E+03  0.20459E+00    5    1     3408    -1    -5     T     0.033     0.008
      684  0.1329647E+03  0.20459E+00    5    1     3413    -1    -5     T     0.033     0.008
      685  0.1331693E+03  0.20459E+00    6    1     3419    -1    -5     T     0.033     0.008
      686  0.1333739E+03  0.20459E+00    5    1     3424    -1    -5     T     0.033     0.008
      687  0.1335785E+03  0.20459E+00    5    1     3429    -1    -5     T     0.033     0.008
      688  0.1337831E+03  0.20459E+00    5    1     3434    -1    -5     T     0.033     0.008
      689  0.1339877E+03  0.20459E+00    5    1     3439    -1    -5     T     0.033     0.008
      690  0.1341923E+03  0.20459E+00    5    1     3444    -1    -5     T     0.033     0.008
      691  0.1343969E+03  0.20459E+00    5    1     3449    -1    -5     T     0.033     0.008
      692  0.1346015E+03  0.20459E+00    5    1     3454    -1    -5     T     0.033     0.008
      693  0.1348061E+03  0.20459E+00    5    1     3459    -1    -5     T     0.033     0.008
      694  0.1350107E+03  0.20459E+00    6    1     3465    -1    -5     T     0.033     0.008
      695  0.1352153E+03  0.20459E+00    6    1     3471    -1    -5     T     0.033     0.008
      696  0.1354199E+03  0.20459E+00    5    1     3476    -1    -5     T     0.033     0.008
      697  0.1356245E+03  0.20459E+00    5    1     3481    -1    -5     T     0.033     0.008
      698  0.1358290E+03  0.20459E+00    5    1     3486    -1    -5     T     0.033     0.008
      699  0.1360336E+03  0.20459E+00    5    1     3491    -1    -5     T     0.033     0.008
      700  0.1362382E+03  0.20459E+00    5    1     3496    -1    -5     T     0.033     0.008
      701  0.1364428E+03  0.20459E+00    5    1     3501    -1    -5     T     0.033     0.008
      702  0.1366474E+03  0.20459E+00    5    1     3506    -1    -5     T     0.033     0.008
      703  0.1368520E+03  0.20459E+00    5    1     3511    -1    -5     T     0.033     0.008
      704  0.1370566E+03  0.20459E+00    6    1     3517    -1    -5     T     0.033     0.008
      705  0.1372612E+03  0.20459E+00    5    1     3522    -1    -5     T     0.033     0.008
      706  0.1374658E+03  0.20459E+00    5    1     3527    -1    -5     T     0.033     0.008
      707  0.1376704E+03  0.20459E+00    5    1     3532    -1    -5     T     0.033     0.008
      708  0.1378750E+03  0.20459E+00    5    1     3537    -1    -5     T     0.033     0.008
      709  0.1380796E+03  0.20459E+00    5    1     3542    -1    -5     T     0.033     0.008
      710  0.1382842E+03  0.20459E+00    5    1     3547    -1    -5     T     0.033     0.008
      711  0.1384888E+03  0.20459E+00    5    1     3552    -1    -5     T     0.033     0.008
      712  0.1386934E+03  0.20459E+00    5    1     3557    -1    -5     T     0.033     0.008
      713  0.1388980E+03  0.20459E+00    6    1     3563    -1    -5     T     0.033     0.008
      714  0.1391026E+03  0.20459E+00    5    1     3568    -1    -5     T     0.033     0.008
      715  0.1393071E+03  0.20459E+00    5    1     3573    -1    -5     T     0.033     0.008
      716  0.1395117E+03  0.20459E+00    5    1     3578    -1    -5     T     0.033     0.008
      717  0.1397163E+03  0.20459E+00    5    1     3583    -1    -5     T     0.033     0.008
      718  0.1399209E+03  0.20459E+00    5    1     3588    -1    -5     T     0.033     0.008
      719  0.1401255E+03  0.20459E+00    5    1     3593    -1    -5     T     0.033     0.008
      720  0.1403301E+03  0.20459E+00    5    1     3598    -1    -5     T     0.033     0.008
      721  0.1405347E+03  0.20459E+00    5    1     3603    -1    -5     T     0.033     0.008
      722  0.1407393E+03  0.20459E+00    6    1     3609    -1    -5     T     0.033     0.008
      723  0.1409439E+03  0.20459E+00    6    1     3615    -1    -5     T     0.033     0.008
      724  0.1411485E+03  0.20459E+00    5    1     3620    -1    -5     T     0.033     0.008
      725  0.1413531E+03  0.20459E+00    5    1     3625    -1    -5     T     0.033     0.008
      726  0.1415577E+03  0.20459E+00    5    1     3630    -1    -5     T     0.033     0.008
      727  0.1417623E+03  0.20459E+00    5    1     3635    -1    -5     T     0.033     0.008
      728  0.1419669E+03  0.20459E+00    5    1     3640    -1    -5     T     0.033     0.008
      729  0.1421715E+03  0.20459E+00    5    1     3645    -1    -5     T     0.033     0.008
      730  0.1423761E+03  0.20459E+00    5    1     3650    -1    -5     T     0.033     0.008
      731  0.1425807E+03  0.20459E+00    5    1     3655    -1    -5     T     0.033     0.008
      732  0.1427852E+03  0.20459E+00    6    1     3661    -1    -5     T     0.033     0.008
      733  0.1429898E+03  0.20459E+00    5    1     3666    -1    -5     T     0.033     0.008
      734  0.1431944E+03  0.20459E+00    5    1     3671    -1    -5     T     0.033     0.008
      735  0.1433990E+03  0.20459E+00    5    1     3676    -1    -5     T     0.033     0.008
      736  0.1436036E+03  0.20459E+00    5    1     3681    -1    -5     T     0.033     0.008
      737  0.1438082E+03  0.20459E+00    5    1     3686    -1    -5     T     0.033     0.008
      738  0.1440128E+03  0.20459E+00    5    1     3691    -1    -5     T     0.033     0.008
      739  0.1442174E+03  0.20459E+00    5    1     3696    -1    -5     T     0.033     0.008
      740  0.1444220E+03  0.20459E+00    5    1     3701    -1    -5     T     0.033     0.008
      741  0.1446266E+03  0.20459E+00    5    1     3706    -1    -5     T     0.033     0.008
      742  0.1448312E+03  0.20459E+00    6    1     3712    -1    -5     T     0.033     0.008
      743  0.1450358E+03  0.20459E+00    5    1     3717    -1    -5     T     0.033     0.008
      744  0.1452404E+03  0.20459E+00    5    1     3722    -1    -5     T     0.033     0.008
      745  0.1454450E+03  0.20459E+00    5    1     3727    -1    -5     T     0.033     0.008
      746  0.1456496E+03  0.20459E+00    5    1     3732    -1    -5     T     0.033     0.008
      747  0.1458542E+03  0.20459E+00    5    1     3737    -1    -5     T     0.033     0.008
      748  0.1460587E+03  0.20459E+00    5    1     3742    -1    -5     T     0.033     0.008
      749  0.1462633E+03  0.20459E+00    5    1     3747    -1    -5     T     0.033     0.008
      750  0.1464679E+03  0.20459E+00    6    1     3753    -1    -5     T     0.033     0.008
      751  0.1466725E+03  0.20459E+00    6    1     3759    -1    -5     T     0.033     0.008
      752  0.1468771E+03  0.20459E+00    5    1     3764    -1    -5     T     0.033     0.008
      753  0.1470817E+03  0.20459E+00    5    1     3769    -1    -5     T     0.033     0.008
      754  0.1472863E+03  0.20459E+00    5    1     3774    -1    -5     T     0.033     0.008
      755  0.1474909E+03  0.20459E+00    5    1     3779    -1    -5     T     0.033     0.008
      756  0.1476955E+03  0.20459E+00    5    1     3784    -1    -5     T     0.033     0.008
      757  0.1479001E+03  0.20459E+00    5    1     3789    -1    -5     T     0.033     0.008
      758  0.1481047E+03  0.20459E+00    5    1     3794    -1    -5     T     0.033     0.008
      759  0.1483093E+03  0.20459E+00    5    1     3799    -1    -5     T     0.033     0.008
      760  0.1485139E+03  0.20459E+00    6    1     3805    -1    -5     T     0.033     0.008
      761  0.1487185E+03  0.20459E+00    5    1     3810    -1    -5     T     0.033     0.008
      762  0.1489231E+03  0.20459E+00    5    1     3815    -1    -5     T     0.033     0.008
      763  0.1491277E+03  0.20459E+00    5    1     3820    -1    -5     T     0.033     0.008
      764  0.1493323E+03  0.20459E+00    5    1     3825    -1    -5     T     0.033     0.008
      765  0.1495368E+03  0.20459E+00    5    1     3830    -1    -5     T     0.033     0.008
      766  0.1497414E+03  0.20459E+00    5    1     3835    -1    -5     T     0.033     0.008
      767  0.1499460E+03  0.20459E+00    5    1     3840    -1    -5     T     0.033     0.008
      768  0.1501506E+03  0.20459E+00    5    1     3845    -1    -5     T     0.033     0.008
      769  0.1503552E+03  0.20459E+00    5    1     3850    -1    -5     T     0.033     0.008
      770  0.1505598E+03  0.20459E+00    6    1     3856    -1    -5     T     0.033     0.008
      771  0.1507644E+03  0.20459E+00    5    1     3861    -1    -5     T     0.033     0.008
      772  0.1509690E+03  0.20459E+00    5    1     3866    -1    -5     T     0.033     0.008
      773  0.1511736E+03  0.20459E+00    5    1     3871    -1    -5     T     0.033     0.008
      774  0.1513782E+03  0.20459E+00    5    1     3876    -1    -5     T     0.033     0.008
      775  0.1515828E+03  0.20459E+00    5    1     3881    -1    -5     T     0.033     0.008
      776  0.1517874E+03  0.20459E+00    5    1     3886    -1    -5     T     0.033     0.008
      777  0.1519920E+03  0.20459E+00    5    1     3891    -1    -5     T     0.033     0.008
      778  0.1521966E+03  0.20459E+00    6    1     3897    -1    -5     T     0.033     0.008
      779  0.1524012E+03  0.20459E+00    6    1     3903    -1    -5     T     0.033     0.008
      780  0.1526058E+03  0.20459E+00    5    1     3908    -1    -5     T     0.033     0.008
      781  0.1528103E+03  0.20459E+00    5    1     3913    -1    -5     T     0.033     0.008
      782  0.1530149E+03  0.20459E+00    5    1     3918    -1    -5     T     0.033     0.008
      783  0.1532195E+03  0.20459E+00    5    1     3923    -1    -5     T     0.033     0.008
      784  0.1534241E+03  0.20459E+00    5    1     3928    -1    -5     T     0.033     0.008
      785  0.1536287E+03  0.20459E+00    5    1     3933    -1    -5     T     0.033     0.008
      786  0.1538333E+03  0.20459E+00    5    1     3938    -1    -5     T     0.033     0.008
      787  0.1540379E+03  0.20459E+00    5    1     3943    -1    -5     T     0.033     0.008
      788  0.1542425E+03  0.20459E+00    6    1     3949    -1    -5     T     0.033     0.008
      789  0.1544471E+03  0.20459E+00    5    1     3954    -1    -5     T     0.033     0.008
      790  0.1546517E+03  0.20459E+00    5    1     3959    -1    -5     T     0.033     0.008
      791  0.1548563E+03  0.20459E+00    5    1     3964    -1    -5     T     0.033     0.008
      792  0.1550609E+03  0.20459E+00    5    1     3969    -1    -5     T     0.033     0.008
      793  0.1552655E+03  0.20459E+00    5    1     3974    -1    -5     T     0.033     0.008
      794  0.1554701E+03  0.20459E+00    5    1     3979    -1    -5     T     0.033     0.008
      795  0.1556747E+03  0.20459E+00    5    1     3984    -1    -5     T     0.033     0.008
      796  0.1558793E+03  0.20459E+00    5    1     3989    -1    -5     T     0.033     0.008
      797  0.1560839E+03  0.20459E+00    5    1     3994    -1    -5     T     0.033     0.008
      798  0.1562884E+03  0.20459E+00    5    1     3999    -1    -5     T     0.033     0.008
      799  0.1564930E+03  0.20459E+00    5    1     4004    -1    -5     T     0.033     0.008
      800  0.1566976E+03  0.20459E+00    5    1     4009    -1    -5     T     0.033     0.008
      801  0.1569022E+03  0.20459E+00    5    1     4014    -1    -5     T     0.033     0.008
      802  0.1571068E+03  0.20459E+00    5    1     4019    -1    -5     T     0.033     0.008
      803  0.1573114E+03  0.20459E+00    5    1     4024    -1    -5     T     0.033     0.008
      804  0.1575160E+03  0.20459E+00    5    1     4029    -1    -5     T     0.033     0.008
      805  0.1577206E+03  0.20459E+00    5    1     4034    -1    -5     T     0.033     0.008
      806  0.1579252E+03  0.20459E+00    6    1     4040    -1    -5     T     0.033     0.008
      807  0.1581298E+03  0.20459E+00    6    1     4046    -1    -5     T     0.033     0.008
      808  0.1583344E+03  0.20459E+00    5    1     4051    -1    -5     T     0.033     0.008
      809  0.1585390E+03  0.20459E+00    5    1     4056    -1    -5     T     0.033     0.008
      810  0.1587436E+03  0.20459E+00    5    1     4061    -1    -5     T     0.033     0.008
      811  0.1589482E+03  0.20459E+00    5    1     4066    -1    -5     T     0.033     0.008
      812  0.1591528E+03  0.20459E+00    5    1     4071    -1    -5     T     0.033     0.008
      813  0.1593574E+03  0.20459E+00    5    1     4076    -1    -5     T     0.033     0.008
      814  0.1595620E+03  0.20459E+00    5    1     4081    -1    -5     T     0.033     0.008
      815  0.1597665E+03  0.20459E+00    5    1     4086    -1    -5     T     0.033     0.008
      816  0.1599711E+03  0.20459E+00    6    1     4092    -1    -5     T     0.033     0.008
      817  0.1601757E+03  0.20459E+00    5    1     4097    -1    -5     T     0.033     0.008
      818  0.1603803E+03  0.20459E+00    5    1     4102    -1    -5     T     0.033     0.008
      819  0.1605849E+03  0.20459E+00    5    1     4107    -1    -5     T     0.033     0.008
      820  0.1607895E+03  0.20459E+00    5    1     4112    -1    -5     T     0.033     0.008
      821  0.1609941E+03  0.20459E+00    5    1     4117    -1    -5     T     0.033     0.008
      822  0.1611987E+03  0.20459E+00    5    1     4122    -1    -5     T     0.033     0.008
      823  0.1614033E+03  0.20459E+00    5    1     4127    -1    -5     T     0.033     0.008
      824  0.1616079E+03  0.20459E+00    5    1     4132    -1    -5     T     0.033     0.008
      825  0.1618125E+03  0.20459E+00    5    1     4137    -1    -5     T     0.033     0.008
      826  0.1620171E+03  0.20459E+00    5    1     4142    -1    -5     T     0.033     0.008
      827  0.1622217E+03  0.20459E+00    5    1     4147    -1    -5     T     0.033     0.008
      828  0.1624263E+03  0.20459E+00    5    1     4152    -1    -5     T     0.033     0.008
      829  0.1626309E+03  0.20459E+00    5    1     4157    -1    -5     T     0.033     0.008
      830  0.1628355E+03  0.20459E+00    5    1     4162    -1    -5     T     0.033     0.008
      831  0.1630400E+03  0.20459E+00    5    1     4167    -1    -5     T     0.033     0.008
      832  0.1632446E+03  0.20459E+00    5    1     4172    -1    -5     T     0.033     0.008
      833  0.1634492E+03  0.20459E+00    5    1     4177    -1    -5     T     0.033     0.008
      834  0.1636538E+03  0.20459E+00    6    1     4183    -1    -5     T     0.033     0.008
      835  0.1638584E+03  0.20459E+00    6    1     4189    -1    -5     T     0.033     0.008
      836  0.1640630E+03  0.20459E+00    5    1     4194    -1    -5     T     0.033     0.008
      837  0.1642676E+03  0.20459E+00    5    1     4199    -1    -5     T     0.033     0.008
      838  0.1644722E+03  0.20459E+00    5    1     4204    -1    -5     T     0.033     0.008
      839  0.1646768E+03  0.20459E+00    5    1     4209    -1    -5     T     0.033     0.008
      840  0.1648814E+03  0.20459E+00    5    1     4214    -1    -5     T     0.033     0.008
      841  0.1650860E+03  0.20459E+00    5    1     4219    -1    -5     T     0.033     0.008
      842  0.1652906E+03  0.20459E+00    5    1     4224    -1    -5     T     0.033     0.008
      843  0.1654952E+03  0.20459E+00    5    1     4229    -1    -5     T     0.033     0.008
      844  0.1656998E+03  0.20459E+00    6    1     4235    -1    -5     T     0.033     0.008
      845  0.1659044E+03  0.20459E+00    5    1     4240    -1    -5     T     0.033     0.008
      846  0.1661090E+03  0.20459E+00    5    1     4245    -1    -5     T     0.033     0.008
      847  0.1663136E+03  0.20459E+00    5    1     4250    -1    -5     T     0.033     0.008
      848  0.1665181E+03  0.20459E+00    5    1     4255    -1    -5     T     0.033     0.008
      849  0.1667227E+03  0.20459E+00    5    1     4260    -1    -5     T     0.033     0.008
      850  0.1669273E+03  0.20459E+00    5    1     4265    -1    -5     T     0.033     0.008
      851  0.1671319E+03  0.20459E+00    5    1     4270    -1    -5     T     0.033     0.008
      852  0.1673365E+03  0.20459E+00    5    1     4275    -1    -5     T     0.033     0.008
      853  0.1675411E+03  0.20459E+00    5    1     4280    -1    -5     T     0.033     0.008
      854  0.1677457E+03  0.20459E+00    5    1     4285    -1    -5     T     0.033     0.008
      855  0.1679503E+03  0.20459E+00    5    1     4290    -1    -5     T     0.033     0.008
      856  0.1681549E+03  0.20459E+00    5    1     4295    -1    -5     T     0.033     0.008
      857  0.1683595E+03  0.20459E+00    5    1     4300    -1    -5     T     0.033     0.008
      858  0.1685641E+03  0.20459E+00    5    1     4305    -1    -5     T     0.033     0.008
      859  0.1687687E+03  0.20459E+00    5    1     4310    -1    -5     T     0.033     0.008
      860  0.1689733E+03  0.20459E+00    5    1     4315    -1    -5     T     0.033     0.008
      861  0.1691779E+03  0.20459E+00    5    1     4320    -1    -5     T     0.033     0.008
      862  0.1693825E+03  0.20459E+00    6    1     4326    -1    -5     T     0.033     0.008
      863  0.1695871E+03  0.20459E+00    6    1     4332    -1    -5     T     0.033     0.008
      864  0.1697916E+03  0.20459E+00    5    1     4337    -1    -5     T     0.033     0.008
      865  0.1699962E+03  0.20459E+00    5    1     4342    -1    -5     T     0.033     0.008
      866  0.1702008E+03  0.20459E+00    5    1     4347    -1    -5     T     0.033     0.008
      867  0.1704054E+03  0.20459E+00    5    1     4352    -1    -5     T     0.033     0.008
      868  0.1706100E+03  0.20459E+00    5    1     4357    -1    -5     T     0.033     0.008
      869  0.1708146E+03  0.20459E+00    5    1     4362    -1    -5     T     0.033     0.008
      870  0.1710192E+03  0.20459E+00    5    1     4367    -1    -5     T     0.033     0.008
      871  0.1712238E+03  0.20459E+00    5    1     4372    -1    -5     T     0.033     0.008
      872  0.1714284E+03  0.20459E+00    6    1     4378    -1    -5     T     0.033     0.008
      873  0.1716330E+03  0.20459E+00    5    1     4383    -1    -5     T     0.033     0.008
      874  0.1718376E+03  0.20459E+00    5    1     4388    -1    -5     T     0.033     0.008
      875  0.1720422E+03  0.20459E+00    5    1     4393    -1    -5     T     0.033     0.008
      876  0.1722468E+03  0.20459E+00    5    1     4398    -1    -5     T     0.033     0.008
      877  0.1724514E+03  0.20459E+00    5    1     4403    -1    -5     T     0.033     0.008
      878  0.1726560E+03  0.20459E+00    5    1     4408    -1    -5     T     0.033     0.008
      879  0.1728606E+03  0.20459E+00    5    1     4413    -1    -5     T     0.033     0.008
      880  0.1730652E+03  0.20459E+00    5    1     4418    -1    -5     T     0.033     0.008
      881  0.1732697E+03  0.20459E+00    5    1     4423    -1    -5     T     0.033     0.008
      882  0.1734743E+03  0.20459E+00    5    1     4428    -1    -5     T     0.033     0.008
      883  0.1736789E+03  0.20459E+00    5    1     4433    -1    -5     T     0.033     0.008
      884  0.1738835E+03  0.20459E+00    5    1     4438    -1    -5     T     0.033     0.008
      885  0.1740881E+03  0.20459E+00    5    1     4443    -1    -5     T     0.033     0.008
      886  0.1742927E+03  0.20459E+00    5    1     4448    -1    -5     T     0.033     0.008
      887  0.1744973E+03  0.20459E+00    5    1     4453    -1    -5     T     0.033     0.008
      888  0.1747019E+03  0.20459E+00    5    1     4458    -1    -5     T     0.033     0.008
      889  0.1749065E+03  0.20459E+00    5    1     4463    -1    -5     T     0.033     0.008
      890  0.1751111E+03  0.20459E+00    6    1     4469    -1    -5     T     0.033     0.008
      891  0.1753157E+03  0.20459E+00    6    1     4475    -1    -5     T     0.033     0.008
      892  0.1755203E+03  0.20459E+00    5    1     4480    -1    -5     T     0.033     0.008
      893  0.1757249E+03  0.20459E+00    5    1     4485    -1    -5     T     0.033     0.008
      894  0.1759295E+03  0.20459E+00    5    1     4490    -1    -5     T     0.033     0.008
      895  0.1761341E+03  0.20459E+00    5    1     4495    -1    -5     T     0.033     0.008
      896  0.1763387E+03  0.20459E+00    5    1     4500    -1    -5     T     0.033     0.008
      897  0.1765432E+03  0.20459E+00    5    1     4505    -1    -5     T     0.033     0.008
      898  0.1767478E+03  0.20459E+00    5    1     4510    -1    -5     T     0.033     0.008
      899  0.1769524E+03  0.20459E+00    5    1     4515    -1    -5     T     0.033     0.008
      900  0.1771570E+03  0.20459E+00    6    1     4521    -1    -5     T     0.033     0.008
      901  0.1773616E+03  0.20459E+00    5    1     4526    -1    -5     T     0.033     0.008
      902  0.1775662E+03  0.20459E+00    5    1     4531    -1    -5     T     0.033     0.008
      903  0.1777708E+03  0.20459E+00    5    1     4536    -1    -5     T     0.033     0.008
      904  0.1779754E+03  0.20459E+00    5    1     4541    -1    -5     T     0.033     0.008
      905  0.1781800E+03  0.20459E+00    5    1     4546    -1    -5     T     0.033     0.008
      906  0.1783846E+03  0.20459E+00    5    1     4551    -1    -5     T     0.033     0.008
      907  0.1785892E+03  0.20459E+00    5    1     4556    -1    -5     T     0.033     0.008
      908  0.1787938E+03  0.20459E+00    5    1     4561    -1    -5     T     0.033     0.008
      909  0.1789984E+03  0.20459E+00    5    1     4566    -1    -5     T     0.033     0.008
      910  0.1792030E+03  0.20459E+00    5    1     4571    -1    -5     T     0.033     0.008
      911  0.1794076E+03  0.20459E+00    5    1     4576    -1    -5     T     0.033     0.008
      912  0.1796122E+03  0.20459E+00    5    1     4581    -1    -5     T     0.033     0.008
      913  0.1798168E+03  0.20459E+00    5    1     4586    -1    -5     T     0.033     0.008
      914  0.1800213E+03  0.20459E+00    5    1     4591    -1    -5     T     0.033     0.008
      915  0.1802259E+03  0.20459E+00    5    1     4596    -1    -5     T     0.033     0.008
      916  0.1804305E+03  0.20459E+00    5    1     4601    -1    -5     T     0.033     0.008
      917  0.1806351E+03  0.20459E+00    5    1     4606    -1    -5     T     0.033     0.008
      918  0.1808397E+03  0.20459E+00    6    1     4612    -1    -5     T     0.033     0.008
      919  0.1810443E+03  0.20459E+00    6    1     4618    -1    -5     T     0.033     0.008
      920  0.1812489E+03  0.20459E+00    5    1     4623    -1    -5     T     0.033     0.008
      921  0.1814535E+03  0.20459E+00    5    1     4628    -1    -5     T     0.033     0.008
      922  0.1816581E+03  0.20459E+00    5    1     4633    -1    -5     T     0.033     0.008
      923  0.1818627E+03  0.20459E+00    5    1     4638    -1    -5     T     0.033     0.008
      924  0.1820673E+03  0.20459E+00    5    1     4643    -1    -5     T     0.033     0.008
      925  0.1822719E+03  0.20459E+00    5    1     4648    -1    -5     T     0.033     0.008
      926  0.1824765E+03  0.20459E+00    5    1     4653    -1    -5     T     0.033     0.008
      927  0.1826811E+03  0.20459E+00    5    1     4658    -1    -5     T     0.033     0.008
      928  0.1828857E+03  0.20459E+00    6    1     4664    -1    -5     T     0.033     0.008
      929  0.1830903E+03  0.20459E+00    5    1     4669    -1    -5     T     0.033     0.008
      930  0.1832949E+03  0.20459E+00    5    1     4674    -1    -5     T     0.033     0.008
      931  0.1834994E+03  0.20459E+00    5    1     4679    -1    -5     T     0.033     0.008
      932  0.1837040E+03  0.20459E+00    5    1     4684    -1    -5     T     0.033     0.008
      933  0.1839086E+03  0.20459E+00    5    1     4689    -1    -5     T     0.033     0.008
      934  0.1841132E+03  0.20459E+00    5    1     4694    -1    -5     T     0.033     0.008
      935  0.1843178E+03  0.20459E+00    5    1     4699    -1    -5     T     0.033     0.008
      936  0.1845224E+03  0.20459E+00    5    1     4704    -1    -5     T     0.033     0.008
      937  0.1847270E+03  0.20459E+00    5    1     4709    -1    -5     T     0.033     0.008
      938  0.1849316E+03  0.20459E+00    5    1     4714    -1    -5     T     0.033     0.008
      939  0.1851362E+03  0.20459E+00    5    1     4719    -1    -5     T     0.033     0.008
      940  0.1853408E+03  0.20459E+00    5    1     4724    -1    -5     T     0.033     0.008
      941  0.1855454E+03  0.20459E+00    5    1     4729    -1    -5     T     0.033     0.008
      942  0.1857500E+03  0.20459E+00    5    1     4734    -1    -5     T     0.033     0.008
      943  0.1859546E+03  0.20459E+00    5    1     4739    -1    -5     T     0.033     0.008
      944  0.1861592E+03  0.20459E+00    5    1     4744    -1    -5     T     0.033     0.008
      945  0.1863638E+03  0.20459E+00    5    1     4749    -1    -5     T     0.033     0.008
      946  0.1865684E+03  0.20459E+00    6    1     4755    -1    -5     T     0.033     0.008
      947  0.1867729E+03  0.20459E+00    6    1     4761    -1    -5     T     0.033     0.008
      948  0.1869775E+03  0.20459E+00    5    1     4766    -1    -5     T     0.033     0.008
      949  0.1871821E+03  0.20459E+00    5    1     4771    -1    -5     T     0.033     0.008
      950  0.1873867E+03  0.20459E+00    5    1     4776    -1    -5     T     0.033     0.008
      951  0.1875913E+03  0.20459E+00    5    1     4781    -1    -5     T     0.033     0.008
      952  0.1877959E+03  0.20459E+00    5    1     4786    -1    -5     T     0.033     0.008
      953  0.1880005E+03  0.20459E+00    5    1     4791    -1    -5     T     0.033     0.008
      954  0.1882051E+03  0.20459E+00    5    1     4796    -1    -5     T     0.033     0.008
      955  0.1884097E+03  0.20459E+00    5    1     4801    -1    -5     T     0.033     0.008
      956  0.1886143E+03  0.20459E+00    6    1     4807    -1    -5     T     0.033     0.008
      957  0.1888189E+03  0.20459E+00    5    1     4812    -1    -5     T     0.033     0.008
      958  0.1890235E+03  0.20459E+00    5    1     4817    -1    -5     T     0.033     0.008
      959  0.1892281E+03  0.20459E+00    5    1     4822    -1    -5     T     0.033     0.008
      960  0.1894327E+03  0.20459E+00    5    1     4827    -1    -5     T     0.033     0.008
      961  0.1896373E+03  0.20459E+00    5    1     4832    -1    -5     T     0.033     0.008
      962  0.1898419E+03  0.20459E+00    5    1     4837    -1    -5     T     0.033     0.008
      963  0.1900465E+03  0.20459E+00    5    1     4842    -1    -5     T     0.033     0.008
      964  0.1902510E+03  0.20459E+00    6    1     4848    -1    -5     T     0.033     0.008
      965  0.1904556E+03  0.20459E+00    6    1     4854    -1    -5     T     0.033     0.008
      966  0.1906602E+03  0.20459E+00    5    1     4859    -1    -5     T     0.033     0.008
      967  0.1908648E+03  0.20459E+00    4    1     4863    -1    -5     T     0.033     0.008
      968  0.1910694E+03  0.20459E+00    4    1     4867    -1    -5     T     0.033     0.008
      969  0.1912740E+03  0.20459E+00    4    1     4871    -1    -5     T     0.033     0.008
      970  0.1914786E+03  0.20459E+00    3    1     4874    -1    -5     T     0.033     0.008
      971  0.1917446E+03  0.26597E+00    4    1     4878    -1    -5     T     0.033     0.011
      972  0.1920106E+03  0.26597E+00    4    1     4882    -1    -5     T     0.033     0.011
      973  0.1922765E+03  0.26597E+00    4    1     4886    -1    -5     T     0.033     0.011
      974  0.1925425E+03  0.26597E+00    5    1     4891    -1    -5     T     0.033     0.011
      975  0.1928085E+03  0.26597E+00    6    1     4897    -1    -5     T     0.033     0.011
      976  0.1930744E+03  0.26597E+00    5    1     4902    -1    -5     T     0.033     0.010
      977  0.1933404E+03  0.26597E+00    5    1     4907    -1    -5     T     0.033     0.010
      978  0.1936064E+03  0.26597E+00    6    1     4913    -1    -5     T     0.033     0.010
      979  0.1938724E+03  0.26597E+00    5    1     4918    -1    -5     T     0.033     0.010
      980  0.1941383E+03  0.26597E+00    5    1     4923    -1    -5     T     0.033     0.010
      981  0.1944043E+03  0.26597E+00    6    1     4929    -1    -5     T     0.033     0.010
      982  0.1946703E+03  0.26597E+00    5    1     4934    -1    -5     T     0.033     0.010
      983  0.1949362E+03  0.26597E+00    4    1     4938    -1    -5     T     0.033     0.010
      984  0.1952022E+03  0.26597E+00    2    1     4940    -1    -5     T     0.033     0.010
      985  0.1953175E+03  0.11525E+00    2    1     4952    -1    -5     T     0.033     0.004
      986  0.1954673E+03  0.14983E+00    2    1     4954    -1    -5     T     0.033     0.006
      987  0.1956621E+03  0.19478E+00    2    1     4956    -1    -5     T     0.033     0.007
      988  0.1959153E+03  0.25321E+00    2    1     4958    -1    -5     T     0.033     0.009
      989  0.1962445E+03  0.32918E+00    3    1     4961    -1    -5     T     0.033     0.012
      990  0.1963836E+03  0.13909E+00    2    1     4973    -1    -5     T     0.033     0.005
      991  0.1965644E+03  0.18082E+00    2    1     4975    -1    -5     T     0.033     0.007
      992  0.1967995E+03  0.23507E+00    2    1     4977    -1    -5     T     0.033     0.009
      993  0.1971195E+03  0.32005E+00    2    1     4979    -1    -5     T     0.033     0.012
      994  0.1972567E+03  0.13717E+00    2    1     4991    -1    -5     T     0.033     0.005
      995  0.1974350E+03  0.17832E+00    2    1     4993    -1    -5     T     0.033     0.006
      996  0.1976668E+03  0.23181E+00    2    1     4995    -1    -5     T     0.033     0.008
      997  0.1979585E+03  0.29165E+00    2    1     4997    -1    -5     T     0.033     0.011
      998  0.1983668E+03  0.40831E+00    2    1     4999    -1    -5     T     0.033     0.015
      999  0.1989112E+03  0.54441E+00    2    1     5001    -1    -5     T     0.033     0.020
     1000  0.1990926E+03  0.18147E+00    2    1     5013    -1    -5     T     0.033     0.007
     1001  0.1993195E+03  0.22684E+00    2    1     5015    -1    -5     T     0.033     0.008
     1002  0.1996597E+03  0.34026E+00    2    1     5017    -1    -5     T     0.033     0.012
     1003  0.2000000E+03  0.34026E+00    2    1     5019    -1    -5     T     0.033     0.012
end
