 All solute fluxes and cumulative solute fluxes are positive into the region

       Time         cvTop        cvBot      Sum(cvTop)   Sum(cvBot)     cvCh0        cvCh1         cTop        cRoot         cBot        cvRoot    Sum(cvRoot)  Sum(cvNEql) TLevel      cGWL        cRunOff   Sum(cRunOff)    (cv(i),    Sum(cv(i)), i=1,NObs)
        [T]        [M/L2/T]     [M/L2/T]      [M/L2]       [M/L2]       [M/L2]      [M/L2]        [M/L3]      [M/L3]        [M/L3]      [M/L2/T]      [M/L2]       [M/L2]              [M/L3]        [M/L2]      [M/L3]      [M/L2/T]      [M/L2]
        0.0010  0.14700E+02  0.00000E+00  0.14700E-01  0.00000E+00  0.00000E+00  0.00000E+00  0.37083E-02  0.00000E+00  0.00000E+00  0.00000E+00  0.00000E+00  0.00000E+00       1  0.00000E+00  0.00000E+00  0.00000E+00
        0.0023  0.14700E+02  0.00000E+00  0.33810E-01  0.00000E+00  0.00000E+00  0.00000E+00  0.12383E-01  0.00000E+00  0.00000E+00  0.00000E+00  0.00000E+00  0.00000E+00       2  0.00000E+00  0.00000E+00  0.00000E+00
        0.0040  0.14700E+02  0.00000E+00  0.58653E-01  0.00000E+00  0.00000E+00  0.00000E+00  0.21982E-01  0.00000E+00  0.00000E+00  0.00000E+00  0.00000E+00  0.00000E+00       3  0.00000E+00  0.00000E+00  0.00000E+00
        0.0062  0.14700E+02  0.00000E+00  0.90949E-01  0.00000E+00  0.00000E+00  0.00000E+00  0.32306E-01  0.00000E+00  0.00000E+00  0.00000E+00  0.00000E+00  0.00000E+00       4  0.00000E+00  0.00000E+00  0.00000E+00
        0.0090  0.14700E+02  0.00000E+00  0.13293E+00  0.00000E+00  0.00000E+00  0.00000E+00  0.43208E-01  0.00000E+00  0.00000E+00  0.00000E+00  0.00000E+00  0.00000E+00       5  0.00000E+00  0.00000E+00  0.00000E+00
        0.0128  0.14700E+02  0.00000E+00  0.18751E+00  0.00000E+00  0.00000E+00  0.00000E+00  0.54761E-01  0.00000E+00  0.00000E+00  0.00000E+00  0.00000E+00  0.00000E+00       6  0.00000E+00  0.00000E+00  0.00000E+00
        0.0176  0.14700E+02  0.00000E+00  0.25847E+00  0.00000E+00  0.00000E+00  0.00000E+00  0.67334E-01  0.00000E+00  0.00000E+00  0.00000E+00  0.00000E+00  0.00000E+00       7  0.00000E+00  0.00000E+00  0.00000E+00
        0.0239  0.14700E+02  0.00000E+00  0.35071E+00  0.00000E+00  0.00000E+00  0.00000E+00  0.81521E-01  0.00000E+00  0.00000E+00  0.00000E+00  0.00000E+00  0.00000E+00       8  0.00000E+00  0.00000E+00  0.00000E+00
        0.0320  0.14700E+02  0.00000E+00  0.47062E+00  0.00000E+00  0.00000E+00  0.00000E+00  0.97823E-01  0.00000E+00  0.00000E+00  0.00000E+00  0.00000E+00  0.00000E+00       9  0.00000E+00  0.00000E+00  0.00000E+00
        0.0426  0.14700E+02  0.00000E+00  0.62651E+00  0.00000E+00  0.00000E+00  0.00000E+00  0.11627E+00  0.00000E+00  0.00000E+00  0.00000E+00  0.00000E+00  0.00000E+00      10  0.00000E+00  0.00000E+00  0.00000E+00
        0.0564  0.14700E+02  0.00000E+00  0.82916E+00  0.00000E+00  0.00000E+00  0.00000E+00  0.13646E+00  0.00000E+00  0.00000E+00  0.00000E+00  0.00000E+00  0.00000E+00      11  0.00000E+00  0.00000E+00  0.00000E+00
        0.0743  0.14700E+02  0.00000E+00  0.10926E+01  0.00000E+00  0.00000E+00  0.00000E+00  0.15838E+00  0.00000E+00  0.00000E+00  0.00000E+00  0.00000E+00  0.00000E+00      12  0.00000E+00  0.00000E+00  0.00000E+00
        0.0976  0.14700E+02  0.00000E+00  0.14351E+01  0.00000E+00  0.00000E+00  0.00000E+00  0.18293E+00  0.00000E+00  0.00000E+00  0.00000E+00  0.00000E+00  0.00000E+00      13  0.00000E+00  0.00000E+00  0.00000E+00
        0.1279  0.14700E+02  0.00000E+00  0.18803E+01  0.00000E+00  0.00000E+00  0.00000E+00  0.21057E+00  0.00000E+00  0.00000E+00  0.00000E+00  0.00000E+00  0.00000E+00      14  0.00000E+00  0.00000E+00  0.00000E+00
        0.1673  0.14700E+02  0.00000E+00  0.24591E+01  0.00000E+00  0.00000E+00  0.00000E+00  0.24116E+00  0.00000E+00  0.00000E+00  0.00000E+00  0.00000E+00  0.00000E+00      15  0.00000E+00  0.00000E+00  0.00000E+00
        0.2185  0.14700E+02  0.00000E+00  0.32115E+01  0.00000E+00  0.00000E+00  0.00000E+00  0.27546E+00  0.00000E+00  0.00000E+00  0.00000E+00  0.00000E+00  0.00000E+00      16  0.00000E+00  0.00000E+00  0.00000E+00
        0.2850  0.14700E+02  0.00000E+00  0.41897E+01  0.00000E+00  0.00000E+00  0.00000E+00  0.31393E+00  0.00000E+00  0.00000E+00  0.00000E+00  0.00000E+00  0.00000E+00      17  0.00000E+00  0.00000E+00  0.00000E+00
        0.3715  0.14700E+02  0.00000E+00  0.54613E+01  0.00000E+00  0.00000E+00  0.00000E+00  0.35686E+00  0.00000E+00  0.00000E+00  0.00000E+00  0.00000E+00  0.00000E+00      18  0.00000E+00  0.00000E+00  0.00000E+00
        0.4840  0.14700E+02  0.00000E+00  0.71144E+01  0.00000E+00  0.00000E+00  0.00000E+00  0.40496E+00  0.00000E+00  0.00000E+00  0.00000E+00  0.00000E+00  0.00000E+00      19  0.00000E+00  0.00000E+00  0.00000E+00
        0.6302  0.14700E+02  0.00000E+00  0.92634E+01  0.00000E+00  0.00000E+00  0.00000E+00  0.45834E+00  0.00000E+00  0.00000E+00  0.00000E+00  0.00000E+00  0.00000E+00      20  0.00000E+00  0.00000E+00  0.00000E+00
        0.8202  0.14700E+02  0.00000E+00  0.12057E+02  0.00000E+00  0.00000E+00  0.00000E+00  0.51780E+00  0.00000E+00  0.00000E+00  0.00000E+00  0.00000E+00  0.00000E+00      21  0.00000E+00  0.00000E+00  0.00000E+00
        1.0673  0.14700E+02  0.00000E+00  0.15689E+02  0.00000E+00  0.00000E+00  0.00000E+00  0.58420E+00  0.00000E+00  0.00000E+00  0.00000E+00  0.00000E+00  0.00000E+00      22  0.00000E+00  0.00000E+00  0.00000E+00
        1.3885  0.14700E+02  0.00000E+00  0.20410E+02  0.00000E+00  0.00000E+00  0.00000E+00  0.65852E+00  0.00000E+00  0.00000E+00  0.00000E+00  0.00000E+00  0.00000E+00      23  0.00000E+00  0.00000E+00  0.00000E+00
        1.8060  0.14700E+02  0.00000E+00  0.26548E+02  0.00000E+00  0.00000E+00  0.00000E+00  0.74147E+00  0.00000E+00  0.00000E+00  0.00000E+00  0.00000E+00  0.00000E+00      24  0.00000E+00  0.00000E+00  0.00000E+00
        2.2235  0.14700E+02  0.00000E+00  0.32686E+02  0.00000E+00  0.00000E+00  0.00000E+00  0.81339E+00  0.00000E+00  0.00000E+00  0.00000E+00  0.00000E+00  0.00000E+00      25  0.00000E+00  0.00000E+00  0.00000E+00
        2.7663  0.14700E+02  0.00000E+00  0.40665E+02  0.00000E+00  0.00000E+00  0.00000E+00  0.89509E+00  0.00000E+00  0.00000E+00  0.00000E+00  0.00000E+00  0.00000E+00      26  0.00000E+00  0.00000E+00  0.00000E+00
        3.4897  0.14700E+02  0.00000E+00  0.51299E+02  0.00000E+00  0.00000E+00  0.00000E+00  0.98968E+00  0.00000E+00  0.34520E-27  0.00000E+00  0.00000E+00  0.00000E+00      27  0.00000E+00  0.00000E+00  0.00000E+00
        4.2131  0.14700E+02 -0.54452E-28  0.61932E+02 -0.39389E-28  0.00000E+00  0.00000E+00  0.10731E+01  0.00000E+00  0.21887E-25  0.00000E+00  0.00000E+00  0.00000E+00      28  0.00000E+00  0.00000E+00  0.00000E+00
        4.9364  0.14700E+02 -0.17910E-26  0.72566E+02 -0.13350E-26  0.00000E+00  0.00000E+00  0.11477E+01  0.00000E+00  0.70936E-24  0.00000E+00  0.00000E+00  0.00000E+00      29  0.00000E+00  0.00000E+00  0.00000E+00
        5.7804  0.14700E+02 -0.25491E-24  0.84971E+02 -0.21646E-24  0.00000E+00  0.00000E+00  0.12261E+01  0.00000E+00  0.10337E-21  0.00000E+00  0.00000E+00  0.00000E+00      30  0.00000E+00  0.00000E+00  0.00000E+00
        6.8353  0.14700E+02 -0.24277E-21  0.10048E+03 -0.25632E-21  0.00000E+00  0.00000E+00  0.13145E+01  0.00000E+00  0.99017E-19  0.00000E+00  0.00000E+00  0.00000E+00      31  0.00000E+00  0.00000E+00  0.00000E+00
        7.8902  0.14700E+02 -0.10049E-19  0.11599E+03 -0.10857E-19  0.00000E+00  0.00000E+00  0.13960E+01  0.00000E+00  0.40037E-17  0.00000E+00  0.00000E+00  0.00000E+00      32  0.00000E+00  0.00000E+00  0.00000E+00
        8.9451  0.14700E+02 -0.22851E-18  0.13149E+03 -0.25191E-18  0.00000E+00  0.00000E+00  0.14712E+01  0.00000E+00  0.89294E-16  0.00000E+00  0.00000E+00  0.00000E+00      33  0.00000E+00  0.00000E+00  0.00000E+00
       10.0000  0.14700E+02 -0.37051E-17  0.14700E+03 -0.41604E-17  0.00000E+00  0.00000E+00  0.15402E+01  0.00000E+00  0.14234E-14  0.00000E+00  0.00000E+00  0.00000E+00      34  0.00000E+00  0.00000E+00  0.00000E+00
       11.6667  0.14700E+02 -0.44553E-14  0.17150E+03 -0.74297E-14  0.00000E+00  0.00000E+00  0.16396E+01  0.00000E+00  0.18176E-11  0.00000E+00  0.00000E+00  0.00000E+00      35  0.00000E+00  0.00000E+00  0.00000E+00
       13.3333  0.14700E+02 -0.15680E-12  0.19600E+03 -0.26876E-12  0.00000E+00  0.00000E+00  0.17313E+01  0.00000E+00  0.62192E-10  0.00000E+00  0.00000E+00  0.00000E+00      36  0.00000E+00  0.00000E+00  0.00000E+00
       15.0000  0.14700E+02 -0.31672E-11  0.22050E+03 -0.55474E-11  0.00000E+00  0.00000E+00  0.18164E+01  0.00000E+00  0.12304E-08  0.00000E+00  0.00000E+00  0.00000E+00      37  0.00000E+00  0.00000E+00  0.00000E+00
       16.6667  0.14700E+02 -0.47935E-10  0.24500E+03 -0.85440E-10  0.00000E+00  0.00000E+00  0.18957E+01  0.00000E+00  0.18316E-07  0.00000E+00  0.00000E+00  0.00000E+00      38  0.00000E+00  0.00000E+00  0.00000E+00
       18.3333  0.14700E+02 -0.60118E-09  0.26950E+03 -0.10874E-08  0.00000E+00  0.00000E+00  0.19697E+01  0.00000E+00  0.22636E-06  0.00000E+00  0.00000E+00  0.00000E+00      39  0.00000E+00  0.00000E+00  0.00000E+00
       20.0000  0.14700E+02 -0.65270E-08  0.29400E+03 -0.11966E-07  0.00000E+00  0.00000E+00  0.20394E+01  0.00000E+00  0.24190E-05  0.00000E+00  0.00000E+00  0.00000E+00      40  0.00000E+00  0.00000E+00  0.00000E+00
       21.6667  0.14700E+02 -0.62412E-07  0.31850E+03 -0.11599E-06  0.00000E+00  0.00000E+00  0.21064E+01  0.00000E+00  0.22668E-04  0.00000E+00  0.00000E+00  0.00000E+00      41  0.00000E+00  0.00000E+00  0.00000E+00
       23.7500  0.14700E+02 -0.10543E-05  0.34912E+03 -0.23124E-05  0.00000E+00  0.00000E+00  0.21850E+01  0.00000E+00  0.38978E-03  0.00000E+00  0.00000E+00  0.00000E+00      42  0.00000E+00  0.00000E+00  0.00000E+00
       25.8333  0.14700E+02 -0.10976E-04  0.37975E+03 -0.25179E-04  0.00000E+00  0.00000E+00  0.22589E+01  0.00000E+00  0.36819E-02  0.00000E+00  0.00000E+00  0.00000E+00      43  0.00000E+00  0.00000E+00  0.00000E+00
       27.9167  0.14700E+02 -0.87687E-04  0.41038E+03 -0.20786E-03  0.00000E+00  0.00000E+00  0.23308E+01  0.00000E+00  0.23196E-01  0.00000E+00  0.00000E+00  0.00000E+00      44  0.00000E+00  0.00000E+00  0.00000E+00
       30.0000  0.14700E+02 -0.48698E-03  0.44100E+03 -0.12224E-02  0.00000E+00  0.00000E+00  0.23999E+01  0.00000E+00  0.87952E-01  0.00000E+00  0.00000E+00  0.00000E+00      45  0.00000E+00  0.00000E+00  0.00000E+00
       32.0000  0.14700E+02 -0.17361E-02  0.47040E+03 -0.46946E-02  0.00000E+00  0.00000E+00  0.24639E+01  0.00000E+00  0.20482E+00  0.00000E+00  0.00000E+00  0.00000E+00      46  0.00000E+00  0.00000E+00  0.00000E+00
       34.0000  0.14700E+02 -0.50962E-02  0.49980E+03 -0.14887E-01  0.00000E+00  0.00000E+00  0.25257E+01  0.00000E+00  0.35578E+00  0.00000E+00  0.00000E+00  0.00000E+00      47  0.00000E+00  0.00000E+00  0.00000E+00
       36.0000  0.14700E+02 -0.11992E-01  0.52920E+03 -0.38870E-01  0.00000E+00  0.00000E+00  0.25859E+01  0.00000E+00  0.50782E+00  0.00000E+00  0.00000E+00  0.00000E+00      48  0.00000E+00  0.00000E+00  0.00000E+00
       38.0000  0.14700E+02 -0.23980E-01  0.55860E+03 -0.86830E-01  0.00000E+00  0.00000E+00  0.26447E+01  0.00000E+00  0.64644E+00  0.00000E+00  0.00000E+00  0.00000E+00      49  0.00000E+00  0.00000E+00  0.00000E+00
       40.0000  0.14700E+02 -0.41981E-01  0.58800E+03 -0.17079E+00  0.00000E+00  0.00000E+00  0.27030E+01  0.00000E+00  0.77241E+00  0.00000E+00  0.00000E+00  0.00000E+00      50  0.00000E+00  0.00000E+00  0.00000E+00
       42.0000  0.14700E+02 -0.62772E-01  0.61740E+03 -0.29634E+00  0.00000E+00  0.00000E+00  0.27613E+01  0.00000E+00  0.88527E+00  0.00000E+00  0.00000E+00  0.00000E+00      51  0.00000E+00  0.00000E+00  0.00000E+00
       44.0000  0.14700E+02 -0.83423E-01  0.64680E+03 -0.46318E+00  0.00000E+00  0.00000E+00  0.28204E+01  0.00000E+00  0.99067E+00  0.00000E+00  0.00000E+00  0.00000E+00      52  0.00000E+00  0.00000E+00  0.00000E+00
       46.0000  0.14700E+02 -0.10963E+00  0.67620E+03 -0.68245E+00  0.00000E+00  0.00000E+00  0.28808E+01  0.00000E+00  0.10915E+01  0.00000E+00  0.00000E+00  0.00000E+00      53  0.00000E+00  0.00000E+00  0.00000E+00
       48.0000  0.14700E+02 -0.13634E+00  0.70560E+03 -0.95514E+00  0.00000E+00  0.00000E+00  0.29427E+01  0.00000E+00  0.11858E+01  0.00000E+00  0.00000E+00  0.00000E+00      54  0.00000E+00  0.00000E+00  0.00000E+00
       50.0000  0.14700E+02 -0.15761E+00  0.73500E+03 -0.12704E+01  0.00000E+00  0.00000E+00  0.30060E+01  0.00000E+00  0.12746E+01  0.00000E+00  0.00000E+00  0.00000E+00      55  0.00000E+00  0.00000E+00  0.00000E+00
       52.5000  0.14700E+02 -0.17864E+00  0.77175E+03 -0.17170E+01  0.00000E+00  0.00000E+00  0.30872E+01  0.00000E+00  0.13819E+01  0.00000E+00  0.00000E+00  0.00000E+00      56  0.00000E+00  0.00000E+00  0.00000E+00
       56.2500  0.14700E+02 -0.20293E+00  0.82688E+03 -0.24780E+01  0.00000E+00  0.00000E+00  0.32127E+01  0.00000E+00  0.15362E+01  0.00000E+00  0.00000E+00  0.00000E+00      57  0.00000E+00  0.00000E+00  0.00000E+00
       60.0000  0.14700E+02 -0.22959E+00  0.88200E+03 -0.33389E+01  0.00000E+00  0.00000E+00  0.33413E+01  0.00000E+00  0.16856E+01  0.00000E+00  0.00000E+00  0.00000E+00      58  0.00000E+00  0.00000E+00  0.00000E+00
       65.0000  0.14700E+02 -0.25749E+00  0.95550E+03 -0.46264E+01  0.00000E+00  0.00000E+00  0.35150E+01  0.00000E+00  0.18801E+01  0.00000E+00  0.00000E+00  0.00000E+00      59  0.00000E+00  0.00000E+00  0.00000E+00
       70.0000  0.14700E+02 -0.28896E+00  0.10290E+04 -0.60712E+01  0.00000E+00  0.00000E+00  0.36936E+01  0.00000E+00  0.20708E+01  0.00000E+00  0.00000E+00  0.00000E+00      60  0.00000E+00  0.00000E+00  0.00000E+00
       75.0000  0.14700E+02 -0.31957E+00  0.11025E+04 -0.76690E+01  0.00000E+00  0.00000E+00  0.38739E+01  0.00000E+00  0.22589E+01  0.00000E+00  0.00000E+00  0.00000E+00      61  0.00000E+00  0.00000E+00  0.00000E+00
       80.0000  0.14700E+02 -0.34532E+00  0.11760E+04 -0.93956E+01  0.00000E+00  0.00000E+00  0.40519E+01  0.00000E+00  0.24442E+01  0.00000E+00  0.00000E+00  0.00000E+00      62  0.00000E+00  0.00000E+00  0.00000E+00
       85.0000  0.14700E+02 -0.37226E+00  0.12495E+04 -0.11257E+02  0.00000E+00  0.00000E+00  0.42326E+01  0.00000E+00  0.26289E+01  0.00000E+00  0.00000E+00  0.00000E+00      63  0.00000E+00  0.00000E+00  0.00000E+00
       90.0000  0.14700E+02 -0.39928E+00  0.13230E+04 -0.13253E+02  0.00000E+00  0.00000E+00  0.44135E+01  0.00000E+00  0.28136E+01  0.00000E+00  0.00000E+00  0.00000E+00      64  0.00000E+00  0.00000E+00  0.00000E+00
       95.0000  0.14700E+02 -0.42524E+00  0.13965E+04 -0.15380E+02  0.00000E+00  0.00000E+00  0.45924E+01  0.00000E+00  0.29977E+01  0.00000E+00  0.00000E+00  0.00000E+00      65  0.00000E+00  0.00000E+00  0.00000E+00
      100.0000  0.14700E+02 -0.45527E+00  0.14700E+04 -0.17656E+02  0.00000E+00  0.00000E+00  0.47733E+01  0.00000E+00  0.31817E+01  0.00000E+00  0.00000E+00  0.00000E+00      66  0.00000E+00  0.00000E+00  0.00000E+00
      100.0010  0.00000E+00 -0.47004E+00  0.14700E+04 -0.17656E+02  0.00000E+00  0.00000E+00  0.47666E+01  0.00000E+00  0.31818E+01  0.00000E+00  0.00000E+00  0.00000E+00      67  0.00000E+00  0.00000E+00  0.00000E+00
      100.0023  0.00000E+00 -0.46901E+00  0.14700E+04 -0.17657E+02  0.00000E+00  0.00000E+00  0.47596E+01  0.00000E+00  0.31818E+01  0.00000E+00  0.00000E+00  0.00000E+00      68  0.00000E+00  0.00000E+00  0.00000E+00
      100.0040  0.00000E+00 -0.46901E+00  0.14700E+04 -0.17658E+02  0.00000E+00  0.00000E+00  0.47526E+01  0.00000E+00  0.31819E+01  0.00000E+00  0.00000E+00  0.00000E+00      69  0.00000E+00  0.00000E+00  0.00000E+00
      100.0062  0.00000E+00 -0.46901E+00  0.14700E+04 -0.17659E+02  0.00000E+00  0.00000E+00  0.47455E+01  0.00000E+00  0.31819E+01  0.00000E+00  0.00000E+00  0.00000E+00      70  0.00000E+00  0.00000E+00  0.00000E+00
      100.0090  0.00000E+00 -0.46903E+00  0.14700E+04 -0.17660E+02  0.00000E+00  0.00000E+00  0.47384E+01  0.00000E+00  0.31821E+01  0.00000E+00  0.00000E+00  0.00000E+00      71  0.00000E+00  0.00000E+00  0.00000E+00
      100.0128  0.00000E+00 -0.46905E+00  0.14700E+04 -0.17662E+02  0.00000E+00  0.00000E+00  0.47309E+01  0.00000E+00  0.31822E+01  0.00000E+00  0.00000E+00  0.00000E+00      72  0.00000E+00  0.00000E+00  0.00000E+00
      100.0176  0.00000E+00 -0.46907E+00  0.14700E+04 -0.17664E+02  0.00000E+00  0.00000E+00  0.47229E+01  0.00000E+00  0.31824E+01  0.00000E+00  0.00000E+00  0.00000E+00      73  0.00000E+00  0.00000E+00  0.00000E+00
      100.0239  0.00000E+00 -0.46910E+00  0.14700E+04 -0.17667E+02  0.00000E+00  0.00000E+00  0.47141E+01  0.00000E+00  0.31826E+01  0.00000E+00  0.00000E+00  0.00000E+00      74  0.00000E+00  0.00000E+00  0.00000E+00
      100.0320  0.00000E+00 -0.46914E+00  0.14700E+04 -0.17671E+02  0.00000E+00  0.00000E+00  0.47045E+01  0.00000E+00  0.31829E+01  0.00000E+00  0.00000E+00  0.00000E+00      75  0.00000E+00  0.00000E+00  0.00000E+00
      100.0426  0.00000E+00 -0.46918E+00  0.14700E+04 -0.17676E+02  0.00000E+00  0.00000E+00  0.46937E+01  0.00000E+00  0.31833E+01  0.00000E+00  0.00000E+00  0.00000E+00      76  0.00000E+00  0.00000E+00  0.00000E+00
      100.0564  0.00000E+00 -0.46925E+00  0.14700E+04 -0.17682E+02  0.00000E+00  0.00000E+00  0.46817E+01  0.00000E+00  0.31838E+01  0.00000E+00  0.00000E+00  0.00000E+00      77  0.00000E+00  0.00000E+00  0.00000E+00
      100.0743  0.00000E+00 -0.46933E+00  0.14700E+04 -0.17691E+02  0.00000E+00  0.00000E+00  0.46683E+01  0.00000E+00  0.31844E+01  0.00000E+00  0.00000E+00  0.00000E+00      78  0.00000E+00  0.00000E+00  0.00000E+00
      100.0976  0.00000E+00 -0.46944E+00  0.14700E+04 -0.17702E+02  0.00000E+00  0.00000E+00  0.46531E+01  0.00000E+00  0.31853E+01  0.00000E+00  0.00000E+00  0.00000E+00      79  0.00000E+00  0.00000E+00  0.00000E+00
      100.1279  0.00000E+00 -0.46957E+00  0.14700E+04 -0.17716E+02  0.00000E+00  0.00000E+00  0.46361E+01  0.00000E+00  0.31864E+01  0.00000E+00  0.00000E+00  0.00000E+00      80  0.00000E+00  0.00000E+00  0.00000E+00
      100.1673  0.00000E+00 -0.46975E+00  0.14700E+04 -0.17734E+02  0.00000E+00  0.00000E+00  0.46170E+01  0.00000E+00  0.31878E+01  0.00000E+00  0.00000E+00  0.00000E+00      81  0.00000E+00  0.00000E+00  0.00000E+00
      100.2185  0.00000E+00 -0.46998E+00  0.14700E+04 -0.17758E+02  0.00000E+00  0.00000E+00  0.45955E+01  0.00000E+00  0.31897E+01  0.00000E+00  0.00000E+00  0.00000E+00      82  0.00000E+00  0.00000E+00  0.00000E+00
      100.2850  0.00000E+00 -0.47027E+00  0.14700E+04 -0.17790E+02  0.00000E+00  0.00000E+00  0.45714E+01  0.00000E+00  0.31921E+01  0.00000E+00  0.00000E+00  0.00000E+00      83  0.00000E+00  0.00000E+00  0.00000E+00
      100.3715  0.00000E+00 -0.47066E+00  0.14700E+04 -0.17830E+02  0.00000E+00  0.00000E+00  0.45443E+01  0.00000E+00  0.31953E+01  0.00000E+00  0.00000E+00  0.00000E+00      84  0.00000E+00  0.00000E+00  0.00000E+00
      100.4840  0.00000E+00 -0.47116E+00  0.14700E+04 -0.17883E+02  0.00000E+00  0.00000E+00  0.45140E+01  0.00000E+00  0.31994E+01  0.00000E+00  0.00000E+00  0.00000E+00      85  0.00000E+00  0.00000E+00  0.00000E+00
      100.6302  0.00000E+00 -0.47180E+00  0.14700E+04 -0.17952E+02  0.00000E+00  0.00000E+00  0.44802E+01  0.00000E+00  0.32047E+01  0.00000E+00  0.00000E+00  0.00000E+00      86  0.00000E+00  0.00000E+00  0.00000E+00
      100.8202  0.00000E+00 -0.47262E+00  0.14700E+04 -0.18042E+02  0.00000E+00  0.00000E+00  0.44425E+01  0.00000E+00  0.32116E+01  0.00000E+00  0.00000E+00  0.00000E+00      87  0.00000E+00  0.00000E+00  0.00000E+00
      101.0673  0.00000E+00 -0.47369E+00  0.14700E+04 -0.18159E+02  0.00000E+00  0.00000E+00  0.44007E+01  0.00000E+00  0.32206E+01  0.00000E+00  0.00000E+00  0.00000E+00      88  0.00000E+00  0.00000E+00  0.00000E+00
      101.3885  0.00000E+00 -0.47508E+00  0.14700E+04 -0.18312E+02  0.00000E+00  0.00000E+00  0.43545E+01  0.00000E+00  0.32323E+01  0.00000E+00  0.00000E+00  0.00000E+00      89  0.00000E+00  0.00000E+00  0.00000E+00
      101.8060  0.00000E+00 -0.47689E+00  0.14700E+04 -0.18511E+02  0.00000E+00  0.00000E+00  0.43037E+01  0.00000E+00  0.32475E+01  0.00000E+00  0.00000E+00  0.00000E+00      90  0.00000E+00  0.00000E+00  0.00000E+00
      102.3488  0.00000E+00 -0.47926E+00  0.14700E+04 -0.18771E+02  0.00000E+00  0.00000E+00  0.42483E+01  0.00000E+00  0.32672E+01  0.00000E+00  0.00000E+00  0.00000E+00      91  0.00000E+00  0.00000E+00  0.00000E+00
      103.0544  0.00000E+00 -0.48239E+00  0.14700E+04 -0.19112E+02  0.00000E+00  0.00000E+00  0.41883E+01  0.00000E+00  0.32929E+01  0.00000E+00  0.00000E+00  0.00000E+00      92  0.00000E+00  0.00000E+00  0.00000E+00
      103.9718  0.00000E+00 -0.48651E+00  0.14700E+04 -0.19558E+02  0.00000E+00  0.00000E+00  0.41240E+01  0.00000E+00  0.33259E+01  0.00000E+00  0.00000E+00  0.00000E+00      93  0.00000E+00  0.00000E+00  0.00000E+00
      105.1643  0.00000E+00 -0.49187E+00  0.14700E+04 -0.20144E+02  0.00000E+00  0.00000E+00  0.40562E+01  0.00000E+00  0.33675E+01  0.00000E+00  0.00000E+00  0.00000E+00      94  0.00000E+00  0.00000E+00  0.00000E+00
      106.7146  0.00000E+00 -0.49857E+00  0.14700E+04 -0.20917E+02  0.00000E+00  0.00000E+00  0.39857E+01  0.00000E+00  0.34178E+01  0.00000E+00  0.00000E+00  0.00000E+00      95  0.00000E+00  0.00000E+00  0.00000E+00
      108.7300  0.00000E+00 -0.50647E+00  0.14700E+04 -0.21938E+02  0.00000E+00  0.00000E+00  0.39144E+01  0.00000E+00  0.34747E+01  0.00000E+00  0.00000E+00  0.00000E+00      96  0.00000E+00  0.00000E+00  0.00000E+00
      111.3500  0.00000E+00 -0.51504E+00  0.14700E+04 -0.23287E+02  0.00000E+00  0.00000E+00  0.38448E+01  0.00000E+00  0.35338E+01  0.00000E+00  0.00000E+00  0.00000E+00      97  0.00000E+00  0.00000E+00  0.00000E+00
      114.7560  0.00000E+00 -0.52347E+00  0.14700E+04 -0.25070E+02  0.00000E+00  0.00000E+00  0.37800E+01  0.00000E+00  0.35887E+01  0.00000E+00  0.00000E+00  0.00000E+00      98  0.00000E+00  0.00000E+00  0.00000E+00
      119.1837  0.00000E+00 -0.53080E+00  0.14700E+04 -0.27421E+02  0.00000E+00  0.00000E+00  0.37238E+01  0.00000E+00  0.36332E+01  0.00000E+00  0.00000E+00  0.00000E+00      99  0.00000E+00  0.00000E+00  0.00000E+00
      124.1837  0.00000E+00 -0.53604E+00  0.14700E+04 -0.30101E+02  0.00000E+00  0.00000E+00  0.36839E+01  0.00000E+00  0.36598E+01  0.00000E+00  0.00000E+00  0.00000E+00     100  0.00000E+00  0.00000E+00  0.00000E+00
      129.1837  0.00000E+00 -0.53887E+00  0.14700E+04 -0.32795E+02  0.00000E+00  0.00000E+00  0.36585E+01  0.00000E+00  0.36716E+01  0.00000E+00  0.00000E+00  0.00000E+00     101  0.00000E+00  0.00000E+00  0.00000E+00
      134.1837  0.00000E+00 -0.54000E+00  0.14700E+04 -0.35495E+02  0.00000E+00  0.00000E+00  0.36412E+01  0.00000E+00  0.36752E+01  0.00000E+00  0.00000E+00  0.00000E+00     102  0.00000E+00  0.00000E+00  0.00000E+00
      139.1837  0.00000E+00 -0.54019E+00  0.14700E+04 -0.38196E+02  0.00000E+00  0.00000E+00  0.36286E+01  0.00000E+00  0.36742E+01  0.00000E+00  0.00000E+00  0.00000E+00     103  0.00000E+00  0.00000E+00  0.00000E+00
      144.1837  0.00000E+00 -0.53984E+00  0.14700E+04 -0.40895E+02  0.00000E+00  0.00000E+00  0.36185E+01  0.00000E+00  0.36705E+01  0.00000E+00  0.00000E+00  0.00000E+00     104  0.00000E+00  0.00000E+00  0.00000E+00
      149.1837  0.00000E+00 -0.53920E+00  0.14700E+04 -0.43591E+02  0.00000E+00  0.00000E+00  0.36098E+01  0.00000E+00  0.36655E+01  0.00000E+00  0.00000E+00  0.00000E+00     105  0.00000E+00  0.00000E+00  0.00000E+00
      154.1837  0.00000E+00 -0.53839E+00  0.14700E+04 -0.46283E+02  0.00000E+00  0.00000E+00  0.36020E+01  0.00000E+00  0.36596E+01  0.00000E+00  0.00000E+00  0.00000E+00     106  0.00000E+00  0.00000E+00  0.00000E+00
      159.1837  0.00000E+00 -0.53750E+00  0.14700E+04 -0.48971E+02  0.00000E+00  0.00000E+00  0.35946E+01  0.00000E+00  0.36533E+01  0.00000E+00  0.00000E+00  0.00000E+00     107  0.00000E+00  0.00000E+00  0.00000E+00
      164.1837  0.00000E+00 -0.53654E+00  0.14700E+04 -0.51654E+02  0.00000E+00  0.00000E+00  0.35875E+01  0.00000E+00  0.36467E+01  0.00000E+00  0.00000E+00  0.00000E+00     108  0.00000E+00  0.00000E+00  0.00000E+00
      169.1837  0.00000E+00 -0.53557E+00  0.14700E+04 -0.54331E+02  0.00000E+00  0.00000E+00  0.35805E+01  0.00000E+00  0.36399E+01  0.00000E+00  0.00000E+00  0.00000E+00     109  0.00000E+00  0.00000E+00  0.00000E+00
      174.1837  0.00000E+00 -0.53457E+00  0.14700E+04 -0.57004E+02  0.00000E+00  0.00000E+00  0.35737E+01  0.00000E+00  0.36332E+01  0.00000E+00  0.00000E+00  0.00000E+00     110  0.00000E+00  0.00000E+00  0.00000E+00
      179.1837  0.00000E+00 -0.53358E+00  0.14700E+04 -0.59672E+02  0.00000E+00  0.00000E+00  0.35669E+01  0.00000E+00  0.36264E+01  0.00000E+00  0.00000E+00  0.00000E+00     111  0.00000E+00  0.00000E+00  0.00000E+00
      184.1837  0.00000E+00 -0.53257E+00  0.14700E+04 -0.62335E+02  0.00000E+00  0.00000E+00  0.35601E+01  0.00000E+00  0.36196E+01  0.00000E+00  0.00000E+00  0.00000E+00     112  0.00000E+00  0.00000E+00  0.00000E+00
      189.1837  0.00000E+00 -0.53158E+00  0.14700E+04 -0.64993E+02  0.00000E+00  0.00000E+00  0.35534E+01  0.00000E+00  0.36128E+01  0.00000E+00  0.00000E+00  0.00000E+00     113  0.00000E+00  0.00000E+00  0.00000E+00
      194.1837  0.00000E+00 -0.53057E+00  0.14700E+04 -0.67646E+02  0.00000E+00  0.00000E+00  0.35467E+01  0.00000E+00  0.36059E+01  0.00000E+00  0.00000E+00  0.00000E+00     114  0.00000E+00  0.00000E+00  0.00000E+00
      197.0919  0.00000E+00 -0.52974E+00  0.14700E+04 -0.69186E+02  0.00000E+00  0.00000E+00  0.35428E+01  0.00000E+00  0.36020E+01  0.00000E+00  0.00000E+00  0.00000E+00     115  0.00000E+00  0.00000E+00  0.00000E+00
      200.0000  0.00000E+00 -0.52922E+00  0.14700E+04 -0.70725E+02  0.00000E+00  0.00000E+00  0.35389E+01  0.00000E+00  0.35980E+01  0.00000E+00  0.00000E+00  0.00000E+00     116  0.00000E+00  0.00000E+00  0.00000E+00
end
