 ******* Program HYDRUS
 ******* 
 Welcome to HYDRUS-1D                                                    
 Date:  11.12.2021    Time:  14: 2:47
 Units: L = cm   , T = days , M = ng   

       Time          rTop        rRoot        vTop         vRoot        vBot       sum(rTop)   sum(rRoot)    sum(vTop)   sum(vRoot)    sum(vBot)      hTop         hRoot        hBot        RunOff    sum(RunOff)     Volume     sum(Infil)    sum(Evap) TLevel Cum(WTrans)  SnowLayer
        [T]         [L/T]        [L/T]        [L/T]        [L/T]        [L/T]         [L]          [L]          [L]         [L]           [L]         [L]           [L]         [L]          [L/T]         [L]          [L]          [L]          [L]

       0.0010 -0.14700E+00  0.00000E+00 -0.14700E+00  0.00000E+00 -0.48985E-02 -0.14700E-03  0.00000E+00 -0.14700E-03  0.00000E+00 -0.48985E-05 -0.99327E+02  0.00000E+00 -0.10000E+03  0.00000E+00  0.00000E+00  0.12219E+02  0.14700E-03  0.00000E+00      1  0.00000E+00      0.000
       0.0023 -0.14700E+00  0.00000E+00 -0.14700E+00  0.00000E+00 -0.48985E-02 -0.33810E-03  0.00000E+00 -0.33810E-03  0.00000E+00 -0.11267E-04 -0.98560E+02  0.00000E+00 -0.10000E+03  0.00000E+00  0.00000E+00  0.12220E+02  0.33810E-03  0.00000E+00      2  0.00000E+00      0.000
       0.0040 -0.14700E+00  0.00000E+00 -0.14700E+00  0.00000E+00 -0.48985E-02 -0.58653E-03  0.00000E+00 -0.58653E-03  0.00000E+00 -0.19545E-04 -0.97545E+02  0.00000E+00 -0.10000E+03  0.00000E+00  0.00000E+00  0.12220E+02  0.58653E-03  0.00000E+00      3  0.00000E+00      0.000
       0.0062 -0.14700E+00  0.00000E+00 -0.14700E+00  0.00000E+00 -0.48985E-02 -0.90949E-03  0.00000E+00 -0.90949E-03  0.00000E+00 -0.30307E-04 -0.96300E+02  0.00000E+00 -0.10000E+03  0.00000E+00  0.00000E+00  0.12220E+02  0.90949E-03  0.00000E+00      4  0.00000E+00      0.000
       0.0090 -0.14700E+00  0.00000E+00 -0.14700E+00  0.00000E+00 -0.48985E-02 -0.13293E-02  0.00000E+00 -0.13293E-02  0.00000E+00 -0.44298E-04 -0.95033E+02  0.00000E+00 -0.10000E+03  0.00000E+00  0.00000E+00  0.12221E+02  0.13293E-02  0.00000E+00      5  0.00000E+00      0.000
       0.0128 -0.14700E+00  0.00000E+00 -0.14700E+00  0.00000E+00 -0.48985E-02 -0.18751E-02  0.00000E+00 -0.18751E-02  0.00000E+00 -0.62486E-04 -0.93815E+02  0.00000E+00 -0.10000E+03  0.00000E+00  0.00000E+00  0.12221E+02  0.18751E-02  0.00000E+00      6  0.00000E+00      0.000
       0.0176 -0.14700E+00  0.00000E+00 -0.14700E+00  0.00000E+00 -0.48985E-02 -0.25847E-02  0.00000E+00 -0.25847E-02  0.00000E+00 -0.86130E-04 -0.92316E+02  0.00000E+00 -0.10000E+03  0.00000E+00  0.00000E+00  0.12222E+02  0.25847E-02  0.00000E+00      7  0.00000E+00      0.000
       0.0239 -0.14700E+00  0.00000E+00 -0.14700E+00  0.00000E+00 -0.48985E-02 -0.35071E-02  0.00000E+00 -0.35071E-02  0.00000E+00 -0.11687E-03 -0.90618E+02  0.00000E+00 -0.10000E+03  0.00000E+00  0.00000E+00  0.12223E+02  0.35071E-02  0.00000E+00      8  0.00000E+00      0.000
       0.0320 -0.14700E+00  0.00000E+00 -0.14700E+00  0.00000E+00 -0.48985E-02 -0.47062E-02  0.00000E+00 -0.47062E-02  0.00000E+00 -0.15683E-03 -0.88666E+02  0.00000E+00 -0.10000E+03  0.00000E+00  0.00000E+00  0.12224E+02  0.47062E-02  0.00000E+00      9  0.00000E+00      0.000
       0.0426 -0.14700E+00  0.00000E+00 -0.14700E+00  0.00000E+00 -0.48985E-02 -0.62651E-02  0.00000E+00 -0.62651E-02  0.00000E+00 -0.20877E-03 -0.86507E+02  0.00000E+00 -0.10000E+03  0.00000E+00  0.00000E+00  0.12225E+02  0.62651E-02  0.00000E+00     10  0.00000E+00      0.000
       0.0564 -0.14700E+00  0.00000E+00 -0.14700E+00  0.00000E+00 -0.48985E-02 -0.82916E-02  0.00000E+00 -0.82916E-02  0.00000E+00 -0.27630E-03 -0.84285E+02  0.00000E+00 -0.10000E+03  0.00000E+00  0.00000E+00  0.12227E+02  0.82916E-02  0.00000E+00     11  0.00000E+00      0.000
       0.0743 -0.14700E+00  0.00000E+00 -0.14700E+00  0.00000E+00 -0.48985E-02 -0.10926E-01  0.00000E+00 -0.10926E-01  0.00000E+00 -0.36409E-03 -0.82087E+02  0.00000E+00 -0.10000E+03  0.00000E+00  0.00000E+00  0.12230E+02  0.10926E-01  0.00000E+00     12  0.00000E+00      0.000
       0.0976 -0.14700E+00  0.00000E+00 -0.14700E+00  0.00000E+00 -0.48985E-02 -0.14351E-01  0.00000E+00 -0.14351E-01  0.00000E+00 -0.47822E-03 -0.79896E+02  0.00000E+00 -0.10000E+03  0.00000E+00  0.00000E+00  0.12233E+02  0.14351E-01  0.00000E+00     13  0.00000E+00      0.000
       0.1279 -0.14700E+00  0.00000E+00 -0.14700E+00  0.00000E+00 -0.48985E-02 -0.18803E-01  0.00000E+00 -0.18803E-01  0.00000E+00 -0.62658E-03 -0.77654E+02  0.00000E+00 -0.10000E+03  0.00000E+00  0.00000E+00  0.12237E+02  0.18803E-01  0.00000E+00     14  0.00000E+00      0.000
       0.1673 -0.14700E+00  0.00000E+00 -0.14700E+00  0.00000E+00 -0.48985E-02 -0.24591E-01  0.00000E+00 -0.24591E-01  0.00000E+00 -0.81945E-03 -0.75368E+02  0.00000E+00 -0.10000E+03  0.00000E+00  0.00000E+00  0.12243E+02  0.24591E-01  0.00000E+00     15  0.00000E+00      0.000
       0.2185 -0.14700E+00  0.00000E+00 -0.14700E+00  0.00000E+00 -0.48985E-02 -0.32115E-01  0.00000E+00 -0.32115E-01  0.00000E+00 -0.10702E-02 -0.73532E+02  0.00000E+00 -0.10000E+03  0.00000E+00  0.00000E+00  0.12250E+02  0.32115E-01  0.00000E+00     16  0.00000E+00      0.000
       0.2850 -0.14700E+00  0.00000E+00 -0.14700E+00  0.00000E+00 -0.48985E-02 -0.41897E-01  0.00000E+00 -0.41897E-01  0.00000E+00 -0.13961E-02 -0.71319E+02  0.00000E+00 -0.10000E+03  0.00000E+00  0.00000E+00  0.12260E+02  0.41897E-01  0.00000E+00     17  0.00000E+00      0.000
       0.3715 -0.14700E+00  0.00000E+00 -0.14700E+00  0.00000E+00 -0.48985E-02 -0.54613E-01  0.00000E+00 -0.54613E-01  0.00000E+00 -0.18199E-02 -0.68955E+02  0.00000E+00 -0.10000E+03  0.00000E+00  0.00000E+00  0.12272E+02  0.54613E-01  0.00000E+00     18  0.00000E+00      0.000
       0.4840 -0.14700E+00  0.00000E+00 -0.14700E+00  0.00000E+00 -0.48985E-02 -0.71144E-01  0.00000E+00 -0.71144E-01  0.00000E+00 -0.23707E-02 -0.67026E+02  0.00000E+00 -0.10000E+03  0.00000E+00  0.00000E+00  0.12288E+02  0.71144E-01  0.00000E+00     19  0.00000E+00      0.000
       0.6302 -0.14700E+00  0.00000E+00 -0.14700E+00  0.00000E+00 -0.48985E-02 -0.92634E-01  0.00000E+00 -0.92634E-01  0.00000E+00 -0.30869E-02 -0.64751E+02  0.00000E+00 -0.10000E+03  0.00000E+00  0.00000E+00  0.12309E+02  0.92634E-01  0.00000E+00     20  0.00000E+00      0.000
       0.8202 -0.14700E+00  0.00000E+00 -0.14700E+00  0.00000E+00 -0.48985E-02 -0.12057E+00  0.00000E+00 -0.12057E+00  0.00000E+00 -0.40178E-02 -0.62496E+02  0.00000E+00 -0.10000E+03  0.00000E+00  0.00000E+00  0.12336E+02  0.12057E+00  0.00000E+00     21  0.00000E+00      0.000
       1.0673 -0.14700E+00  0.00000E+00 -0.14700E+00  0.00000E+00 -0.48985E-02 -0.15689E+00  0.00000E+00 -0.15689E+00  0.00000E+00 -0.52281E-02 -0.59924E+02  0.00000E+00 -0.10000E+03  0.00000E+00  0.00000E+00  0.12371E+02  0.15689E+00  0.00000E+00     22  0.00000E+00      0.000
       1.3885 -0.14700E+00  0.00000E+00 -0.14700E+00  0.00000E+00 -0.48985E-02 -0.20410E+00  0.00000E+00 -0.20410E+00  0.00000E+00 -0.68014E-02 -0.57711E+02  0.00000E+00 -0.10000E+03  0.00000E+00  0.00000E+00  0.12417E+02  0.20410E+00  0.00000E+00     23  0.00000E+00      0.000
       1.8060 -0.14700E+00  0.00000E+00 -0.14700E+00  0.00000E+00 -0.48985E-02 -0.26548E+00  0.00000E+00 -0.26548E+00  0.00000E+00 -0.88467E-02 -0.55862E+02  0.00000E+00 -0.10000E+03  0.00000E+00  0.00000E+00  0.12476E+02  0.26548E+00  0.00000E+00     24  0.00000E+00      0.000
       2.2235 -0.14700E+00  0.00000E+00 -0.14700E+00  0.00000E+00 -0.48985E-02 -0.32686E+00  0.00000E+00 -0.32686E+00  0.00000E+00 -0.10892E-01 -0.54273E+02  0.00000E+00 -0.10000E+03  0.00000E+00  0.00000E+00  0.12535E+02  0.32686E+00  0.00000E+00     25  0.00000E+00      0.000
       2.7663 -0.14700E+00  0.00000E+00 -0.14700E+00  0.00000E+00 -0.48985E-02 -0.40665E+00  0.00000E+00 -0.40665E+00  0.00000E+00 -0.13551E-01 -0.52765E+02  0.00000E+00 -0.10000E+03  0.00000E+00  0.00000E+00  0.12612E+02  0.40665E+00  0.00000E+00     26  0.00000E+00      0.000
       3.4897 -0.14700E+00  0.00000E+00 -0.14700E+00  0.00000E+00 -0.48985E-02 -0.51299E+00  0.00000E+00 -0.51299E+00  0.00000E+00 -0.17094E-01 -0.51320E+02  0.00000E+00 -0.10000E+03  0.00000E+00  0.00000E+00  0.12715E+02  0.51299E+00  0.00000E+00     27  0.00000E+00      0.000
       4.2131 -0.14700E+00  0.00000E+00 -0.14700E+00  0.00000E+00 -0.48985E-02 -0.61932E+00  0.00000E+00 -0.61932E+00  0.00000E+00 -0.20638E-01 -0.50066E+02  0.00000E+00 -0.10000E+03  0.00000E+00  0.00000E+00  0.12818E+02  0.61932E+00  0.00000E+00     28  0.00000E+00      0.000
       4.9364 -0.14700E+00  0.00000E+00 -0.14700E+00  0.00000E+00 -0.48985E-02 -0.72566E+00  0.00000E+00 -0.72566E+00  0.00000E+00 -0.24181E-01 -0.48947E+02  0.00000E+00 -0.10000E+03  0.00000E+00  0.00000E+00  0.12921E+02  0.72566E+00  0.00000E+00     29  0.00000E+00      0.000
       5.7804 -0.14700E+00  0.00000E+00 -0.14700E+00  0.00000E+00 -0.48985E-02 -0.84971E+00  0.00000E+00 -0.84971E+00  0.00000E+00 -0.28315E-01 -0.47909E+02  0.00000E+00 -0.10000E+03  0.00000E+00  0.00000E+00  0.13041E+02  0.84971E+00  0.00000E+00     30  0.00000E+00      0.000
       6.8353 -0.14700E+00  0.00000E+00 -0.14700E+00  0.00000E+00 -0.48985E-02 -0.10048E+01  0.00000E+00 -0.10048E+01  0.00000E+00 -0.33483E-01 -0.46972E+02  0.00000E+00 -0.10000E+03  0.00000E+00  0.00000E+00  0.13191E+02  0.10048E+01  0.00000E+00     31  0.00000E+00      0.000
       7.8902 -0.14700E+00  0.00000E+00 -0.14700E+00  0.00000E+00 -0.48985E-02 -0.11599E+01  0.00000E+00 -0.11599E+01  0.00000E+00 -0.38650E-01 -0.46320E+02  0.00000E+00 -0.10000E+03  0.00000E+00  0.00000E+00  0.13340E+02  0.11599E+01  0.00000E+00     32  0.00000E+00      0.000
       8.9451 -0.14700E+00  0.00000E+00 -0.14700E+00  0.00000E+00 -0.48985E-02 -0.13149E+01  0.00000E+00 -0.13149E+01  0.00000E+00 -0.43818E-01 -0.45756E+02  0.00000E+00 -0.10000E+03  0.00000E+00  0.00000E+00  0.13490E+02  0.13149E+01  0.00000E+00     33  0.00000E+00      0.000
      10.0000 -0.14700E+00  0.00000E+00 -0.14700E+00  0.00000E+00 -0.48985E-02 -0.14700E+01  0.00000E+00 -0.14700E+01  0.00000E+00 -0.48985E-01 -0.45385E+02  0.00000E+00 -0.10000E+03  0.00000E+00  0.00000E+00  0.13640E+02  0.14700E+01  0.00000E+00     34  0.00000E+00      0.000
      11.6667 -0.14700E+00  0.00000E+00 -0.14700E+00  0.00000E+00 -0.48987E-02 -0.17150E+01  0.00000E+00 -0.17150E+01  0.00000E+00 -0.57150E-01 -0.45044E+02  0.00000E+00 -0.99999E+02  0.00000E+00  0.00000E+00  0.13877E+02  0.17150E+01  0.00000E+00     35  0.00000E+00      0.000
      13.3333 -0.14700E+00  0.00000E+00 -0.14700E+00  0.00000E+00 -0.48992E-02 -0.19600E+01  0.00000E+00 -0.19600E+01  0.00000E+00 -0.65315E-01 -0.44745E+02  0.00000E+00 -0.99995E+02  0.00000E+00  0.00000E+00  0.14114E+02  0.19600E+01  0.00000E+00     36  0.00000E+00      0.000
      15.0000 -0.14700E+00  0.00000E+00 -0.14700E+00  0.00000E+00 -0.49008E-02 -0.22050E+01  0.00000E+00 -0.22050E+01  0.00000E+00 -0.73483E-01 -0.44574E+02  0.00000E+00 -0.99984E+02  0.00000E+00  0.00000E+00  0.14351E+02  0.22050E+01  0.00000E+00     37  0.00000E+00      0.000
      16.6667 -0.14700E+00  0.00000E+00 -0.14700E+00  0.00000E+00 -0.49050E-02 -0.24500E+01  0.00000E+00 -0.24500E+01  0.00000E+00 -0.81658E-01 -0.44409E+02  0.00000E+00 -0.99954E+02  0.00000E+00  0.00000E+00  0.14588E+02  0.24500E+01  0.00000E+00     38  0.00000E+00      0.000
      18.3333 -0.14700E+00  0.00000E+00 -0.14700E+00  0.00000E+00 -0.49149E-02 -0.26950E+01  0.00000E+00 -0.26950E+01  0.00000E+00 -0.89849E-01 -0.44276E+02  0.00000E+00 -0.99882E+02  0.00000E+00  0.00000E+00  0.14824E+02  0.26950E+01  0.00000E+00     39  0.00000E+00      0.000
      20.0000 -0.14700E+00  0.00000E+00 -0.14700E+00  0.00000E+00 -0.49366E-02 -0.29400E+01  0.00000E+00 -0.29400E+01  0.00000E+00 -0.98077E-01 -0.44174E+02  0.00000E+00 -0.99726E+02  0.00000E+00  0.00000E+00  0.15061E+02  0.29400E+01  0.00000E+00     40  0.00000E+00      0.000
      21.6667 -0.14700E+00  0.00000E+00 -0.14700E+00  0.00000E+00 -0.49799E-02 -0.31850E+01  0.00000E+00 -0.31850E+01  0.00000E+00 -0.10638E+00 -0.44045E+02  0.00000E+00 -0.99399E+02  0.00000E+00  0.00000E+00  0.15298E+02  0.31850E+01  0.00000E+00     41  0.00000E+00      0.000
      23.7500 -0.14700E+00  0.00000E+00 -0.14700E+00  0.00000E+00 -0.51201E-02 -0.34913E+01  0.00000E+00 -0.34913E+01  0.00000E+00 -0.11704E+00 -0.44035E+02  0.00000E+00 -0.98406E+02  0.00000E+00  0.00000E+00  0.15593E+02  0.34913E+01  0.00000E+00     42  0.00000E+00      0.000
      25.8333 -0.14700E+00  0.00000E+00 -0.14700E+00  0.00000E+00 -0.54202E-02 -0.37975E+01  0.00000E+00 -0.37975E+01  0.00000E+00 -0.12834E+00 -0.43998E+02  0.00000E+00 -0.96252E+02  0.00000E+00  0.00000E+00  0.15888E+02  0.37975E+01  0.00000E+00     43  0.00000E+00      0.000
      27.9167 -0.14700E+00  0.00000E+00 -0.14700E+00  0.00000E+00 -0.67002E-02 -0.41038E+01  0.00000E+00 -0.41038E+01  0.00000E+00 -0.14229E+00 -0.43957E+02  0.00000E+00 -0.92954E+02  0.00000E+00  0.00000E+00  0.16181E+02  0.41038E+01  0.00000E+00     44  0.00000E+00      0.000
      30.0000 -0.14700E+00  0.00000E+00 -0.14700E+00  0.00000E+00 -0.93068E-02 -0.44100E+01  0.00000E+00 -0.44100E+01  0.00000E+00 -0.16168E+00 -0.43921E+02  0.00000E+00 -0.87250E+02  0.00000E+00  0.00000E+00  0.16468E+02  0.44100E+01  0.00000E+00     45  0.00000E+00      0.000
      32.0000 -0.14700E+00  0.00000E+00 -0.14700E+00  0.00000E+00 -0.12956E-01 -0.47040E+01  0.00000E+00 -0.47040E+01  0.00000E+00 -0.18760E+00 -0.43888E+02  0.00000E+00 -0.79176E+02  0.00000E+00  0.00000E+00  0.16736E+02  0.47040E+01  0.00000E+00     46  0.00000E+00      0.000
      34.0000 -0.14700E+00  0.00000E+00 -0.14700E+00  0.00000E+00 -0.21189E-01 -0.49980E+01  0.00000E+00 -0.49980E+01  0.00000E+00 -0.22997E+00 -0.43865E+02  0.00000E+00 -0.71066E+02  0.00000E+00  0.00000E+00  0.16987E+02  0.49980E+01  0.00000E+00     47  0.00000E+00      0.000
      36.0000 -0.14700E+00  0.00000E+00 -0.14700E+00  0.00000E+00 -0.32382E-01 -0.52920E+01  0.00000E+00 -0.52920E+01  0.00000E+00 -0.29474E+00 -0.43848E+02  0.00000E+00 -0.63412E+02  0.00000E+00  0.00000E+00  0.17217E+02  0.52920E+01  0.00000E+00     48  0.00000E+00      0.000
      38.0000 -0.14700E+00  0.00000E+00 -0.14700E+00  0.00000E+00 -0.48753E-01 -0.55860E+01  0.00000E+00 -0.55860E+01  0.00000E+00 -0.39224E+00 -0.43835E+02  0.00000E+00 -0.57328E+02  0.00000E+00  0.00000E+00  0.17413E+02  0.55860E+01  0.00000E+00     49  0.00000E+00      0.000
      40.0000 -0.14700E+00  0.00000E+00 -0.14700E+00  0.00000E+00 -0.67899E-01 -0.58800E+01  0.00000E+00 -0.58800E+01  0.00000E+00 -0.52804E+00 -0.43824E+02  0.00000E+00 -0.53257E+02  0.00000E+00  0.00000E+00  0.17571E+02  0.58800E+01  0.00000E+00     50  0.00000E+00      0.000
      42.0000 -0.14700E+00  0.00000E+00 -0.14700E+00  0.00000E+00 -0.82572E-01 -0.61740E+01  0.00000E+00 -0.61740E+01  0.00000E+00 -0.69318E+00 -0.43817E+02  0.00000E+00 -0.50098E+02  0.00000E+00  0.00000E+00  0.17700E+02  0.61740E+01  0.00000E+00     51  0.00000E+00      0.000
      44.0000 -0.14700E+00  0.00000E+00 -0.14700E+00  0.00000E+00 -0.94631E-01 -0.64680E+01  0.00000E+00 -0.64680E+01  0.00000E+00 -0.88245E+00 -0.43811E+02  0.00000E+00 -0.47405E+02  0.00000E+00  0.00000E+00  0.17805E+02  0.64680E+01  0.00000E+00     52  0.00000E+00      0.000
      46.0000 -0.14700E+00  0.00000E+00 -0.14700E+00  0.00000E+00 -0.11500E+00 -0.67620E+01  0.00000E+00 -0.67620E+01  0.00000E+00 -0.11125E+01 -0.43801E+02  0.00000E+00 -0.46171E+02  0.00000E+00  0.00000E+00  0.17869E+02  0.67620E+01  0.00000E+00     53  0.00000E+00      0.000
      48.0000 -0.14700E+00  0.00000E+00 -0.14700E+00  0.00000E+00 -0.12411E+00 -0.70560E+01  0.00000E+00 -0.70560E+01  0.00000E+00 -0.13607E+01 -0.43801E+02  0.00000E+00 -0.45305E+02  0.00000E+00  0.00000E+00  0.17915E+02  0.70560E+01  0.00000E+00     54  0.00000E+00      0.000
      50.0000 -0.14700E+00  0.00000E+00 -0.14700E+00  0.00000E+00 -0.13185E+00 -0.73500E+01  0.00000E+00 -0.73500E+01  0.00000E+00 -0.16244E+01 -0.43795E+02  0.00000E+00 -0.44883E+02  0.00000E+00  0.00000E+00  0.17945E+02  0.73500E+01  0.00000E+00     55  0.00000E+00      0.000
      52.5000 -0.14700E+00  0.00000E+00 -0.14700E+00  0.00000E+00 -0.13693E+00 -0.77175E+01  0.00000E+00 -0.77175E+01  0.00000E+00 -0.19667E+01 -0.43787E+02  0.00000E+00 -0.44450E+02  0.00000E+00  0.00000E+00  0.17970E+02  0.77175E+01  0.00000E+00     56  0.00000E+00      0.000
      56.2500 -0.14700E+00  0.00000E+00 -0.14700E+00  0.00000E+00 -0.14102E+00 -0.82688E+01  0.00000E+00 -0.82688E+01  0.00000E+00 -0.24955E+01 -0.43768E+02  0.00000E+00 -0.44209E+02  0.00000E+00  0.00000E+00  0.17992E+02  0.82688E+01  0.00000E+00     57  0.00000E+00      0.000
      60.0000 -0.14700E+00  0.00000E+00 -0.14700E+00  0.00000E+00 -0.14389E+00 -0.88200E+01  0.00000E+00 -0.88200E+01  0.00000E+00 -0.30351E+01 -0.43752E+02  0.00000E+00 -0.43960E+02  0.00000E+00  0.00000E+00  0.18004E+02  0.88200E+01  0.00000E+00     58  0.00000E+00      0.000
      65.0000 -0.14700E+00  0.00000E+00 -0.14700E+00  0.00000E+00 -0.14491E+00 -0.95550E+01  0.00000E+00 -0.95550E+01  0.00000E+00 -0.37597E+01 -0.43841E+02  0.00000E+00 -0.43830E+02  0.00000E+00  0.00000E+00  0.18015E+02  0.95550E+01  0.00000E+00     59  0.00000E+00      0.000
      70.0000 -0.14700E+00  0.00000E+00 -0.14700E+00  0.00000E+00 -0.14751E+00 -0.10290E+02  0.00000E+00 -0.10290E+02  0.00000E+00 -0.44973E+01 -0.43730E+02  0.00000E+00 -0.43799E+02  0.00000E+00  0.00000E+00  0.18012E+02  0.10290E+02  0.00000E+00     60  0.00000E+00      0.000
      75.0000 -0.14700E+00  0.00000E+00 -0.14700E+00  0.00000E+00 -0.14771E+00 -0.11025E+02  0.00000E+00 -0.11025E+02  0.00000E+00 -0.52358E+01 -0.43739E+02  0.00000E+00 -0.43793E+02  0.00000E+00  0.00000E+00  0.18008E+02  0.11025E+02  0.00000E+00     61  0.00000E+00      0.000
      80.0000 -0.14700E+00  0.00000E+00 -0.14700E+00  0.00000E+00 -0.14605E+00 -0.11760E+02  0.00000E+00 -0.11760E+02  0.00000E+00 -0.59661E+01 -0.43812E+02  0.00000E+00 -0.43823E+02  0.00000E+00  0.00000E+00  0.18013E+02  0.11760E+02  0.00000E+00     62  0.00000E+00      0.000
      85.0000 -0.14700E+00  0.00000E+00 -0.14700E+00  0.00000E+00 -0.14742E+00 -0.12495E+02  0.00000E+00 -0.12495E+02  0.00000E+00 -0.67032E+01 -0.43821E+02  0.00000E+00 -0.43842E+02  0.00000E+00  0.00000E+00  0.18011E+02  0.12495E+02  0.00000E+00     63  0.00000E+00      0.000
      90.0000 -0.14700E+00  0.00000E+00 -0.14700E+00  0.00000E+00 -0.14608E+00 -0.13230E+02  0.00000E+00 -0.13230E+02  0.00000E+00 -0.74336E+01 -0.43776E+02  0.00000E+00 -0.43787E+02  0.00000E+00  0.00000E+00  0.18016E+02  0.13230E+02  0.00000E+00     64  0.00000E+00      0.000
      95.0000 -0.14700E+00  0.00000E+00 -0.14700E+00  0.00000E+00 -0.14660E+00 -0.13965E+02  0.00000E+00 -0.13965E+02  0.00000E+00 -0.81666E+01 -0.43802E+02  0.00000E+00 -0.43747E+02  0.00000E+00  0.00000E+00  0.18018E+02  0.13965E+02  0.00000E+00     65  0.00000E+00      0.000
     100.0000 -0.14700E+00  0.00000E+00 -0.14700E+00  0.00000E+00 -0.14806E+00 -0.14700E+02  0.00000E+00 -0.14700E+02  0.00000E+00 -0.89069E+01 -0.43796E+02  0.00000E+00 -0.43769E+02  0.00000E+00  0.00000E+00  0.18012E+02  0.14700E+02  0.00000E+00     66  0.00000E+00      0.000
     100.0010 -0.14700E+00  0.00000E+00 -0.14700E+00  0.00000E+00 -0.14740E+00 -0.14700E+02  0.00000E+00 -0.14700E+02  0.00000E+00 -0.89070E+01 -0.43804E+02  0.00000E+00 -0.43766E+02  0.00000E+00  0.00000E+00  0.18012E+02  0.14700E+02  0.00000E+00     67  0.00000E+00      0.000
     100.0023 -0.14700E+00  0.00000E+00 -0.14700E+00  0.00000E+00 -0.14741E+00 -0.14700E+02  0.00000E+00 -0.14700E+02  0.00000E+00 -0.89072E+01 -0.43801E+02  0.00000E+00 -0.43767E+02  0.00000E+00  0.00000E+00  0.18012E+02  0.14700E+02  0.00000E+00     68  0.00000E+00      0.000
     100.0040 -0.14700E+00  0.00000E+00 -0.14700E+00  0.00000E+00 -0.14740E+00 -0.14701E+02  0.00000E+00 -0.14701E+02  0.00000E+00 -0.89075E+01 -0.43802E+02  0.00000E+00 -0.43766E+02  0.00000E+00  0.00000E+00  0.18012E+02  0.14701E+02  0.00000E+00     69  0.00000E+00      0.000
     100.0062 -0.14700E+00  0.00000E+00 -0.14700E+00  0.00000E+00 -0.14740E+00 -0.14701E+02  0.00000E+00 -0.14701E+02  0.00000E+00 -0.89078E+01 -0.43801E+02  0.00000E+00 -0.43767E+02  0.00000E+00  0.00000E+00  0.18012E+02  0.14701E+02  0.00000E+00     70  0.00000E+00      0.000
     100.0090 -0.14700E+00  0.00000E+00 -0.14700E+00  0.00000E+00 -0.14740E+00 -0.14701E+02  0.00000E+00 -0.14701E+02  0.00000E+00 -0.89082E+01 -0.43800E+02  0.00000E+00 -0.43767E+02  0.00000E+00  0.00000E+00  0.18012E+02  0.14701E+02  0.00000E+00     71  0.00000E+00      0.000
     100.0128 -0.14700E+00  0.00000E+00 -0.14700E+00  0.00000E+00 -0.14740E+00 -0.14702E+02  0.00000E+00 -0.14702E+02  0.00000E+00 -0.89088E+01 -0.43799E+02  0.00000E+00 -0.43767E+02  0.00000E+00  0.00000E+00  0.18012E+02  0.14702E+02  0.00000E+00     72  0.00000E+00      0.000
     100.0176 -0.14700E+00  0.00000E+00 -0.14700E+00  0.00000E+00 -0.14740E+00 -0.14703E+02  0.00000E+00 -0.14703E+02  0.00000E+00 -0.89095E+01 -0.43799E+02  0.00000E+00 -0.43767E+02  0.00000E+00  0.00000E+00  0.18012E+02  0.14703E+02  0.00000E+00     73  0.00000E+00      0.000
     100.0239 -0.14700E+00  0.00000E+00 -0.14700E+00  0.00000E+00 -0.14740E+00 -0.14704E+02  0.00000E+00 -0.14704E+02  0.00000E+00 -0.89104E+01 -0.43798E+02  0.00000E+00 -0.43767E+02  0.00000E+00  0.00000E+00  0.18012E+02  0.14704E+02  0.00000E+00     74  0.00000E+00      0.000
     100.0320 -0.14700E+00  0.00000E+00 -0.14700E+00  0.00000E+00 -0.14740E+00 -0.14705E+02  0.00000E+00 -0.14705E+02  0.00000E+00 -0.89116E+01 -0.43797E+02  0.00000E+00 -0.43767E+02  0.00000E+00  0.00000E+00  0.18012E+02  0.14705E+02  0.00000E+00     75  0.00000E+00      0.000
     100.0426 -0.14700E+00  0.00000E+00 -0.14700E+00  0.00000E+00 -0.14740E+00 -0.14706E+02  0.00000E+00 -0.14706E+02  0.00000E+00 -0.89132E+01 -0.43796E+02  0.00000E+00 -0.43767E+02  0.00000E+00  0.00000E+00  0.18012E+02  0.14706E+02  0.00000E+00     76  0.00000E+00      0.000
     100.0564 -0.14700E+00  0.00000E+00 -0.14700E+00  0.00000E+00 -0.14740E+00 -0.14708E+02  0.00000E+00 -0.14708E+02  0.00000E+00 -0.89152E+01 -0.43796E+02  0.00000E+00 -0.43767E+02  0.00000E+00  0.00000E+00  0.18012E+02  0.14708E+02  0.00000E+00     77  0.00000E+00      0.000
     100.0743 -0.14700E+00  0.00000E+00 -0.14700E+00  0.00000E+00 -0.14740E+00 -0.14711E+02  0.00000E+00 -0.14711E+02  0.00000E+00 -0.89178E+01 -0.43795E+02  0.00000E+00 -0.43767E+02  0.00000E+00  0.00000E+00  0.18012E+02  0.14711E+02  0.00000E+00     78  0.00000E+00      0.000
     100.0976 -0.14700E+00  0.00000E+00 -0.14700E+00  0.00000E+00 -0.14739E+00 -0.14714E+02  0.00000E+00 -0.14714E+02  0.00000E+00 -0.89213E+01 -0.43794E+02  0.00000E+00 -0.43767E+02  0.00000E+00  0.00000E+00  0.18012E+02  0.14714E+02  0.00000E+00     79  0.00000E+00      0.000
     100.1279 -0.14700E+00  0.00000E+00 -0.14700E+00  0.00000E+00 -0.14739E+00 -0.14719E+02  0.00000E+00 -0.14719E+02  0.00000E+00 -0.89257E+01 -0.43793E+02  0.00000E+00 -0.43767E+02  0.00000E+00  0.00000E+00  0.18012E+02  0.14719E+02  0.00000E+00     80  0.00000E+00      0.000
     100.1673 -0.14700E+00  0.00000E+00 -0.14700E+00  0.00000E+00 -0.14739E+00 -0.14725E+02  0.00000E+00 -0.14725E+02  0.00000E+00 -0.89315E+01 -0.43793E+02  0.00000E+00 -0.43767E+02  0.00000E+00  0.00000E+00  0.18012E+02  0.14725E+02  0.00000E+00     81  0.00000E+00      0.000
     100.2185 -0.14700E+00  0.00000E+00 -0.14700E+00  0.00000E+00 -0.14738E+00 -0.14732E+02  0.00000E+00 -0.14732E+02  0.00000E+00 -0.89391E+01 -0.43792E+02  0.00000E+00 -0.43768E+02  0.00000E+00  0.00000E+00  0.18012E+02  0.14732E+02  0.00000E+00     82  0.00000E+00      0.000
     100.2850 -0.14700E+00  0.00000E+00 -0.14700E+00  0.00000E+00 -0.14738E+00 -0.14742E+02  0.00000E+00 -0.14742E+02  0.00000E+00 -0.89489E+01 -0.43791E+02  0.00000E+00 -0.43768E+02  0.00000E+00  0.00000E+00  0.18012E+02  0.14742E+02  0.00000E+00     83  0.00000E+00      0.000
     100.3715 -0.14700E+00  0.00000E+00 -0.14700E+00  0.00000E+00 -0.14737E+00 -0.14755E+02  0.00000E+00 -0.14755E+02  0.00000E+00 -0.89616E+01 -0.43791E+02  0.00000E+00 -0.43769E+02  0.00000E+00  0.00000E+00  0.18012E+02  0.14755E+02  0.00000E+00     84  0.00000E+00      0.000
     100.4840 -0.14700E+00  0.00000E+00 -0.14700E+00  0.00000E+00 -0.14735E+00 -0.14771E+02  0.00000E+00 -0.14771E+02  0.00000E+00 -0.89782E+01 -0.43791E+02  0.00000E+00 -0.43770E+02  0.00000E+00  0.00000E+00  0.18012E+02  0.14771E+02  0.00000E+00     85  0.00000E+00      0.000
     100.6302 -0.14700E+00  0.00000E+00 -0.14700E+00  0.00000E+00 -0.14733E+00 -0.14793E+02  0.00000E+00 -0.14793E+02  0.00000E+00 -0.89997E+01 -0.43791E+02  0.00000E+00 -0.43771E+02  0.00000E+00  0.00000E+00  0.18012E+02  0.14793E+02  0.00000E+00     86  0.00000E+00      0.000
     100.8202 -0.14700E+00  0.00000E+00 -0.14700E+00  0.00000E+00 -0.14731E+00 -0.14821E+02  0.00000E+00 -0.14821E+02  0.00000E+00 -0.90277E+01 -0.43791E+02  0.00000E+00 -0.43773E+02  0.00000E+00  0.00000E+00  0.18012E+02  0.14821E+02  0.00000E+00     87  0.00000E+00      0.000
     101.0673 -0.14700E+00  0.00000E+00 -0.14700E+00  0.00000E+00 -0.14727E+00 -0.14857E+02  0.00000E+00 -0.14857E+02  0.00000E+00 -0.90641E+01 -0.43791E+02  0.00000E+00 -0.43776E+02  0.00000E+00  0.00000E+00  0.18012E+02  0.14857E+02  0.00000E+00     88  0.00000E+00      0.000
     101.3885 -0.14700E+00  0.00000E+00 -0.14700E+00  0.00000E+00 -0.14722E+00 -0.14904E+02  0.00000E+00 -0.14904E+02  0.00000E+00 -0.91114E+01 -0.43791E+02  0.00000E+00 -0.43779E+02  0.00000E+00  0.00000E+00  0.18012E+02  0.14904E+02  0.00000E+00     89  0.00000E+00      0.000
     101.8060 -0.14700E+00  0.00000E+00 -0.14700E+00  0.00000E+00 -0.14717E+00 -0.14965E+02  0.00000E+00 -0.14965E+02  0.00000E+00 -0.91729E+01 -0.43792E+02  0.00000E+00 -0.43783E+02  0.00000E+00  0.00000E+00  0.18012E+02  0.14965E+02  0.00000E+00     90  0.00000E+00      0.000
     102.3488 -0.14700E+00  0.00000E+00 -0.14700E+00  0.00000E+00 -0.14710E+00 -0.15045E+02  0.00000E+00 -0.15045E+02  0.00000E+00 -0.92527E+01 -0.43792E+02  0.00000E+00 -0.43788E+02  0.00000E+00  0.00000E+00  0.18012E+02  0.15045E+02  0.00000E+00     91  0.00000E+00      0.000
     103.0544 -0.14700E+00  0.00000E+00 -0.14700E+00  0.00000E+00 -0.14704E+00 -0.15149E+02  0.00000E+00 -0.15149E+02  0.00000E+00 -0.93565E+01 -0.43793E+02  0.00000E+00 -0.43792E+02  0.00000E+00  0.00000E+00  0.18012E+02  0.15149E+02  0.00000E+00     92  0.00000E+00      0.000
     103.9718 -0.14700E+00  0.00000E+00 -0.14700E+00  0.00000E+00 -0.14698E+00 -0.15284E+02  0.00000E+00 -0.15284E+02  0.00000E+00 -0.94913E+01 -0.43793E+02  0.00000E+00 -0.43796E+02  0.00000E+00  0.00000E+00  0.18012E+02  0.15284E+02  0.00000E+00     93  0.00000E+00      0.000
     105.1643 -0.14700E+00  0.00000E+00 -0.14700E+00  0.00000E+00 -0.14696E+00 -0.15459E+02  0.00000E+00 -0.15459E+02  0.00000E+00 -0.96665E+01 -0.43794E+02  0.00000E+00 -0.43798E+02  0.00000E+00  0.00000E+00  0.18012E+02  0.15459E+02  0.00000E+00     94  0.00000E+00      0.000
     106.7146 -0.14700E+00  0.00000E+00 -0.14700E+00  0.00000E+00 -0.14696E+00 -0.15687E+02  0.00000E+00 -0.15687E+02  0.00000E+00 -0.98944E+01 -0.43794E+02  0.00000E+00 -0.43798E+02  0.00000E+00  0.00000E+00  0.18012E+02  0.15687E+02  0.00000E+00     95  0.00000E+00      0.000
     108.7300 -0.14700E+00  0.00000E+00 -0.14700E+00  0.00000E+00 -0.14697E+00 -0.15983E+02  0.00000E+00 -0.15983E+02  0.00000E+00 -0.10191E+02 -0.43795E+02  0.00000E+00 -0.43798E+02  0.00000E+00  0.00000E+00  0.18012E+02  0.15983E+02  0.00000E+00     96  0.00000E+00      0.000
     111.3500 -0.14700E+00  0.00000E+00 -0.14700E+00  0.00000E+00 -0.14699E+00 -0.16368E+02  0.00000E+00 -0.16368E+02  0.00000E+00 -0.10576E+02 -0.43795E+02  0.00000E+00 -0.43797E+02  0.00000E+00  0.00000E+00  0.18012E+02  0.16368E+02  0.00000E+00     97  0.00000E+00      0.000
     114.7560 -0.14700E+00  0.00000E+00 -0.14700E+00  0.00000E+00 -0.14700E+00 -0.16869E+02  0.00000E+00 -0.16869E+02  0.00000E+00 -0.11076E+02 -0.43795E+02  0.00000E+00 -0.43796E+02  0.00000E+00  0.00000E+00  0.18012E+02  0.16869E+02  0.00000E+00     98  0.00000E+00      0.000
     119.1837 -0.14700E+00  0.00000E+00 -0.14700E+00  0.00000E+00 -0.14700E+00 -0.17520E+02  0.00000E+00 -0.17520E+02  0.00000E+00 -0.11727E+02 -0.43795E+02  0.00000E+00 -0.43795E+02  0.00000E+00  0.00000E+00  0.18012E+02  0.17520E+02  0.00000E+00     99  0.00000E+00      0.000
     124.1837 -0.14700E+00  0.00000E+00 -0.14700E+00  0.00000E+00 -0.14700E+00 -0.18255E+02  0.00000E+00 -0.18255E+02  0.00000E+00 -0.12462E+02 -0.43795E+02  0.00000E+00 -0.43795E+02  0.00000E+00  0.00000E+00  0.18012E+02  0.18255E+02  0.00000E+00    100  0.00000E+00      0.000
     129.1837 -0.14700E+00  0.00000E+00 -0.14700E+00  0.00000E+00 -0.14700E+00 -0.18990E+02  0.00000E+00 -0.18990E+02  0.00000E+00 -0.13197E+02 -0.43795E+02  0.00000E+00 -0.43795E+02  0.00000E+00  0.00000E+00  0.18012E+02  0.18990E+02  0.00000E+00    101  0.00000E+00      0.000
     134.1837 -0.14700E+00  0.00000E+00 -0.14700E+00  0.00000E+00 -0.14700E+00 -0.19725E+02  0.00000E+00 -0.19725E+02  0.00000E+00 -0.13932E+02 -0.43795E+02  0.00000E+00 -0.43795E+02  0.00000E+00  0.00000E+00  0.18012E+02  0.19725E+02  0.00000E+00    102  0.00000E+00      0.000
     139.1837 -0.14700E+00  0.00000E+00 -0.14700E+00  0.00000E+00 -0.14700E+00 -0.20460E+02  0.00000E+00 -0.20460E+02  0.00000E+00 -0.14667E+02 -0.43795E+02  0.00000E+00 -0.43795E+02  0.00000E+00  0.00000E+00  0.18012E+02  0.20460E+02  0.00000E+00    103  0.00000E+00      0.000
     144.1837 -0.14700E+00  0.00000E+00 -0.14700E+00  0.00000E+00 -0.14700E+00 -0.21195E+02  0.00000E+00 -0.21195E+02  0.00000E+00 -0.15402E+02 -0.43795E+02  0.00000E+00 -0.43795E+02  0.00000E+00  0.00000E+00  0.18012E+02  0.21195E+02  0.00000E+00    104  0.00000E+00      0.000
     149.1837 -0.14700E+00  0.00000E+00 -0.14700E+00  0.00000E+00 -0.14700E+00 -0.21930E+02  0.00000E+00 -0.21930E+02  0.00000E+00 -0.16137E+02 -0.43795E+02  0.00000E+00 -0.43795E+02  0.00000E+00  0.00000E+00  0.18012E+02  0.21930E+02  0.00000E+00    105  0.00000E+00      0.000
     154.1837 -0.14700E+00  0.00000E+00 -0.14700E+00  0.00000E+00 -0.14700E+00 -0.22665E+02  0.00000E+00 -0.22665E+02  0.00000E+00 -0.16872E+02 -0.43795E+02  0.00000E+00 -0.43795E+02  0.00000E+00  0.00000E+00  0.18012E+02  0.22665E+02  0.00000E+00    106  0.00000E+00      0.000
     159.1837 -0.14700E+00  0.00000E+00 -0.14700E+00  0.00000E+00 -0.14700E+00 -0.23400E+02  0.00000E+00 -0.23400E+02  0.00000E+00 -0.17607E+02 -0.43795E+02  0.00000E+00 -0.43795E+02  0.00000E+00  0.00000E+00  0.18012E+02  0.23400E+02  0.00000E+00    107  0.00000E+00      0.000
     164.1837 -0.14700E+00  0.00000E+00 -0.14700E+00  0.00000E+00 -0.14700E+00 -0.24135E+02  0.00000E+00 -0.24135E+02  0.00000E+00 -0.18342E+02 -0.43795E+02  0.00000E+00 -0.43795E+02  0.00000E+00  0.00000E+00  0.18012E+02  0.24135E+02  0.00000E+00    108  0.00000E+00      0.000
     169.1837 -0.14700E+00  0.00000E+00 -0.14700E+00  0.00000E+00 -0.14701E+00 -0.24870E+02  0.00000E+00 -0.24870E+02  0.00000E+00 -0.19077E+02 -0.43795E+02  0.00000E+00 -0.43795E+02  0.00000E+00  0.00000E+00  0.18012E+02  0.24870E+02  0.00000E+00    109  0.00000E+00      0.000
     174.1837 -0.14700E+00  0.00000E+00 -0.14700E+00  0.00000E+00 -0.14699E+00 -0.25605E+02  0.00000E+00 -0.25605E+02  0.00000E+00 -0.19812E+02 -0.43795E+02  0.00000E+00 -0.43795E+02  0.00000E+00  0.00000E+00  0.18012E+02  0.25605E+02  0.00000E+00    110  0.00000E+00      0.000
     179.1837 -0.14700E+00  0.00000E+00 -0.14700E+00  0.00000E+00 -0.14701E+00 -0.26340E+02  0.00000E+00 -0.26340E+02  0.00000E+00 -0.20547E+02 -0.43795E+02  0.00000E+00 -0.43795E+02  0.00000E+00  0.00000E+00  0.18012E+02  0.26340E+02  0.00000E+00    111  0.00000E+00      0.000
     184.1837 -0.14700E+00  0.00000E+00 -0.14700E+00  0.00000E+00 -0.14699E+00 -0.27075E+02  0.00000E+00 -0.27075E+02  0.00000E+00 -0.21282E+02 -0.43796E+02  0.00000E+00 -0.43796E+02  0.00000E+00  0.00000E+00  0.18012E+02  0.27075E+02  0.00000E+00    112  0.00000E+00      0.000
     189.1837 -0.14700E+00  0.00000E+00 -0.14700E+00  0.00000E+00 -0.14702E+00 -0.27810E+02  0.00000E+00 -0.27810E+02  0.00000E+00 -0.22017E+02 -0.43794E+02  0.00000E+00 -0.43794E+02  0.00000E+00  0.00000E+00  0.18012E+02  0.27810E+02  0.00000E+00    113  0.00000E+00      0.000
     194.1837 -0.14700E+00  0.00000E+00 -0.14700E+00  0.00000E+00 -0.14698E+00 -0.28545E+02  0.00000E+00 -0.28545E+02  0.00000E+00 -0.22752E+02 -0.43796E+02  0.00000E+00 -0.43796E+02  0.00000E+00  0.00000E+00  0.18012E+02  0.28545E+02  0.00000E+00    114  0.00000E+00      0.000
     197.0919 -0.14700E+00  0.00000E+00 -0.14700E+00  0.00000E+00 -0.14700E+00 -0.28973E+02  0.00000E+00 -0.28973E+02  0.00000E+00 -0.23180E+02 -0.43794E+02  0.00000E+00 -0.43794E+02  0.00000E+00  0.00000E+00  0.18012E+02  0.28973E+02  0.00000E+00    115  0.00000E+00      0.000
     200.0000 -0.14700E+00  0.00000E+00 -0.14700E+00  0.00000E+00 -0.14701E+00 -0.29400E+02  0.00000E+00 -0.29400E+02  0.00000E+00 -0.23607E+02 -0.43796E+02  0.00000E+00 -0.43795E+02  0.00000E+00  0.00000E+00  0.18012E+02  0.29400E+02  0.00000E+00    116  0.00000E+00      0.000
end
